2025-3-12 13:19:44-log: Cannot access game frame or container.
2025-3-12 13:19:45-debug: asset-db:require-engine-code (1345ms)
2025-3-12 13:19:46-log: meshopt wasm decoder initialized
2025-3-12 13:19:46-log: [box2d]:box2d wasm lib loaded.
2025-3-12 13:19:46-log: [bullet]:bullet wasm lib loaded.
2025-3-12 13:19:46-log: Cocos Creator v3.8.5
2025-3-12 13:19:46-log: Using legacy pipeline
2025-3-12 13:19:46-debug: [Assets Memory track]: asset-db-plugin-register: programming start:79.74MB, end 80.81MB, increase: 1.06MB
2025-3-12 13:19:49-debug: [Assets Memory track]: asset-db-plugin-register: project start:79.61MB, end 167.16MB, increase: 87.55MB
2025-3-12 13:19:46-debug: [Assets Memory track]: asset-db:worker-init: initEngine start:29.62MB, end 78.89MB, increase: 49.27MB
2025-3-12 13:19:46-log: Forward render pipeline initialized.
2025-3-12 13:19:49-debug: [Assets Memory track]: asset-db:worker-init: initPlugin start:78.91MB, end 167.19MB, increase: 88.27MB
2025-3-12 13:19:49-debug: [Assets Memory track]: asset-db-plugin-register: builder start:80.83MB, end 170.16MB, increase: 89.33MB
2025-3-12 13:19:49-debug: asset-db:worker-init: initPlugin (3588ms)
2025-3-12 13:19:49-debug: [Assets Memory track]: asset-db:worker-init start:29.61MB, end 167.30MB, increase: 137.69MB
2025-3-12 13:19:49-debug: Run asset db hook engine-extends:beforePreStart success!
2025-3-12 13:19:49-debug: Run asset db hook programming:beforePreStart success!
2025-3-12 13:19:49-debug: Run asset db hook programming:beforePreStart ...
2025-3-12 13:19:49-debug: Run asset db hook engine-extends:beforePreStart ...
2025-3-12 13:19:49-debug: asset-db:worker-init (5076ms)
2025-3-12 13:19:49-debug: asset-db-hook-programming-beforePreStart (60ms)
2025-3-12 13:19:49-debug: asset-db-hook-engine-extends-beforePreStart (60ms)
2025-3-12 13:19:49-debug: Preimport db internal success
2025-3-12 13:19:49-debug: Preimport db assets success
2025-3-12 13:19:49-debug: Run asset db hook programming:afterPreStart ...
2025-3-12 13:19:49-debug: starting packer-driver...
2025-3-12 13:19:49-debug: initialize scripting environment...
2025-3-12 13:19:49-debug: [[Executor]] prepare before lock
2025-3-12 13:19:49-debug: Set detail map pack:///resolution-detail-map.json: {}
2025-3-12 13:19:49-debug: [[Executor]] prepare after unlock
2025-3-12 13:19:49-debug: [Assets Memory track]: asset-db:worker-init: preStart start:167.31MB, end 170.19MB, increase: 2.88MB
2025-3-12 13:19:49-debug: Start up the 'internal' database...
2025-3-12 13:19:49-debug: Run asset db hook engine-extends:afterPreStart success!
2025-3-12 13:19:49-debug: Run asset db hook programming:afterPreStart success!
2025-3-12 13:19:49-debug: Run asset db hook engine-extends:afterPreStart ...
2025-3-12 13:19:50-debug: asset-db-hook-programming-afterPreStart (355ms)
2025-3-12 13:19:50-debug: asset-db:worker-effect-data-processing (199ms)
2025-3-12 13:19:50-debug: asset-db-hook-engine-extends-afterPreStart (199ms)
2025-3-12 13:19:50-debug: [Assets Memory track]: asset-db:worker-startup-database[internal] start:167.39MB, end 183.54MB, increase: 16.15MB
2025-3-12 13:19:50-debug: Start up the 'assets' database...
2025-3-12 13:19:50-debug: asset-db:worker-startup-database[internal] (499ms)
2025-3-12 13:19:50-debug: [Assets Memory track]: asset-db:worker-startup-database[assets] start:169.97MB, end 185.01MB, increase: 15.04MB
2025-3-12 13:19:50-debug: lazy register asset handler text
2025-3-12 13:19:50-debug: lazy register asset handler json
2025-3-12 13:19:50-debug: lazy register asset handler spine-data
2025-3-12 13:19:50-debug: lazy register asset handler dragonbones
2025-3-12 13:19:50-debug: lazy register asset handler dragonbones-atlas
2025-3-12 13:19:50-debug: lazy register asset handler javascript
2025-3-12 13:19:50-debug: lazy register asset handler terrain
2025-3-12 13:19:50-debug: lazy register asset handler typescript
2025-3-12 13:19:50-debug: lazy register asset handler scene
2025-3-12 13:19:50-debug: lazy register asset handler prefab
2025-3-12 13:19:50-debug: [Assets Memory track]: asset-db:worker-init: startup start:170.20MB, end 185.02MB, increase: 14.82MB
2025-3-12 13:19:50-debug: lazy register asset handler tiled-map
2025-3-12 13:19:50-debug: lazy register asset handler buffer
2025-3-12 13:19:50-debug: lazy register asset handler image
2025-3-12 13:19:50-debug: lazy register asset handler sign-image
2025-3-12 13:19:50-debug: lazy register asset handler alpha-image
2025-3-12 13:19:50-debug: lazy register asset handler texture
2025-3-12 13:19:50-debug: lazy register asset handler texture-cube
2025-3-12 13:19:50-debug: lazy register asset handler erp-texture-cube
2025-3-12 13:19:50-debug: lazy register asset handler render-texture
2025-3-12 13:19:50-debug: lazy register asset handler texture-cube-face
2025-3-12 13:19:50-debug: lazy register asset handler sprite-frame
2025-3-12 13:19:50-debug: lazy register asset handler gltf
2025-3-12 13:19:50-debug: lazy register asset handler gltf-mesh
2025-3-12 13:19:50-debug: lazy register asset handler gltf-animation
2025-3-12 13:19:50-debug: lazy register asset handler rt-sprite-frame
2025-3-12 13:19:50-debug: lazy register asset handler gltf-material
2025-3-12 13:19:50-debug: lazy register asset handler gltf-scene
2025-3-12 13:19:50-debug: lazy register asset handler gltf-embeded-image
2025-3-12 13:19:50-debug: lazy register asset handler fbx
2025-3-12 13:19:50-debug: lazy register asset handler material
2025-3-12 13:19:50-debug: lazy register asset handler gltf-skeleton
2025-3-12 13:19:50-debug: lazy register asset handler effect
2025-3-12 13:19:50-debug: lazy register asset handler effect-header
2025-3-12 13:19:50-debug: lazy register asset handler audio-clip
2025-3-12 13:19:50-debug: lazy register asset handler *
2025-3-12 13:19:50-debug: lazy register asset handler animation-graph
2025-3-12 13:19:50-debug: lazy register asset handler animation-graph-variant
2025-3-12 13:19:50-debug: lazy register asset handler animation-clip
2025-3-12 13:19:50-debug: lazy register asset handler physics-material
2025-3-12 13:19:50-debug: lazy register asset handler bitmap-font
2025-3-12 13:19:50-debug: lazy register asset handler particle
2025-3-12 13:19:50-debug: lazy register asset handler sprite-atlas
2025-3-12 13:19:50-debug: lazy register asset handler auto-atlas
2025-3-12 13:19:50-debug: lazy register asset handler label-atlas
2025-3-12 13:19:50-debug: lazy register asset handler render-pipeline
2025-3-12 13:19:50-debug: lazy register asset handler render-stage
2025-3-12 13:19:50-debug: lazy register asset handler directory
2025-3-12 13:19:50-debug: lazy register asset handler instantiation-material
2025-3-12 13:19:50-debug: lazy register asset handler instantiation-mesh
2025-3-12 13:19:50-debug: lazy register asset handler instantiation-skeleton
2025-3-12 13:19:50-debug: lazy register asset handler instantiation-animation
2025-3-12 13:19:50-debug: lazy register asset handler ttf-font
2025-3-12 13:19:50-debug: lazy register asset handler animation-mask
2025-3-12 13:19:50-debug: lazy register asset handler video-clip
2025-3-12 13:19:50-debug: lazy register asset handler render-flow
2025-3-12 13:19:50-debug: asset-db:worker-startup-database[assets] (447ms)
2025-3-12 13:19:50-debug: asset-db:start-database (533ms)
2025-3-12 13:19:50-debug: asset-db:ready (8117ms)
2025-3-12 13:19:50-debug: init worker message success
2025-3-12 13:19:50-debug: programming:execute-script (1ms)
2025-3-12 13:19:50-debug: [Build Memory track]: builder:worker-init start:182.99MB, end 195.32MB, increase: 12.33MB
2025-3-12 13:19:50-debug: builder:worker-init (289ms)
2025-3-12 13:19:51-debug: Query all assets info in project
2025-3-12 13:19:51-debug: init custom config: keepNodeUuid: false, useCache: true
2025-3-12 13:19:51-debug: 查询 Asset Bundle start, progress: 0%
2025-3-12 13:19:51-debug: // ---- build task 查询 Asset Bundle ----
2025-3-12 13:19:51-debug: Query preload assets/scripts from cc.config.json: 60f7195c-ec2a-45eb-ba94-8955f60e81d0,1c02ae6f-4492-4915-b8f8-7492a3b1e4cd,810e96e4-e456-4468-9b59-f4e8f39732c0,efe8e2a3-eace-427b-b4f1-cb8a937ec77d,e9aa9a3e-5b2b-4ac7-a2c7-073de2b2b24f,8bbdbcdd-5cd4-4100-b6d5-b7c9625b6107,50f4348b-c883-4e2f-8f11-ce233b859fa1,fda095cb-831d-4601-ad94-846013963de8,f92806d7-1768-443f-afe8-12bcde84d0f0,dd3a144d-ab7f-41f0-82b8-2e43a090d496,f0416e68-0200-4b77-a926-4f9d16e494da,970b0598-bcb0-4714-91fb-2e81440dccd8,bcd64cc6-2dd9-43f6-abbe-66318d332032,d930590d-bb92-4cc8-8bd1-23cd027f9edf,a3cd009f-0ab0-420d-9278-b9fdab939bbc,6a2d0734-bd9e-4ddf-946e-caa52498cb75,c27215d8-6835-4b68-bfbb-bdeac6100c04,b5d6115f-0370-4d7c-aad3-c194cc71cf98,871c3b6c-7379-419d-bda3-794b239ab90d,ff9b0199-ce04-4cfe-86cc-6c719f08d6e4,de1c2107-70c8-4021-8459-6399f24d01c6,cbf30902-517f-40dc-af90-a550bac27cf1
2025-3-12 13:19:51-debug:   Number of all scenes: 3
2025-3-12 13:19:51-debug:   Number of other assets: 498
2025-3-12 13:19:51-debug:   Number of all scripts: 7
2025-3-12 13:19:51-debug: // ---- build task 查询 Asset Bundle ---- (5ms)
2025-3-12 13:19:51-debug: [Build Memory track]: 查询 Asset Bundle start:196.67MB, end 197.36MB, increase: 709.84KB
2025-3-12 13:19:51-debug: run build task 查询 Asset Bundle success in 5 ms√, progress: 5%
2025-3-12 13:19:51-debug: 查询 Asset Bundle start, progress: 5%
2025-3-12 13:19:51-debug: // ---- build task 查询 Asset Bundle ----
2025-3-12 13:19:51-debug: // ---- build task 查询 Asset Bundle ---- (2ms)
2025-3-12 13:19:51-debug: run build task 查询 Asset Bundle success in 2 ms√, progress: 10%
2025-3-12 13:19:51-debug: [Build Memory track]: 查询 Asset Bundle start:197.39MB, end 197.51MB, increase: 125.44KB
2025-3-12 13:19:51-debug: 整理部分构建选项内数据到 settings.json start, progress: 10%
2025-3-12 13:19:51-debug: // ---- build task 整理部分构建选项内数据到 settings.json ----
2025-3-12 13:19:51-debug: [Build Memory track]: 整理部分构建选项内数据到 settings.json start:197.55MB, end 197.57MB, increase: 18.83KB
2025-3-12 13:19:51-debug: run build task 整理部分构建选项内数据到 settings.json success in √, progress: 12%
2025-3-12 13:19:51-debug: 填充脚本数据到 settings.json start, progress: 12%
2025-3-12 13:19:51-debug: // ---- build task 填充脚本数据到 settings.json ----
2025-3-12 13:19:51-debug: run build task 填充脚本数据到 settings.json success in √, progress: 13%
2025-3-12 13:19:51-debug: [Build Memory track]: 填充脚本数据到 settings.json start:197.60MB, end 197.62MB, increase: 18.05KB
2025-3-12 13:19:51-debug: 整理部分构建选项内数据到 settings.json start, progress: 13%
2025-3-12 13:19:51-debug: // ---- build task 整理部分构建选项内数据到 settings.json ----
2025-3-12 13:19:51-debug: // ---- build task 整理部分构建选项内数据到 settings.json ---- (7ms)
2025-3-12 13:19:51-debug: run build task 整理部分构建选项内数据到 settings.json success in 7 ms√, progress: 15%
2025-3-12 13:19:51-debug: [Build Memory track]: 整理部分构建选项内数据到 settings.json start:197.65MB, end 197.79MB, increase: 145.28KB
