2025-3-17 12:59:21-debug: start **** info
2025-3-17 12:59:21-log: Cannot access game frame or container.
2025-3-17 12:59:22-debug: asset-db:require-engine-code (611ms)
2025-3-17 12:59:22-log: meshopt wasm decoder initialized
2025-3-17 12:59:22-log: [box2d]:box2d wasm lib loaded.
2025-3-17 12:59:22-log: [bullet]:bullet wasm lib loaded.
2025-3-17 12:59:22-log: Cocos Creator v3.8.5
2025-3-17 12:59:22-log: Using legacy pipeline
2025-3-17 12:59:25-debug: [Assets Memory track]: asset-db-plugin-register: builder start:87.97MB, end 166.91MB, increase: 78.94MB
2025-3-17 12:59:22-log: Forward render pipeline initialized.
2025-3-17 12:59:25-debug: [Assets Memory track]: asset-db-plugin-register: project start:80.20MB, end 170.09MB, increase: 89.89MB
2025-3-17 12:59:25-debug: [Assets Memory track]: asset-db:worker-init: initPlugin start:79.51MB, end 170.11MB, increase: 90.60MB
2025-3-17 12:59:25-debug: [Assets Memory track]: asset-db-plugin-register: engine-extends start:167.12MB, end 170.02MB, increase: 2.90MB
2025-3-17 12:59:22-debug: [Assets Memory track]: asset-db-plugin-register: programming start:80.27MB, end 87.94MB, increase: 7.67MB
2025-3-17 12:59:22-debug: [Assets Memory track]: asset-db:worker-init: initEngine start:29.30MB, end 79.49MB, increase: 50.19MB
2025-3-17 12:59:25-debug: run package(wechatgame) handler(enable) start
2025-3-17 12:59:25-debug: run package(windows) handler(enable) start
2025-3-17 12:59:25-debug: run package(windows) handler(enable) success!
2025-3-17 12:59:25-debug: run package(xiaomi-quick-game) handler(enable) start
2025-3-17 12:59:25-debug: run package(xiaomi-quick-game) handler(enable) success!
2025-3-17 12:59:25-debug: run package(cocos-service) handler(enable) start
2025-3-17 12:59:25-debug: run package(cocos-service) handler(enable) success!
2025-3-17 12:59:25-debug: run package(im-plugin) handler(enable) start
2025-3-17 12:59:25-debug: run package(im-plugin) handler(enable) success!
2025-3-17 12:59:25-debug: run package(wechatgame) handler(enable) success!
2025-3-17 12:59:25-debug: run package(wechatprogram) handler(enable) success!
2025-3-17 12:59:25-debug: run package(placeholder) handler(enable) start
2025-3-17 12:59:25-debug: run package(wechatprogram) handler(enable) start
2025-3-17 12:59:25-debug: run package(placeholder) handler(enable) success!
2025-3-17 12:59:25-debug: asset-db:worker-init: initPlugin (3253ms)
2025-3-17 12:59:25-debug: [Assets Memory track]: asset-db:worker-init start:29.29MB, end 170.70MB, increase: 141.41MB
2025-3-17 12:59:25-debug: Run asset db hook engine-extends:beforePreStart success!
2025-3-17 12:59:25-debug: Run asset db hook programming:beforePreStart success!
2025-3-17 12:59:25-debug: Run asset db hook engine-extends:beforePreStart ...
2025-3-17 12:59:25-debug: Run asset db hook programming:beforePreStart ...
2025-3-17 12:59:25-debug: asset-db:worker-init (3981ms)
2025-3-17 12:59:25-debug: asset-db-hook-programming-beforePreStart (58ms)
2025-3-17 12:59:25-debug: asset-db-hook-engine-extends-beforePreStart (58ms)
2025-3-17 12:59:25-debug: Preimport db internal success
2025-3-17 12:59:25-debug: %cImport%c: /Users/mac20211105/Desktop/cocosCreator-demo-learn/AircraftWars/assets/Scripts/Player.tsbackground: #aaff85; color: #000;color: #000;
2025-3-17 12:59:25-debug: Preimport db assets success
2025-3-17 12:59:25-debug: Run asset db hook programming:afterPreStart ...
2025-3-17 12:59:25-debug: starting packer-driver...
2025-3-17 12:59:25-debug: initialize scripting environment...
2025-3-17 12:59:25-debug: [[Executor]] prepare before lock
2025-3-17 12:59:25-debug: Set detail map pack:///resolution-detail-map.json: {}
2025-3-17 12:59:25-debug: [[Executor]] prepare after unlock
2025-3-17 12:59:25-debug: Run asset db hook engine-extends:afterPreStart success!
2025-3-17 12:59:25-debug: Run asset db hook engine-extends:afterPreStart ...
2025-3-17 12:59:25-debug: Start up the 'internal' database...
2025-3-17 12:59:25-debug: Run asset db hook programming:afterPreStart success!
2025-3-17 12:59:25-debug: asset-db-hook-programming-afterPreStart (367ms)
2025-3-17 12:59:25-debug: asset-db:worker-effect-data-processing (194ms)
2025-3-17 12:59:25-debug: asset-db-hook-engine-extends-afterPreStart (194ms)
2025-3-17 12:59:25-debug: [Assets Memory track]: asset-db:worker-startup-database[internal] start:170.80MB, end 183.52MB, increase: 12.72MB
2025-3-17 12:59:25-debug: Start up the 'assets' database...
2025-3-17 12:59:25-debug: asset-db:worker-startup-database[internal] (510ms)
2025-3-17 12:59:25-debug: [Assets Memory track]: asset-db:worker-startup-database[assets] start:167.91MB, end 185.42MB, increase: 17.51MB
2025-3-17 12:59:25-debug: lazy register asset handler text
2025-3-17 12:59:25-debug: lazy register asset handler json
2025-3-17 12:59:25-debug: lazy register asset handler spine-data
2025-3-17 12:59:25-debug: lazy register asset handler dragonbones
2025-3-17 12:59:25-debug: lazy register asset handler dragonbones-atlas
2025-3-17 12:59:25-debug: lazy register asset handler terrain
2025-3-17 12:59:25-debug: lazy register asset handler javascript
2025-3-17 12:59:25-debug: [Assets Memory track]: asset-db:worker-init: startup start:169.03MB, end 185.43MB, increase: 16.40MB
2025-3-17 12:59:25-debug: lazy register asset handler scene
2025-3-17 12:59:25-debug: lazy register asset handler prefab
2025-3-17 12:59:25-debug: lazy register asset handler sprite-frame
2025-3-17 12:59:25-debug: lazy register asset handler tiled-map
2025-3-17 12:59:25-debug: lazy register asset handler buffer
2025-3-17 12:59:25-debug: lazy register asset handler image
2025-3-17 12:59:25-debug: lazy register asset handler sign-image
2025-3-17 12:59:25-debug: lazy register asset handler alpha-image
2025-3-17 12:59:25-debug: lazy register asset handler texture
2025-3-17 12:59:25-debug: lazy register asset handler *
2025-3-17 12:59:25-debug: lazy register asset handler erp-texture-cube
2025-3-17 12:59:25-debug: lazy register asset handler render-texture
2025-3-17 12:59:25-debug: lazy register asset handler texture-cube
2025-3-17 12:59:25-debug: lazy register asset handler rt-sprite-frame
2025-3-17 12:59:25-debug: lazy register asset handler gltf
2025-3-17 12:59:25-debug: lazy register asset handler gltf-mesh
2025-3-17 12:59:25-debug: lazy register asset handler gltf-animation
2025-3-17 12:59:25-debug: lazy register asset handler typescript
2025-3-17 12:59:25-debug: lazy register asset handler texture-cube-face
2025-3-17 12:59:25-debug: lazy register asset handler directory
2025-3-17 12:59:25-debug: lazy register asset handler gltf-embeded-image
2025-3-17 12:59:25-debug: lazy register asset handler fbx
2025-3-17 12:59:25-debug: lazy register asset handler material
2025-3-17 12:59:25-debug: lazy register asset handler physics-material
2025-3-17 12:59:25-debug: lazy register asset handler effect
2025-3-17 12:59:25-debug: lazy register asset handler effect-header
2025-3-17 12:59:25-debug: lazy register asset handler audio-clip
2025-3-17 12:59:25-debug: lazy register asset handler gltf-material
2025-3-17 12:59:25-debug: lazy register asset handler animation-graph
2025-3-17 12:59:25-debug: lazy register asset handler animation-graph-variant
2025-3-17 12:59:25-debug: lazy register asset handler animation-mask
2025-3-17 12:59:25-debug: lazy register asset handler ttf-font
2025-3-17 12:59:25-debug: lazy register asset handler bitmap-font
2025-3-17 12:59:25-debug: lazy register asset handler particle
2025-3-17 12:59:25-debug: lazy register asset handler gltf-skeleton
2025-3-17 12:59:25-debug: lazy register asset handler auto-atlas
2025-3-17 12:59:25-debug: lazy register asset handler label-atlas
2025-3-17 12:59:25-debug: lazy register asset handler render-pipeline
2025-3-17 12:59:25-debug: lazy register asset handler render-stage
2025-3-17 12:59:25-debug: lazy register asset handler render-flow
2025-3-17 12:59:25-debug: lazy register asset handler instantiation-material
2025-3-17 12:59:25-debug: lazy register asset handler instantiation-mesh
2025-3-17 12:59:25-debug: lazy register asset handler instantiation-skeleton
2025-3-17 12:59:25-debug: lazy register asset handler gltf-scene
2025-3-17 12:59:25-debug: lazy register asset handler video-clip
2025-3-17 12:59:25-debug: lazy register asset handler animation-clip
2025-3-17 12:59:25-debug: lazy register asset handler sprite-atlas
2025-3-17 12:59:25-debug: lazy register asset handler instantiation-animation
2025-3-17 12:59:25-debug: asset-db:worker-startup-database[assets] (462ms)
2025-3-17 12:59:25-debug: asset-db:start-database (546ms)
2025-3-17 12:59:25-debug: asset-db:ready (6230ms)
2025-3-17 12:59:26-debug: init worker message success
2025-3-17 12:59:26-debug: programming:execute-script (4ms)
2025-3-17 12:59:26-debug: [Build Memory track]: builder:worker-init start:183.07MB, end 195.13MB, increase: 12.06MB
2025-3-17 12:59:26-debug: builder:worker-init (281ms)
2025-3-17 12:59:43-debug: Query all assets info in project
2025-3-17 12:59:43-debug: init custom config: keepNodeUuid: false, useCache: true
2025-3-17 12:59:43-debug: 查询 Asset Bundle start, progress: 0%
2025-3-17 12:59:43-debug: // ---- build task 查询 Asset Bundle ----
2025-3-17 12:59:43-debug: Query preload assets/scripts from cc.config.json: 60f7195c-ec2a-45eb-ba94-8955f60e81d0,1c02ae6f-4492-4915-b8f8-7492a3b1e4cd,810e96e4-e456-4468-9b59-f4e8f39732c0,efe8e2a3-eace-427b-b4f1-cb8a937ec77d,e9aa9a3e-5b2b-4ac7-a2c7-073de2b2b24f,8bbdbcdd-5cd4-4100-b6d5-b7c9625b6107,50f4348b-c883-4e2f-8f11-ce233b859fa1,fda095cb-831d-4601-ad94-846013963de8,f92806d7-1768-443f-afe8-12bcde84d0f0,dd3a144d-ab7f-41f0-82b8-2e43a090d496,f0416e68-0200-4b77-a926-4f9d16e494da,970b0598-bcb0-4714-91fb-2e81440dccd8,bcd64cc6-2dd9-43f6-abbe-66318d332032,d930590d-bb92-4cc8-8bd1-23cd027f9edf,a3cd009f-0ab0-420d-9278-b9fdab939bbc,6a2d0734-bd9e-4ddf-946e-caa52498cb75,c27215d8-6835-4b68-bfbb-bdeac6100c04,b5d6115f-0370-4d7c-aad3-c194cc71cf98,871c3b6c-7379-419d-bda3-794b239ab90d,ff9b0199-ce04-4cfe-86cc-6c719f08d6e4,de1c2107-70c8-4021-8459-6399f24d01c6,cbf30902-517f-40dc-af90-a550bac27cf1
2025-3-17 12:59:43-debug:   Number of all scenes: 3
2025-3-17 12:59:43-debug:   Number of all scripts: 10
2025-3-17 12:59:43-debug:   Number of other assets: 501
2025-3-17 12:59:43-debug: // ---- build task 查询 Asset Bundle ---- (5ms)
2025-3-17 12:59:43-debug: 查询 Asset Bundle start, progress: 5%
2025-3-17 12:59:43-debug: // ---- build task 查询 Asset Bundle ----
2025-3-17 12:59:43-debug: run build task 查询 Asset Bundle success in 5 ms√, progress: 5%
2025-3-17 12:59:43-debug: [Build Memory track]: 查询 Asset Bundle start:198.52MB, end 199.22MB, increase: 716.70KB
2025-3-17 12:59:43-debug: // ---- build task 查询 Asset Bundle ---- (1ms)
2025-3-17 12:59:43-debug: 整理部分构建选项内数据到 settings.json start, progress: 10%
2025-3-17 12:59:43-debug: [Build Memory track]: 查询 Asset Bundle start:199.25MB, end 199.36MB, increase: 113.02KB
2025-3-17 12:59:43-debug: // ---- build task 整理部分构建选项内数据到 settings.json ----
2025-3-17 12:59:43-debug: run build task 查询 Asset Bundle success in 1 ms√, progress: 10%
2025-3-17 12:59:43-debug: // ---- build task 整理部分构建选项内数据到 settings.json ---- (1ms)
2025-3-17 12:59:43-debug: [Build Memory track]: 整理部分构建选项内数据到 settings.json start:199.41MB, end 193.28MB, increase: -6273.43KB
2025-3-17 12:59:43-debug: 填充脚本数据到 settings.json start, progress: 12%
2025-3-17 12:59:43-debug: run build task 整理部分构建选项内数据到 settings.json success in 1 ms√, progress: 12%
2025-3-17 12:59:43-debug: // ---- build task 填充脚本数据到 settings.json ----
2025-3-17 12:59:43-debug: // ---- build task 填充脚本数据到 settings.json ---- (1ms)
2025-3-17 12:59:43-debug: // ---- build task 整理部分构建选项内数据到 settings.json ----
2025-3-17 12:59:43-debug: run build task 填充脚本数据到 settings.json success in 1 ms√, progress: 13%
2025-3-17 12:59:43-debug: 整理部分构建选项内数据到 settings.json start, progress: 13%
2025-3-17 12:59:43-debug: [Build Memory track]: 填充脚本数据到 settings.json start:193.31MB, end 193.34MB, increase: 30.82KB
2025-3-17 12:59:43-debug: // ---- build task 整理部分构建选项内数据到 settings.json ---- (3ms)
2025-3-17 12:59:43-debug: run build task 整理部分构建选项内数据到 settings.json success in 3 ms√, progress: 15%
2025-3-17 12:59:43-debug: [Build Memory track]: 整理部分构建选项内数据到 settings.json start:193.50MB, end 193.52MB, increase: 18.91KB
2025-3-17 12:59:43-debug: Query all assets info in project
2025-3-17 12:59:43-debug: Query all assets info in project
2025-3-17 12:59:43-debug: init custom config: keepNodeUuid: false, useCache: true
2025-3-17 12:59:43-debug: init custom config: keepNodeUuid: false, useCache: true
2025-3-17 12:59:43-debug: 查询 Asset Bundle start, progress: 0%
2025-3-17 12:59:43-debug: // ---- build task 查询 Asset Bundle ----
2025-3-17 12:59:43-debug: 查询 Asset Bundle start, progress: 0%
2025-3-17 12:59:43-debug: // ---- build task 查询 Asset Bundle ----
2025-3-17 12:59:43-debug: Query preload assets/scripts from cc.config.json: 60f7195c-ec2a-45eb-ba94-8955f60e81d0,1c02ae6f-4492-4915-b8f8-7492a3b1e4cd,810e96e4-e456-4468-9b59-f4e8f39732c0,efe8e2a3-eace-427b-b4f1-cb8a937ec77d,e9aa9a3e-5b2b-4ac7-a2c7-073de2b2b24f,8bbdbcdd-5cd4-4100-b6d5-b7c9625b6107,50f4348b-c883-4e2f-8f11-ce233b859fa1,fda095cb-831d-4601-ad94-846013963de8,f92806d7-1768-443f-afe8-12bcde84d0f0,dd3a144d-ab7f-41f0-82b8-2e43a090d496,f0416e68-0200-4b77-a926-4f9d16e494da,970b0598-bcb0-4714-91fb-2e81440dccd8,bcd64cc6-2dd9-43f6-abbe-66318d332032,d930590d-bb92-4cc8-8bd1-23cd027f9edf,a3cd009f-0ab0-420d-9278-b9fdab939bbc,6a2d0734-bd9e-4ddf-946e-caa52498cb75,c27215d8-6835-4b68-bfbb-bdeac6100c04,b5d6115f-0370-4d7c-aad3-c194cc71cf98,871c3b6c-7379-419d-bda3-794b239ab90d,ff9b0199-ce04-4cfe-86cc-6c719f08d6e4,de1c2107-70c8-4021-8459-6399f24d01c6,cbf30902-517f-40dc-af90-a550bac27cf1
2025-3-17 12:59:43-debug:   Number of all scenes: 3
2025-3-17 12:59:43-debug:   Number of all scripts: 10
2025-3-17 12:59:43-debug:   Number of other assets: 501
2025-3-17 12:59:43-debug: // ---- build task 查询 Asset Bundle ---- (2ms)
2025-3-17 12:59:43-debug: // ---- build task 查询 Asset Bundle ----
2025-3-17 12:59:43-debug: [Build Memory track]: 查询 Asset Bundle start:193.51MB, end 193.31MB, increase: -203.20KB
2025-3-17 12:59:43-debug: 查询 Asset Bundle start, progress: 5%
2025-3-17 12:59:43-debug: run build task 查询 Asset Bundle success in 2 ms√, progress: 5%
2025-3-17 12:59:43-debug: Query preload assets/scripts from cc.config.json: 60f7195c-ec2a-45eb-ba94-8955f60e81d0,1c02ae6f-4492-4915-b8f8-7492a3b1e4cd,810e96e4-e456-4468-9b59-f4e8f39732c0,efe8e2a3-eace-427b-b4f1-cb8a937ec77d,e9aa9a3e-5b2b-4ac7-a2c7-073de2b2b24f,8bbdbcdd-5cd4-4100-b6d5-b7c9625b6107,50f4348b-c883-4e2f-8f11-ce233b859fa1,fda095cb-831d-4601-ad94-846013963de8,f92806d7-1768-443f-afe8-12bcde84d0f0,dd3a144d-ab7f-41f0-82b8-2e43a090d496,f0416e68-0200-4b77-a926-4f9d16e494da,970b0598-bcb0-4714-91fb-2e81440dccd8,bcd64cc6-2dd9-43f6-abbe-66318d332032,d930590d-bb92-4cc8-8bd1-23cd027f9edf,a3cd009f-0ab0-420d-9278-b9fdab939bbc,6a2d0734-bd9e-4ddf-946e-caa52498cb75,c27215d8-6835-4b68-bfbb-bdeac6100c04,b5d6115f-0370-4d7c-aad3-c194cc71cf98,871c3b6c-7379-419d-bda3-794b239ab90d,ff9b0199-ce04-4cfe-86cc-6c719f08d6e4,de1c2107-70c8-4021-8459-6399f24d01c6,cbf30902-517f-40dc-af90-a550bac27cf1
2025-3-17 12:59:43-debug:   Number of all scenes: 3
2025-3-17 12:59:43-debug:   Number of all scripts: 10
2025-3-17 12:59:43-debug:   Number of other assets: 501
2025-3-17 12:59:43-debug: // ---- build task 查询 Asset Bundle ---- (2ms)
2025-3-17 12:59:43-debug: // ---- build task 查询 Asset Bundle ----
2025-3-17 12:59:43-debug: [Build Memory track]: 查询 Asset Bundle start:193.35MB, end 193.37MB, increase: 24.69KB
2025-3-17 12:59:43-debug: 查询 Asset Bundle start, progress: 5%
2025-3-17 12:59:43-debug: run build task 查询 Asset Bundle success in 2 ms√, progress: 5%
2025-3-17 12:59:43-debug: // ---- build task 查询 Asset Bundle ---- (1ms)
2025-3-17 12:59:43-debug: [Build Memory track]: 查询 Asset Bundle start:193.40MB, end 193.44MB, increase: 33.32KB
2025-3-17 12:59:43-debug: 整理部分构建选项内数据到 settings.json start, progress: 10%
2025-3-17 12:59:43-debug: run build task 查询 Asset Bundle success in 1 ms√, progress: 10%
2025-3-17 12:59:43-debug: // ---- build task 整理部分构建选项内数据到 settings.json ----
2025-3-17 12:59:43-debug: run build task 整理部分构建选项内数据到 settings.json success in √, progress: 12%
2025-3-17 12:59:43-debug: 填充脚本数据到 settings.json start, progress: 12%
2025-3-17 12:59:43-debug: // ---- build task 填充脚本数据到 settings.json ----
2025-3-17 12:59:43-debug: [Build Memory track]: 整理部分构建选项内数据到 settings.json start:193.99MB, end 193.58MB, increase: -423.68KB
2025-3-17 12:59:43-debug: run build task 填充脚本数据到 settings.json success in √, progress: 13%
2025-3-17 12:59:43-debug: // ---- build task 整理部分构建选项内数据到 settings.json ----
2025-3-17 12:59:43-debug: 整理部分构建选项内数据到 settings.json start, progress: 13%
2025-3-17 12:59:43-debug: [Build Memory track]: 填充脚本数据到 settings.json start:193.61MB, end 193.63MB, increase: 22.45KB
2025-3-17 12:59:43-debug: run build task 查询 Asset Bundle success in √, progress: 10%
2025-3-17 12:59:43-debug: 整理部分构建选项内数据到 settings.json start, progress: 10%
2025-3-17 12:59:43-debug: // ---- build task 整理部分构建选项内数据到 settings.json ----
2025-3-17 12:59:43-debug: // ---- build task 整理部分构建选项内数据到 settings.json ---- (1ms)
2025-3-17 12:59:43-debug: 填充脚本数据到 settings.json start, progress: 12%
2025-3-17 12:59:43-debug: [Build Memory track]: 整理部分构建选项内数据到 settings.json start:193.70MB, end 193.74MB, increase: 34.93KB
2025-3-17 12:59:43-debug: // ---- build task 填充脚本数据到 settings.json ----
2025-3-17 12:59:43-debug: run build task 整理部分构建选项内数据到 settings.json success in 1 ms√, progress: 12%
2025-3-17 12:59:43-debug: run build task 填充脚本数据到 settings.json success in √, progress: 13%
2025-3-17 12:59:43-debug: [Build Memory track]: 填充脚本数据到 settings.json start:193.77MB, end 193.79MB, increase: 19.92KB
2025-3-17 12:59:43-debug: 整理部分构建选项内数据到 settings.json start, progress: 13%
2025-3-17 12:59:43-debug: // ---- build task 整理部分构建选项内数据到 settings.json ----
2025-3-17 12:59:43-debug: // ---- build task 整理部分构建选项内数据到 settings.json ---- (2ms)
2025-3-17 12:59:43-debug: [Build Memory track]: 整理部分构建选项内数据到 settings.json start:193.82MB, end 193.99MB, increase: 174.06KB
2025-3-17 12:59:43-debug: run build task 整理部分构建选项内数据到 settings.json success in 2 ms√, progress: 15%
2025-3-17 12:59:43-debug: run build task 整理部分构建选项内数据到 settings.json success in √, progress: 15%
2025-3-17 13:04:17-debug: refresh db internal success
2025-3-17 13:04:17-debug: refresh db assets success
2025-3-17 13:04:17-debug: Run asset db hook engine-extends:afterRefresh ...
2025-3-17 13:04:17-debug: Run asset db hook engine-extends:afterRefresh success!
2025-3-17 13:04:17-debug: asset-db:refresh-all-database (59ms)
2025-3-17 13:04:17-debug: asset-db:worker-effect-data-processing (2ms)
2025-3-17 13:04:17-debug: asset-db-hook-engine-extends-afterRefresh (4ms)
2025-3-17 13:04:58-debug: refresh db internal success
2025-3-17 13:04:58-debug: refresh db assets success
2025-3-17 13:04:58-debug: Run asset db hook engine-extends:afterRefresh ...
2025-3-17 13:04:58-debug: Run asset db hook engine-extends:afterRefresh success!
2025-3-17 13:04:58-debug: asset-db:refresh-all-database (34ms)
2025-3-17 13:04:58-debug: asset-db:worker-effect-data-processing (1ms)
2025-3-17 13:04:58-debug: asset-db-hook-engine-extends-afterRefresh (1ms)
2025-3-17 13:05:00-debug: refresh db internal success
2025-3-17 13:05:00-debug: refresh db assets success
2025-3-17 13:05:00-debug: Run asset db hook engine-extends:afterRefresh ...
2025-3-17 13:05:00-debug: Run asset db hook engine-extends:afterRefresh success!
2025-3-17 13:05:00-debug: asset-db:refresh-all-database (40ms)
2025-3-17 13:05:00-debug: asset-db:worker-effect-data-processing (1ms)
2025-3-17 13:05:00-debug: asset-db-hook-engine-extends-afterRefresh (1ms)
2025-3-17 13:05:25-debug: refresh db internal success
2025-3-17 13:05:25-debug: refresh db assets success
2025-3-17 13:05:25-debug: Run asset db hook engine-extends:afterRefresh ...
2025-3-17 13:05:25-debug: Run asset db hook engine-extends:afterRefresh success!
2025-3-17 13:05:25-debug: asset-db:refresh-all-database (39ms)
2025-3-17 13:05:25-debug: asset-db:worker-effect-data-processing (1ms)
2025-3-17 13:05:25-debug: asset-db-hook-engine-extends-afterRefresh (1ms)
2025-3-17 13:05:35-debug: refresh db internal success
2025-3-17 13:05:35-debug: refresh db assets success
2025-3-17 13:05:35-debug: Run asset db hook engine-extends:afterRefresh ...
2025-3-17 13:05:35-debug: Run asset db hook engine-extends:afterRefresh success!
2025-3-17 13:05:35-debug: asset-db:refresh-all-database (46ms)
2025-3-17 13:05:35-debug: asset-db:worker-effect-data-processing (1ms)
2025-3-17 13:05:35-debug: asset-db-hook-engine-extends-afterRefresh (1ms)
2025-3-17 13:06:43-debug: refresh db internal success
2025-3-17 13:06:43-debug: refresh db assets success
2025-3-17 13:06:43-debug: Run asset db hook engine-extends:afterRefresh success!
2025-3-17 13:06:43-debug: Run asset db hook engine-extends:afterRefresh ...
2025-3-17 13:06:43-debug: asset-db:refresh-all-database (36ms)
2025-3-17 13:06:43-debug: asset-db:worker-effect-data-processing (1ms)
2025-3-17 13:06:43-debug: asset-db-hook-engine-extends-afterRefresh (1ms)
2025-3-17 13:07:05-debug: refresh db internal success
2025-3-17 13:07:05-debug: refresh db assets success
2025-3-17 13:07:05-debug: Run asset db hook engine-extends:afterRefresh ...
2025-3-17 13:07:05-debug: Run asset db hook engine-extends:afterRefresh success!
2025-3-17 13:07:05-debug: asset-db:refresh-all-database (22ms)
2025-3-17 13:07:05-debug: asset-db-hook-engine-extends-afterRefresh (1ms)
2025-3-17 13:07:07-debug: refresh db internal success
2025-3-17 13:07:07-debug: refresh db assets success
2025-3-17 13:07:07-debug: Run asset db hook engine-extends:afterRefresh ...
2025-3-17 13:07:07-debug: Run asset db hook engine-extends:afterRefresh success!
2025-3-17 13:07:07-debug: asset-db:refresh-all-database (28ms)
2025-3-17 13:15:40-debug: refresh db internal success
2025-3-17 13:15:40-debug: %cImport%c: /Users/mac20211105/Desktop/cocosCreator-demo-learn/AircraftWars/assets/Scripts/Player.tsbackground: #aaff85; color: #000;color: #000;
2025-3-17 13:15:40-debug: refresh db assets success
2025-3-17 13:15:40-debug: Run asset db hook engine-extends:afterRefresh ...
2025-3-17 13:15:40-debug: Run asset db hook engine-extends:afterRefresh success!
2025-3-17 13:15:40-debug: asset-db:refresh-all-database (59ms)
2025-3-17 13:15:40-debug: asset-db-hook-engine-extends-afterRefresh (10ms)
2025-3-17 13:15:40-debug: asset-db:worker-effect-data-processing (9ms)
2025-3-17 13:16:57-debug: refresh db internal success
2025-3-17 13:16:57-debug: refresh db assets success
2025-3-17 13:16:57-debug: Run asset db hook engine-extends:afterRefresh ...
2025-3-17 13:16:57-debug: Run asset db hook engine-extends:afterRefresh success!
2025-3-17 13:16:57-debug: asset-db:refresh-all-database (36ms)
2025-3-17 13:16:57-debug: asset-db:worker-effect-data-processing (2ms)
2025-3-17 13:16:57-debug: asset-db-hook-engine-extends-afterRefresh (2ms)
2025-3-17 13:25:19-debug: refresh db internal success
2025-3-17 13:25:19-debug: %cImport%c: /Users/mac20211105/Desktop/cocosCreator-demo-learn/AircraftWars/assets/Scripts/Player.tsbackground: #aaff85; color: #000;color: #000;
2025-3-17 13:25:19-debug: refresh db assets success
2025-3-17 13:25:19-debug: Run asset db hook engine-extends:afterRefresh ...
2025-3-17 13:25:19-debug: Run asset db hook engine-extends:afterRefresh success!
2025-3-17 13:25:19-debug: asset-db:refresh-all-database (44ms)
2025-3-17 13:25:19-debug: asset-db:worker-effect-data-processing (1ms)
2025-3-17 13:25:19-debug: asset-db-hook-engine-extends-afterRefresh (1ms)
2025-3-17 13:25:26-debug: refresh db internal success
2025-3-17 13:25:26-debug: refresh db assets success
2025-3-17 13:25:26-debug: Run asset db hook engine-extends:afterRefresh ...
2025-3-17 13:25:26-debug: Run asset db hook engine-extends:afterRefresh success!
2025-3-17 13:25:26-debug: asset-db:refresh-all-database (38ms)
2025-3-17 13:25:26-debug: asset-db:worker-effect-data-processing (1ms)
2025-3-17 13:25:26-debug: asset-db-hook-engine-extends-afterRefresh (2ms)
2025-3-17 13:26:17-debug: refresh db internal success
2025-3-17 13:26:17-debug: refresh db assets success
2025-3-17 13:26:17-debug: Run asset db hook engine-extends:afterRefresh ...
2025-3-17 13:26:17-debug: Run asset db hook engine-extends:afterRefresh success!
2025-3-17 13:26:17-debug: asset-db:refresh-all-database (41ms)
2025-3-17 13:26:17-debug: asset-db:worker-effect-data-processing (2ms)
2025-3-17 13:26:17-debug: asset-db-hook-engine-extends-afterRefresh (3ms)
2025-3-17 13:26:26-debug: Query all assets info in project
2025-3-17 13:26:26-debug: init custom config: keepNodeUuid: false, useCache: true
2025-3-17 13:26:26-debug: 查询 Asset Bundle start, progress: 0%
2025-3-17 13:26:26-debug: // ---- build task 查询 Asset Bundle ----
2025-3-17 13:26:26-debug: Query preload assets/scripts from cc.config.json: 60f7195c-ec2a-45eb-ba94-8955f60e81d0,1c02ae6f-4492-4915-b8f8-7492a3b1e4cd,810e96e4-e456-4468-9b59-f4e8f39732c0,efe8e2a3-eace-427b-b4f1-cb8a937ec77d,e9aa9a3e-5b2b-4ac7-a2c7-073de2b2b24f,8bbdbcdd-5cd4-4100-b6d5-b7c9625b6107,50f4348b-c883-4e2f-8f11-ce233b859fa1,fda095cb-831d-4601-ad94-846013963de8,f92806d7-1768-443f-afe8-12bcde84d0f0,dd3a144d-ab7f-41f0-82b8-2e43a090d496,f0416e68-0200-4b77-a926-4f9d16e494da,970b0598-bcb0-4714-91fb-2e81440dccd8,bcd64cc6-2dd9-43f6-abbe-66318d332032,d930590d-bb92-4cc8-8bd1-23cd027f9edf,a3cd009f-0ab0-420d-9278-b9fdab939bbc,6a2d0734-bd9e-4ddf-946e-caa52498cb75,c27215d8-6835-4b68-bfbb-bdeac6100c04,b5d6115f-0370-4d7c-aad3-c194cc71cf98,871c3b6c-7379-419d-bda3-794b239ab90d,ff9b0199-ce04-4cfe-86cc-6c719f08d6e4,de1c2107-70c8-4021-8459-6399f24d01c6,cbf30902-517f-40dc-af90-a550bac27cf1
2025-3-17 13:26:26-debug:   Number of all scenes: 3
2025-3-17 13:26:26-debug:   Number of all scripts: 10
2025-3-17 13:26:26-debug:   Number of other assets: 501
2025-3-17 13:26:26-debug: // ---- build task 查询 Asset Bundle ---- (3ms)
2025-3-17 13:26:26-debug: 查询 Asset Bundle start, progress: 5%
2025-3-17 13:26:26-debug: [Build Memory track]: 查询 Asset Bundle start:175.37MB, end 175.13MB, increase: -251.99KB
2025-3-17 13:26:26-debug: // ---- build task 查询 Asset Bundle ----
2025-3-17 13:26:26-debug: run build task 查询 Asset Bundle success in 3 ms√, progress: 5%
2025-3-17 13:26:26-debug: // ---- build task 查询 Asset Bundle ---- (1ms)
2025-3-17 13:26:26-debug: // ---- build task 整理部分构建选项内数据到 settings.json ----
2025-3-17 13:26:26-debug: run build task 查询 Asset Bundle success in 1 ms√, progress: 10%
2025-3-17 13:26:26-debug: 整理部分构建选项内数据到 settings.json start, progress: 10%
2025-3-17 13:26:26-debug: [Build Memory track]: 查询 Asset Bundle start:175.16MB, end 175.27MB, increase: 111.88KB
2025-3-17 13:26:26-debug: run build task 整理部分构建选项内数据到 settings.json success in √, progress: 12%
2025-3-17 13:26:26-debug: 填充脚本数据到 settings.json start, progress: 12%
2025-3-17 13:26:26-debug: // ---- build task 填充脚本数据到 settings.json ----
2025-3-17 13:26:26-debug: [Build Memory track]: 整理部分构建选项内数据到 settings.json start:175.30MB, end 175.32MB, increase: 19.75KB
2025-3-17 13:26:26-debug: run build task 填充脚本数据到 settings.json success in √, progress: 13%
2025-3-17 13:26:26-debug: 整理部分构建选项内数据到 settings.json start, progress: 13%
2025-3-17 13:26:26-debug: // ---- build task 整理部分构建选项内数据到 settings.json ----
2025-3-17 13:26:26-debug: [Build Memory track]: 填充脚本数据到 settings.json start:175.35MB, end 175.37MB, increase: 18.81KB
2025-3-17 13:26:26-debug: // ---- build task 整理部分构建选项内数据到 settings.json ---- (2ms)
2025-3-17 13:26:26-debug: run build task 整理部分构建选项内数据到 settings.json success in 2 ms√, progress: 15%
2025-3-17 13:26:26-debug: [Build Memory track]: 整理部分构建选项内数据到 settings.json start:175.40MB, end 175.54MB, increase: 147.38KB
2025-3-17 13:26:47-debug: refresh db internal success
2025-3-17 13:26:47-debug: refresh db assets success
2025-3-17 13:26:47-debug: Run asset db hook engine-extends:afterRefresh ...
2025-3-17 13:26:47-debug: Run asset db hook engine-extends:afterRefresh success!
2025-3-17 13:26:47-debug: asset-db:refresh-all-database (37ms)
2025-3-17 13:26:47-debug: asset-db:worker-effect-data-processing (1ms)
2025-3-17 13:26:47-debug: asset-db-hook-engine-extends-afterRefresh (1ms)
2025-3-17 13:27:24-debug: refresh db internal success
2025-3-17 13:27:24-debug: %cImport%c: /Users/mac20211105/Desktop/cocosCreator-demo-learn/AircraftWars/assets/Scripts/Player.tsbackground: #aaff85; color: #000;color: #000;
2025-3-17 13:27:24-debug: refresh db assets success
2025-3-17 13:27:24-debug: Run asset db hook engine-extends:afterRefresh ...
2025-3-17 13:27:24-debug: Run asset db hook engine-extends:afterRefresh success!
2025-3-17 13:27:24-debug: asset-db:refresh-all-database (43ms)
2025-3-17 13:27:24-debug: asset-db:worker-effect-data-processing (1ms)
2025-3-17 13:27:24-debug: asset-db-hook-engine-extends-afterRefresh (2ms)
2025-3-17 13:27:27-debug: Query all assets info in project
2025-3-17 13:27:27-debug: init custom config: keepNodeUuid: false, useCache: true
2025-3-17 13:27:27-debug: 查询 Asset Bundle start, progress: 0%
2025-3-17 13:27:27-debug: // ---- build task 查询 Asset Bundle ----
2025-3-17 13:27:27-debug: Query preload assets/scripts from cc.config.json: 60f7195c-ec2a-45eb-ba94-8955f60e81d0,1c02ae6f-4492-4915-b8f8-7492a3b1e4cd,810e96e4-e456-4468-9b59-f4e8f39732c0,efe8e2a3-eace-427b-b4f1-cb8a937ec77d,e9aa9a3e-5b2b-4ac7-a2c7-073de2b2b24f,8bbdbcdd-5cd4-4100-b6d5-b7c9625b6107,50f4348b-c883-4e2f-8f11-ce233b859fa1,fda095cb-831d-4601-ad94-846013963de8,f92806d7-1768-443f-afe8-12bcde84d0f0,dd3a144d-ab7f-41f0-82b8-2e43a090d496,f0416e68-0200-4b77-a926-4f9d16e494da,970b0598-bcb0-4714-91fb-2e81440dccd8,bcd64cc6-2dd9-43f6-abbe-66318d332032,d930590d-bb92-4cc8-8bd1-23cd027f9edf,a3cd009f-0ab0-420d-9278-b9fdab939bbc,6a2d0734-bd9e-4ddf-946e-caa52498cb75,c27215d8-6835-4b68-bfbb-bdeac6100c04,b5d6115f-0370-4d7c-aad3-c194cc71cf98,871c3b6c-7379-419d-bda3-794b239ab90d,ff9b0199-ce04-4cfe-86cc-6c719f08d6e4,de1c2107-70c8-4021-8459-6399f24d01c6,cbf30902-517f-40dc-af90-a550bac27cf1
2025-3-17 13:27:27-debug:   Number of all scenes: 3
2025-3-17 13:27:27-debug:   Number of all scripts: 10
2025-3-17 13:27:27-debug:   Number of other assets: 501
2025-3-17 13:27:27-debug: // ---- build task 查询 Asset Bundle ---- (3ms)
2025-3-17 13:27:27-debug: // ---- build task 查询 Asset Bundle ----
2025-3-17 13:27:27-debug: [Build Memory track]: 查询 Asset Bundle start:175.95MB, end 175.81MB, increase: -142.96KB
2025-3-17 13:27:27-debug: 查询 Asset Bundle start, progress: 5%
2025-3-17 13:27:27-debug: run build task 查询 Asset Bundle success in 3 ms√, progress: 5%
2025-3-17 13:27:27-debug: run build task 查询 Asset Bundle success in 1 ms√, progress: 10%
2025-3-17 13:27:27-debug: // ---- build task 整理部分构建选项内数据到 settings.json ----
2025-3-17 13:27:27-debug: [Build Memory track]: 查询 Asset Bundle start:175.84MB, end 175.95MB, increase: 111.58KB
2025-3-17 13:27:27-debug: 整理部分构建选项内数据到 settings.json start, progress: 10%
2025-3-17 13:27:27-debug: // ---- build task 查询 Asset Bundle ---- (1ms)
2025-3-17 13:27:27-debug: // ---- build task 整理部分构建选项内数据到 settings.json ---- (1ms)
2025-3-17 13:27:27-debug: // ---- build task 填充脚本数据到 settings.json ----
2025-3-17 13:27:27-debug: run build task 整理部分构建选项内数据到 settings.json success in 1 ms√, progress: 12%
2025-3-17 13:27:27-debug: 填充脚本数据到 settings.json start, progress: 12%
2025-3-17 13:27:27-debug: [Build Memory track]: 整理部分构建选项内数据到 settings.json start:175.98MB, end 176.02MB, increase: 37.51KB
2025-3-17 13:27:27-debug: run build task 填充脚本数据到 settings.json success in √, progress: 13%
2025-3-17 13:27:27-debug: // ---- build task 整理部分构建选项内数据到 settings.json ----
2025-3-17 13:27:27-debug: 整理部分构建选项内数据到 settings.json start, progress: 13%
2025-3-17 13:27:27-debug: [Build Memory track]: 填充脚本数据到 settings.json start:176.05MB, end 176.07MB, increase: 18.45KB
2025-3-17 13:27:27-debug: // ---- build task 整理部分构建选项内数据到 settings.json ---- (2ms)
2025-3-17 13:27:27-debug: run build task 整理部分构建选项内数据到 settings.json success in 2 ms√, progress: 15%
2025-3-17 13:27:27-debug: [Build Memory track]: 整理部分构建选项内数据到 settings.json start:176.10MB, end 176.24MB, increase: 141.23KB
2025-3-17 13:28:20-debug: refresh db internal success
2025-3-17 13:28:20-debug: %cImport%c: /Users/mac20211105/Desktop/cocosCreator-demo-learn/AircraftWars/assets/Scripts/Player.tsbackground: #aaff85; color: #000;color: #000;
2025-3-17 13:28:20-debug: refresh db assets success
2025-3-17 13:28:20-debug: Run asset db hook engine-extends:afterRefresh ...
2025-3-17 13:28:20-debug: Run asset db hook engine-extends:afterRefresh success!
2025-3-17 13:28:20-debug: asset-db:refresh-all-database (37ms)
2025-3-17 13:28:20-debug: asset-db:worker-effect-data-processing (1ms)
2025-3-17 13:28:20-debug: asset-db-hook-engine-extends-afterRefresh (2ms)
2025-3-17 13:28:25-debug: Query all assets info in project
2025-3-17 13:28:25-debug: init custom config: keepNodeUuid: false, useCache: true
2025-3-17 13:28:25-debug: 查询 Asset Bundle start, progress: 0%
2025-3-17 13:28:25-debug: // ---- build task 查询 Asset Bundle ----
2025-3-17 13:28:25-debug: Query preload assets/scripts from cc.config.json: 60f7195c-ec2a-45eb-ba94-8955f60e81d0,1c02ae6f-4492-4915-b8f8-7492a3b1e4cd,810e96e4-e456-4468-9b59-f4e8f39732c0,efe8e2a3-eace-427b-b4f1-cb8a937ec77d,e9aa9a3e-5b2b-4ac7-a2c7-073de2b2b24f,8bbdbcdd-5cd4-4100-b6d5-b7c9625b6107,50f4348b-c883-4e2f-8f11-ce233b859fa1,fda095cb-831d-4601-ad94-846013963de8,f92806d7-1768-443f-afe8-12bcde84d0f0,dd3a144d-ab7f-41f0-82b8-2e43a090d496,f0416e68-0200-4b77-a926-4f9d16e494da,970b0598-bcb0-4714-91fb-2e81440dccd8,bcd64cc6-2dd9-43f6-abbe-66318d332032,d930590d-bb92-4cc8-8bd1-23cd027f9edf,a3cd009f-0ab0-420d-9278-b9fdab939bbc,6a2d0734-bd9e-4ddf-946e-caa52498cb75,c27215d8-6835-4b68-bfbb-bdeac6100c04,b5d6115f-0370-4d7c-aad3-c194cc71cf98,871c3b6c-7379-419d-bda3-794b239ab90d,ff9b0199-ce04-4cfe-86cc-6c719f08d6e4,de1c2107-70c8-4021-8459-6399f24d01c6,cbf30902-517f-40dc-af90-a550bac27cf1
2025-3-17 13:28:25-debug:   Number of all scenes: 3
2025-3-17 13:28:25-debug:   Number of all scripts: 10
2025-3-17 13:28:25-debug:   Number of other assets: 501
2025-3-17 13:28:25-debug: // ---- build task 查询 Asset Bundle ---- (3ms)
2025-3-17 13:28:25-debug: 查询 Asset Bundle start, progress: 5%
2025-3-17 13:28:25-debug: run build task 查询 Asset Bundle success in 3 ms√, progress: 5%
2025-3-17 13:28:25-debug: // ---- build task 查询 Asset Bundle ----
2025-3-17 13:28:25-debug: [Build Memory track]: 查询 Asset Bundle start:177.09MB, end 176.98MB, increase: -113.20KB
2025-3-17 13:28:25-debug: // ---- build task 查询 Asset Bundle ---- (1ms)
2025-3-17 13:28:25-debug: 整理部分构建选项内数据到 settings.json start, progress: 10%
2025-3-17 13:28:25-debug: run build task 查询 Asset Bundle success in 1 ms√, progress: 10%
2025-3-17 13:28:25-debug: // ---- build task 整理部分构建选项内数据到 settings.json ----
2025-3-17 13:28:25-debug: [Build Memory track]: 查询 Asset Bundle start:177.01MB, end 176.41MB, increase: -618.70KB
2025-3-17 13:28:25-debug: [Build Memory track]: 整理部分构建选项内数据到 settings.json start:176.44MB, end 176.46MB, increase: 20.04KB
2025-3-17 13:28:25-debug: 填充脚本数据到 settings.json start, progress: 12%
2025-3-17 13:28:25-debug: // ---- build task 填充脚本数据到 settings.json ----
2025-3-17 13:28:25-debug: run build task 整理部分构建选项内数据到 settings.json success in √, progress: 12%
2025-3-17 13:28:25-debug: // ---- build task 填充脚本数据到 settings.json ---- (1ms)
2025-3-17 13:28:25-debug: 整理部分构建选项内数据到 settings.json start, progress: 13%
2025-3-17 13:28:25-debug: // ---- build task 整理部分构建选项内数据到 settings.json ----
2025-3-17 13:28:25-debug: run build task 填充脚本数据到 settings.json success in 1 ms√, progress: 13%
2025-3-17 13:28:25-debug: [Build Memory track]: 填充脚本数据到 settings.json start:176.49MB, end 176.52MB, increase: 31.19KB
2025-3-17 13:28:25-debug: // ---- build task 整理部分构建选项内数据到 settings.json ---- (4ms)
2025-3-17 13:28:25-debug: run build task 整理部分构建选项内数据到 settings.json success in 4 ms√, progress: 15%
2025-3-17 13:28:25-debug: [Build Memory track]: 整理部分构建选项内数据到 settings.json start:176.56MB, end 176.70MB, increase: 150.06KB
2025-3-17 14:02:34-debug: refresh db internal success
2025-3-17 14:02:34-debug: refresh db assets success
2025-3-17 14:02:34-debug: Run asset db hook engine-extends:afterRefresh success!
2025-3-17 14:02:34-debug: Run asset db hook engine-extends:afterRefresh ...
2025-3-17 14:02:34-debug: asset-db:refresh-all-database (63ms)
2025-3-17 14:02:34-debug: asset-db:worker-effect-data-processing (5ms)
2025-3-17 14:02:34-debug: asset-db-hook-engine-extends-afterRefresh (8ms)
2025-3-17 16:13:05-debug: refresh db internal success
2025-3-17 16:13:05-debug: refresh db assets success
2025-3-17 16:13:05-debug: Run asset db hook engine-extends:afterRefresh ...
2025-3-17 16:13:05-debug: Run asset db hook engine-extends:afterRefresh success!
2025-3-17 16:13:05-debug: asset-db:refresh-all-database (66ms)
2025-3-17 16:13:05-debug: asset-db:worker-effect-data-processing (1ms)
2025-3-17 16:13:05-debug: asset-db-hook-engine-extends-afterRefresh (2ms)
2025-3-17 16:17:09-debug: refresh db internal success
2025-3-17 16:17:09-debug: refresh db assets success
2025-3-17 16:17:09-debug: Run asset db hook engine-extends:afterRefresh success!
2025-3-17 16:17:09-debug: Run asset db hook engine-extends:afterRefresh ...
2025-3-17 16:17:09-debug: asset-db:refresh-all-database (87ms)
2025-3-17 16:17:09-debug: asset-db:worker-effect-data-processing (1ms)
2025-3-17 16:17:09-debug: asset-db-hook-engine-extends-afterRefresh (2ms)
2025-3-17 16:32:35-debug: refresh db internal success
2025-3-17 16:32:35-debug: refresh db assets success
2025-3-17 16:32:35-debug: Run asset db hook engine-extends:afterRefresh ...
2025-3-17 16:32:35-debug: Run asset db hook engine-extends:afterRefresh success!
2025-3-17 16:32:35-debug: asset-db:refresh-all-database (74ms)
2025-3-17 16:32:35-debug: asset-db:worker-effect-data-processing (2ms)
2025-3-17 16:32:35-debug: asset-db-hook-engine-extends-afterRefresh (3ms)
2025-3-17 16:56:33-debug: refresh db internal success
2025-3-17 16:56:33-debug: refresh db assets success
2025-3-17 16:56:33-debug: Run asset db hook engine-extends:afterRefresh ...
2025-3-17 16:56:33-debug: Run asset db hook engine-extends:afterRefresh success!
2025-3-17 16:56:33-debug: asset-db:refresh-all-database (56ms)
2025-3-17 16:56:33-debug: asset-db:worker-effect-data-processing (1ms)
2025-3-17 16:56:33-debug: asset-db-hook-engine-extends-afterRefresh (1ms)
2025-3-17 17:21:20-debug: refresh db internal success
2025-3-17 17:21:20-debug: refresh db assets success
2025-3-17 17:21:20-debug: Run asset db hook engine-extends:afterRefresh ...
2025-3-17 17:21:20-debug: Run asset db hook engine-extends:afterRefresh success!
2025-3-17 17:21:20-debug: asset-db:refresh-all-database (75ms)
2025-3-17 17:21:20-debug: asset-db-hook-engine-extends-afterRefresh (1ms)
2025-3-17 17:25:32-debug: refresh db internal success
2025-3-17 17:25:32-debug: refresh db assets success
2025-3-17 17:25:32-debug: Run asset db hook engine-extends:afterRefresh ...
2025-3-17 17:25:32-debug: Run asset db hook engine-extends:afterRefresh success!
2025-3-17 17:25:32-debug: asset-db:refresh-all-database (45ms)
2025-3-17 17:25:32-debug: asset-db:worker-effect-data-processing (2ms)
2025-3-17 17:25:32-debug: asset-db-hook-engine-extends-afterRefresh (2ms)
2025-3-17 18:02:34-debug: refresh db internal success
2025-3-17 18:02:34-debug: refresh db assets success
2025-3-17 18:02:34-debug: Run asset db hook engine-extends:afterRefresh ...
2025-3-17 18:02:34-debug: Run asset db hook engine-extends:afterRefresh success!
2025-3-17 18:02:34-debug: asset-db:worker-effect-data-processing (1ms)
2025-3-17 18:02:34-debug: asset-db:refresh-all-database (70ms)
2025-3-17 18:02:34-debug: asset-db-hook-engine-extends-afterRefresh (2ms)
2025-3-17 18:04:04-debug: refresh db internal success
2025-3-17 18:04:04-debug: refresh db assets success
2025-3-17 18:04:04-debug: Run asset db hook engine-extends:afterRefresh success!
2025-3-17 18:04:04-debug: Run asset db hook engine-extends:afterRefresh ...
2025-3-17 18:04:04-debug: asset-db:refresh-all-database (51ms)
2025-3-17 18:04:04-debug: asset-db:worker-effect-data-processing (1ms)
2025-3-17 18:04:04-debug: asset-db-hook-engine-extends-afterRefresh (2ms)
2025-3-17 18:04:42-debug: refresh db internal success
2025-3-17 18:04:42-debug: refresh db assets success
2025-3-17 18:04:42-debug: Run asset db hook engine-extends:afterRefresh ...
2025-3-17 18:04:42-debug: Run asset db hook engine-extends:afterRefresh success!
2025-3-17 18:04:42-debug: asset-db:refresh-all-database (51ms)
2025-3-17 18:04:42-debug: asset-db:worker-effect-data-processing (2ms)
2025-3-17 18:04:42-debug: asset-db-hook-engine-extends-afterRefresh (2ms)
2025-3-17 18:22:55-debug: refresh db internal success
2025-3-17 18:22:55-debug: refresh db assets success
2025-3-17 18:22:55-debug: Run asset db hook engine-extends:afterRefresh ...
2025-3-17 18:22:55-debug: Run asset db hook engine-extends:afterRefresh success!
2025-3-17 18:22:55-debug: asset-db:refresh-all-database (52ms)
2025-3-17 18:22:55-debug: asset-db:worker-effect-data-processing (1ms)
2025-3-17 18:22:55-debug: asset-db-hook-engine-extends-afterRefresh (2ms)
2025-3-17 18:23:39-debug: refresh db internal success
2025-3-17 18:23:39-debug: refresh db assets success
2025-3-17 18:23:39-debug: Run asset db hook engine-extends:afterRefresh ...
2025-3-17 18:23:39-debug: Run asset db hook engine-extends:afterRefresh success!
2025-3-17 18:23:39-debug: asset-db:refresh-all-database (49ms)
2025-3-17 18:23:39-debug: asset-db:worker-effect-data-processing (1ms)
2025-3-17 18:23:39-debug: asset-db-hook-engine-extends-afterRefresh (2ms)
2025-3-17 18:25:40-debug: refresh db internal success
2025-3-17 18:25:40-debug: refresh db assets success
2025-3-17 18:25:40-debug: Run asset db hook engine-extends:afterRefresh ...
2025-3-17 18:25:40-debug: Run asset db hook engine-extends:afterRefresh success!
2025-3-17 18:25:40-debug: asset-db:refresh-all-database (71ms)
2025-3-17 18:25:40-debug: asset-db:worker-effect-data-processing (1ms)
2025-3-17 18:25:40-debug: asset-db-hook-engine-extends-afterRefresh (2ms)
2025-3-17 22:48:02-debug: refresh db internal success
2025-3-17 22:48:02-debug: refresh db assets success
2025-3-17 22:48:02-debug: Run asset db hook engine-extends:afterRefresh ...
2025-3-17 22:48:02-debug: Run asset db hook engine-extends:afterRefresh success!
2025-3-17 22:48:02-debug: asset-db:refresh-all-database (106ms)
2025-3-17 22:48:02-debug: asset-db:worker-effect-data-processing (2ms)
2025-3-17 22:48:02-debug: asset-db-hook-engine-extends-afterRefresh (5ms)
2025-3-17 22:48:54-debug: refresh db internal success
2025-3-17 22:48:54-debug: %cImport%c: /Users/mac20211105/Desktop/cocosCreator-demo-learn/AircraftWars/assets/Scripts/Bullet.tsbackground: #aaff85; color: #000;color: #000;
2025-3-17 22:48:54-debug: refresh db assets success
2025-3-17 22:48:54-debug: Run asset db hook engine-extends:afterRefresh ...
2025-3-17 22:48:54-debug: Run asset db hook engine-extends:afterRefresh success!
2025-3-17 22:48:55-debug: asset-db:refresh-all-database (218ms)
2025-3-17 22:48:55-debug: asset-db-hook-engine-extends-afterRefresh (161ms)
2025-3-17 22:48:55-debug: asset-db:worker-effect-data-processing (161ms)
2025-3-17 22:49:02-debug: Query all assets info in project
2025-3-17 22:49:02-debug: init custom config: keepNodeUuid: false, useCache: true
2025-3-17 22:49:02-debug: 查询 Asset Bundle start, progress: 0%
2025-3-17 22:49:02-debug: // ---- build task 查询 Asset Bundle ----
2025-3-17 22:49:02-debug: Query preload assets/scripts from cc.config.json: 60f7195c-ec2a-45eb-ba94-8955f60e81d0,1c02ae6f-4492-4915-b8f8-7492a3b1e4cd,810e96e4-e456-4468-9b59-f4e8f39732c0,efe8e2a3-eace-427b-b4f1-cb8a937ec77d,e9aa9a3e-5b2b-4ac7-a2c7-073de2b2b24f,8bbdbcdd-5cd4-4100-b6d5-b7c9625b6107,50f4348b-c883-4e2f-8f11-ce233b859fa1,fda095cb-831d-4601-ad94-846013963de8,f92806d7-1768-443f-afe8-12bcde84d0f0,dd3a144d-ab7f-41f0-82b8-2e43a090d496,f0416e68-0200-4b77-a926-4f9d16e494da,970b0598-bcb0-4714-91fb-2e81440dccd8,bcd64cc6-2dd9-43f6-abbe-66318d332032,d930590d-bb92-4cc8-8bd1-23cd027f9edf,a3cd009f-0ab0-420d-9278-b9fdab939bbc,6a2d0734-bd9e-4ddf-946e-caa52498cb75,c27215d8-6835-4b68-bfbb-bdeac6100c04,b5d6115f-0370-4d7c-aad3-c194cc71cf98,871c3b6c-7379-419d-bda3-794b239ab90d,ff9b0199-ce04-4cfe-86cc-6c719f08d6e4,de1c2107-70c8-4021-8459-6399f24d01c6,cbf30902-517f-40dc-af90-a550bac27cf1
2025-3-17 22:49:02-debug:   Number of all scripts: 10
2025-3-17 22:49:02-debug:   Number of all scenes: 3
2025-3-17 22:49:02-debug:   Number of other assets: 501
2025-3-17 22:49:02-debug: // ---- build task 查询 Asset Bundle ---- (3ms)
2025-3-17 22:49:02-debug: // ---- build task 查询 Asset Bundle ----
2025-3-17 22:49:02-debug: run build task 查询 Asset Bundle success in 3 ms√, progress: 5%
2025-3-17 22:49:02-debug: 查询 Asset Bundle start, progress: 5%
2025-3-17 22:49:02-debug: [Build Memory track]: 查询 Asset Bundle start:167.11MB, end 166.92MB, increase: -195.39KB
2025-3-17 22:49:02-debug: // ---- build task 查询 Asset Bundle ---- (1ms)
2025-3-17 22:49:02-debug: 整理部分构建选项内数据到 settings.json start, progress: 10%
2025-3-17 22:49:02-debug: run build task 查询 Asset Bundle success in 1 ms√, progress: 10%
2025-3-17 22:49:02-debug: // ---- build task 整理部分构建选项内数据到 settings.json ----
2025-3-17 22:49:02-debug: [Build Memory track]: 查询 Asset Bundle start:166.94MB, end 167.05MB, increase: 106.46KB
2025-3-17 22:49:02-debug: run build task 整理部分构建选项内数据到 settings.json success in √, progress: 12%
2025-3-17 22:49:02-debug: [Build Memory track]: 整理部分构建选项内数据到 settings.json start:167.07MB, end 167.09MB, increase: 16.31KB
2025-3-17 22:49:02-debug: 填充脚本数据到 settings.json start, progress: 12%
2025-3-17 22:49:02-debug: // ---- build task 填充脚本数据到 settings.json ----
2025-3-17 22:49:02-debug: // ---- build task 填充脚本数据到 settings.json ---- (1ms)
2025-3-17 22:49:02-debug: [Build Memory track]: 填充脚本数据到 settings.json start:167.11MB, end 167.13MB, increase: 22.77KB
2025-3-17 22:49:02-debug: 整理部分构建选项内数据到 settings.json start, progress: 13%
2025-3-17 22:49:02-debug: run build task 填充脚本数据到 settings.json success in 1 ms√, progress: 13%
2025-3-17 22:49:02-debug: // ---- build task 整理部分构建选项内数据到 settings.json ----
2025-3-17 22:49:02-debug: // ---- build task 整理部分构建选项内数据到 settings.json ---- (2ms)
2025-3-17 22:49:02-debug: run build task 整理部分构建选项内数据到 settings.json success in 2 ms√, progress: 15%
2025-3-17 22:49:02-debug: [Build Memory track]: 整理部分构建选项内数据到 settings.json start:167.16MB, end 167.28MB, increase: 126.98KB
2025-3-17 22:52:19-debug: refresh db internal success
2025-3-17 22:52:19-debug: refresh db assets success
2025-3-17 22:52:19-debug: Run asset db hook engine-extends:afterRefresh ...
2025-3-17 22:52:19-debug: Run asset db hook engine-extends:afterRefresh success!
2025-3-17 22:52:19-debug: asset-db:refresh-all-database (49ms)
2025-3-17 22:52:19-debug: asset-db:worker-effect-data-processing (1ms)
2025-3-17 22:52:19-debug: asset-db-hook-engine-extends-afterRefresh (2ms)
2025-3-17 22:52:35-debug: refresh db internal success
2025-3-17 22:52:35-debug: refresh db assets success
2025-3-17 22:52:35-debug: Run asset db hook engine-extends:afterRefresh ...
2025-3-17 22:52:35-debug: Run asset db hook engine-extends:afterRefresh success!
2025-3-17 22:52:35-debug: asset-db:refresh-all-database (40ms)
2025-3-17 22:52:35-debug: asset-db:worker-effect-data-processing (1ms)
2025-3-17 22:52:35-debug: asset-db-hook-engine-extends-afterRefresh (1ms)
2025-3-17 23:00:29-debug: refresh db internal success
2025-3-17 23:00:29-debug: refresh db assets success
2025-3-17 23:00:29-debug: Run asset db hook engine-extends:afterRefresh ...
2025-3-17 23:00:29-debug: Run asset db hook engine-extends:afterRefresh success!
2025-3-17 23:00:29-debug: asset-db:refresh-all-database (37ms)
2025-3-17 23:00:29-debug: asset-db-hook-engine-extends-afterRefresh (1ms)
2025-3-17 23:00:58-debug: refresh db internal success
2025-3-17 23:00:58-debug: refresh db assets success
2025-3-17 23:00:58-debug: Run asset db hook engine-extends:afterRefresh ...
2025-3-17 23:00:58-debug: Run asset db hook engine-extends:afterRefresh success!
2025-3-17 23:00:58-debug: asset-db:worker-effect-data-processing (2ms)
2025-3-17 23:00:58-debug: asset-db-hook-engine-extends-afterRefresh (2ms)
2025-3-17 23:00:58-debug: asset-db:refresh-all-database (70ms)
2025-3-17 23:01:06-debug: refresh db internal success
2025-3-17 23:01:06-debug: refresh db assets success
2025-3-17 23:01:06-debug: Run asset db hook engine-extends:afterRefresh ...
2025-3-17 23:01:06-debug: Run asset db hook engine-extends:afterRefresh success!
2025-3-17 23:01:06-debug: asset-db:refresh-all-database (34ms)
2025-3-17 23:01:06-debug: asset-db-hook-engine-extends-afterRefresh (1ms)
2025-3-17 23:01:32-debug: start refresh asset from /Users/mac20211105/Desktop/cocosCreator-demo-learn/AircraftWars/assets/Scripts/enemy.ts...
2025-3-17 23:01:32-debug: %cImport%c: /Users/mac20211105/Desktop/cocosCreator-demo-learn/AircraftWars/assets/Scripts/enemy.tsbackground: #aaff85; color: #000;color: #000;
2025-3-17 23:01:32-debug: refresh asset /Users/mac20211105/Desktop/cocosCreator-demo-learn/AircraftWars/assets/Scripts success
2025-3-17 23:01:32-debug: %cImport%c: /Users/mac20211105/Desktop/cocosCreator-demo-learn/AircraftWars/assets/Scriptsbackground: #aaff85; color: #000;color: #000;
2025-3-17 23:01:37-debug: start rename asset from /Users/mac20211105/Desktop/cocosCreator-demo-learn/AircraftWars/assets/Scripts/enemy.ts -> /Users/mac20211105/Desktop/cocosCreator-demo-learn/AircraftWars/assets/Scripts/Enemy.ts...
2025-3-17 23:01:37-debug: start refresh asset from /Users/mac20211105/Desktop/cocosCreator-demo-learn/AircraftWars/assets/Scripts/enemy.ts...
2025-3-17 23:01:37-debug: %cDestroy%c: /Users/mac20211105/Desktop/cocosCreator-demo-learn/AircraftWars/assets/Scripts/enemy.tsbackground: #ffb8b8; color: #000;color: #000;
2025-3-17 23:01:37-debug: refresh asset /Users/mac20211105/Desktop/cocosCreator-demo-learn/AircraftWars/assets/Scripts success
2025-3-17 23:01:37-debug: start refresh asset from /Users/mac20211105/Desktop/cocosCreator-demo-learn/AircraftWars/assets/Scripts/Enemy.ts...
2025-3-17 23:01:37-debug: %cImport%c: /Users/mac20211105/Desktop/cocosCreator-demo-learn/AircraftWars/assets/Scripts/Enemy.tsbackground: #aaff85; color: #000;color: #000;
2025-3-17 23:01:37-debug: refresh asset /Users/mac20211105/Desktop/cocosCreator-demo-learn/AircraftWars/assets/Scripts success
2025-3-17 23:01:37-debug: rename asset from /Users/mac20211105/Desktop/cocosCreator-demo-learn/AircraftWars/assets/Scripts/enemy.ts -> /Users/mac20211105/Desktop/cocosCreator-demo-learn/AircraftWars/assets/Scripts/Enemy.ts success
2025-3-17 23:01:37-debug: %cImport%c: /Users/mac20211105/Desktop/cocosCreator-demo-learn/AircraftWars/assets/Scriptsbackground: #aaff85; color: #000;color: #000;
2025-3-17 23:02:05-debug: refresh db internal success
2025-3-17 23:02:05-debug: refresh db assets success
2025-3-17 23:02:05-debug: Run asset db hook engine-extends:afterRefresh ...
2025-3-17 23:02:05-debug: Run asset db hook engine-extends:afterRefresh success!
2025-3-17 23:02:05-debug: asset-db:refresh-all-database (37ms)
2025-3-17 23:02:05-debug: asset-db:worker-effect-data-processing (1ms)
2025-3-17 23:02:05-debug: asset-db-hook-engine-extends-afterRefresh (2ms)
2025-3-17 23:02:31-debug: refresh db internal success
2025-3-17 23:02:31-debug: refresh db assets success
2025-3-17 23:02:31-debug: Run asset db hook engine-extends:afterRefresh ...
2025-3-17 23:02:31-debug: Run asset db hook engine-extends:afterRefresh success!
2025-3-17 23:02:31-debug: asset-db:worker-effect-data-processing (2ms)
2025-3-17 23:02:31-debug: asset-db-hook-engine-extends-afterRefresh (2ms)
2025-3-17 23:02:31-debug: asset-db:refresh-all-database (96ms)
2025-3-17 23:02:42-debug: refresh db internal success
2025-3-17 23:02:42-debug: refresh db assets success
2025-3-17 23:02:42-debug: Run asset db hook engine-extends:afterRefresh success!
2025-3-17 23:02:42-debug: Run asset db hook engine-extends:afterRefresh ...
2025-3-17 23:02:42-debug: asset-db:refresh-all-database (41ms)
2025-3-17 23:02:42-debug: asset-db-hook-engine-extends-afterRefresh (1ms)
2025-3-17 23:03:01-debug: refresh db internal success
2025-3-17 23:03:01-debug: refresh db assets success
2025-3-17 23:03:01-debug: Run asset db hook engine-extends:afterRefresh ...
2025-3-17 23:03:01-debug: Run asset db hook engine-extends:afterRefresh success!
2025-3-17 23:03:01-debug: asset-db:refresh-all-database (56ms)
2025-3-17 23:03:01-debug: asset-db-hook-engine-extends-afterRefresh (8ms)
2025-3-17 23:03:01-debug: asset-db:worker-effect-data-processing (6ms)
2025-3-17 23:03:37-debug: refresh db internal success
2025-3-17 23:03:37-debug: refresh db assets success
2025-3-17 23:03:37-debug: Run asset db hook engine-extends:afterRefresh ...
2025-3-17 23:03:37-debug: Run asset db hook engine-extends:afterRefresh success!
2025-3-17 23:03:37-debug: asset-db:refresh-all-database (36ms)
2025-3-17 23:03:37-debug: asset-db:worker-effect-data-processing (1ms)
2025-3-17 23:03:37-debug: asset-db-hook-engine-extends-afterRefresh (1ms)
2025-3-17 23:04:16-debug: refresh db internal success
2025-3-17 23:04:16-debug: %cImport%c: /Users/mac20211105/Desktop/cocosCreator-demo-learn/AircraftWars/assets/Scripts/Enemy.tsbackground: #aaff85; color: #000;color: #000;
2025-3-17 23:04:16-debug: refresh db assets success
2025-3-17 23:04:16-debug: Run asset db hook engine-extends:afterRefresh ...
2025-3-17 23:04:16-debug: Run asset db hook engine-extends:afterRefresh success!
2025-3-17 23:04:16-debug: asset-db:refresh-all-database (40ms)
2025-3-17 23:04:16-debug: asset-db:worker-effect-data-processing (1ms)
2025-3-17 23:04:16-debug: asset-db-hook-engine-extends-afterRefresh (1ms)
2025-3-17 23:04:21-debug: Query all assets info in project
2025-3-17 23:04:21-debug: init custom config: keepNodeUuid: false, useCache: true
2025-3-17 23:04:21-debug: 查询 Asset Bundle start, progress: 0%
2025-3-17 23:04:21-debug: // ---- build task 查询 Asset Bundle ----
2025-3-17 23:04:21-debug: Query preload assets/scripts from cc.config.json: 60f7195c-ec2a-45eb-ba94-8955f60e81d0,1c02ae6f-4492-4915-b8f8-7492a3b1e4cd,810e96e4-e456-4468-9b59-f4e8f39732c0,efe8e2a3-eace-427b-b4f1-cb8a937ec77d,e9aa9a3e-5b2b-4ac7-a2c7-073de2b2b24f,8bbdbcdd-5cd4-4100-b6d5-b7c9625b6107,50f4348b-c883-4e2f-8f11-ce233b859fa1,fda095cb-831d-4601-ad94-846013963de8,f92806d7-1768-443f-afe8-12bcde84d0f0,dd3a144d-ab7f-41f0-82b8-2e43a090d496,f0416e68-0200-4b77-a926-4f9d16e494da,970b0598-bcb0-4714-91fb-2e81440dccd8,bcd64cc6-2dd9-43f6-abbe-66318d332032,d930590d-bb92-4cc8-8bd1-23cd027f9edf,a3cd009f-0ab0-420d-9278-b9fdab939bbc,6a2d0734-bd9e-4ddf-946e-caa52498cb75,c27215d8-6835-4b68-bfbb-bdeac6100c04,b5d6115f-0370-4d7c-aad3-c194cc71cf98,871c3b6c-7379-419d-bda3-794b239ab90d,ff9b0199-ce04-4cfe-86cc-6c719f08d6e4,de1c2107-70c8-4021-8459-6399f24d01c6,cbf30902-517f-40dc-af90-a550bac27cf1
2025-3-17 23:04:21-debug:   Number of all scenes: 3
2025-3-17 23:04:21-debug:   Number of all scripts: 11
2025-3-17 23:04:21-debug:   Number of other assets: 501
2025-3-17 23:04:21-debug: // ---- build task 查询 Asset Bundle ---- (3ms)
2025-3-17 23:04:21-debug: [Build Memory track]: 查询 Asset Bundle start:171.67MB, end 171.54MB, increase: -133.02KB
2025-3-17 23:04:21-debug: // ---- build task 查询 Asset Bundle ----
2025-3-17 23:04:21-debug: 查询 Asset Bundle start, progress: 5%
2025-3-17 23:04:21-debug: run build task 查询 Asset Bundle success in 3 ms√, progress: 5%
2025-3-17 23:04:21-debug: // ---- build task 查询 Asset Bundle ---- (1ms)
2025-3-17 23:04:21-debug: run build task 查询 Asset Bundle success in 1 ms√, progress: 10%
2025-3-17 23:04:21-debug: [Build Memory track]: 查询 Asset Bundle start:171.56MB, end 171.66MB, increase: 106.25KB
2025-3-17 23:04:21-debug: 整理部分构建选项内数据到 settings.json start, progress: 10%
2025-3-17 23:04:21-debug: // ---- build task 整理部分构建选项内数据到 settings.json ----
2025-3-17 23:04:21-debug: // ---- build task 整理部分构建选项内数据到 settings.json ---- (1ms)
2025-3-17 23:04:21-debug: 填充脚本数据到 settings.json start, progress: 12%
2025-3-17 23:04:21-debug: [Build Memory track]: 整理部分构建选项内数据到 settings.json start:171.69MB, end 171.00MB, increase: -701.52KB
2025-3-17 23:04:21-debug: // ---- build task 填充脚本数据到 settings.json ----
2025-3-17 23:04:21-debug: run build task 整理部分构建选项内数据到 settings.json success in 1 ms√, progress: 12%
2025-3-17 23:04:21-debug: run build task 填充脚本数据到 settings.json success in √, progress: 13%
2025-3-17 23:04:21-debug: [Build Memory track]: 填充脚本数据到 settings.json start:171.03MB, end 171.05MB, increase: 20.23KB
2025-3-17 23:04:21-debug: 整理部分构建选项内数据到 settings.json start, progress: 13%
2025-3-17 23:04:21-debug: // ---- build task 整理部分构建选项内数据到 settings.json ----
2025-3-17 23:04:21-debug: // ---- build task 整理部分构建选项内数据到 settings.json ---- (2ms)
2025-3-17 23:04:21-debug: run build task 整理部分构建选项内数据到 settings.json success in 2 ms√, progress: 15%
2025-3-17 23:04:21-debug: [Build Memory track]: 整理部分构建选项内数据到 settings.json start:171.07MB, end 171.22MB, increase: 147.64KB
2025-3-17 23:04:31-debug: Query all assets info in project
2025-3-17 23:04:31-debug: init custom config: keepNodeUuid: false, useCache: true
2025-3-17 23:04:31-debug: 查询 Asset Bundle start, progress: 0%
2025-3-17 23:04:31-debug: // ---- build task 查询 Asset Bundle ----
2025-3-17 23:04:31-debug: Query preload assets/scripts from cc.config.json: 60f7195c-ec2a-45eb-ba94-8955f60e81d0,1c02ae6f-4492-4915-b8f8-7492a3b1e4cd,810e96e4-e456-4468-9b59-f4e8f39732c0,efe8e2a3-eace-427b-b4f1-cb8a937ec77d,e9aa9a3e-5b2b-4ac7-a2c7-073de2b2b24f,8bbdbcdd-5cd4-4100-b6d5-b7c9625b6107,50f4348b-c883-4e2f-8f11-ce233b859fa1,fda095cb-831d-4601-ad94-846013963de8,f92806d7-1768-443f-afe8-12bcde84d0f0,dd3a144d-ab7f-41f0-82b8-2e43a090d496,f0416e68-0200-4b77-a926-4f9d16e494da,970b0598-bcb0-4714-91fb-2e81440dccd8,bcd64cc6-2dd9-43f6-abbe-66318d332032,d930590d-bb92-4cc8-8bd1-23cd027f9edf,a3cd009f-0ab0-420d-9278-b9fdab939bbc,6a2d0734-bd9e-4ddf-946e-caa52498cb75,c27215d8-6835-4b68-bfbb-bdeac6100c04,b5d6115f-0370-4d7c-aad3-c194cc71cf98,871c3b6c-7379-419d-bda3-794b239ab90d,ff9b0199-ce04-4cfe-86cc-6c719f08d6e4,de1c2107-70c8-4021-8459-6399f24d01c6,cbf30902-517f-40dc-af90-a550bac27cf1
2025-3-17 23:04:31-debug:   Number of all scenes: 3
2025-3-17 23:04:31-debug:   Number of all scripts: 11
2025-3-17 23:04:31-debug:   Number of other assets: 501
2025-3-17 23:04:31-debug: // ---- build task 查询 Asset Bundle ---- (3ms)
2025-3-17 23:04:31-debug: // ---- build task 查询 Asset Bundle ----
2025-3-17 23:04:31-debug: [Build Memory track]: 查询 Asset Bundle start:171.38MB, end 171.25MB, increase: -134.81KB
2025-3-17 23:04:31-debug: 查询 Asset Bundle start, progress: 5%
2025-3-17 23:04:31-debug: run build task 查询 Asset Bundle success in 3 ms√, progress: 5%
2025-3-17 23:04:31-debug: // ---- build task 查询 Asset Bundle ---- (1ms)
2025-3-17 23:04:31-debug: // ---- build task 整理部分构建选项内数据到 settings.json ----
2025-3-17 23:04:31-debug: [Build Memory track]: 查询 Asset Bundle start:171.27MB, end 171.38MB, increase: 114.84KB
2025-3-17 23:04:31-debug: 整理部分构建选项内数据到 settings.json start, progress: 10%
2025-3-17 23:04:31-debug: run build task 查询 Asset Bundle success in 1 ms√, progress: 10%
2025-3-17 23:04:31-debug: run build task 整理部分构建选项内数据到 settings.json success in √, progress: 12%
2025-3-17 23:04:31-debug: 填充脚本数据到 settings.json start, progress: 12%
2025-3-17 23:04:31-debug: // ---- build task 填充脚本数据到 settings.json ----
2025-3-17 23:04:31-debug: [Build Memory track]: 整理部分构建选项内数据到 settings.json start:171.41MB, end 171.43MB, increase: 15.94KB
2025-3-17 23:04:31-debug: // ---- build task 填充脚本数据到 settings.json ---- (1ms)
2025-3-17 23:04:31-debug: 整理部分构建选项内数据到 settings.json start, progress: 13%
2025-3-17 23:04:31-debug: [Build Memory track]: 填充脚本数据到 settings.json start:171.45MB, end 171.47MB, increase: 23.31KB
2025-3-17 23:04:31-debug: // ---- build task 整理部分构建选项内数据到 settings.json ----
2025-3-17 23:04:31-debug: run build task 填充脚本数据到 settings.json success in 1 ms√, progress: 13%
2025-3-17 23:04:31-debug: // ---- build task 整理部分构建选项内数据到 settings.json ---- (1ms)
2025-3-17 23:04:31-debug: run build task 整理部分构建选项内数据到 settings.json success in 1 ms√, progress: 15%
2025-3-17 23:04:31-debug: [Build Memory track]: 整理部分构建选项内数据到 settings.json start:171.50MB, end 171.62MB, increase: 127.51KB
2025-3-17 23:07:22-debug: refresh db internal success
2025-3-17 23:07:22-debug: refresh db assets success
2025-3-17 23:07:22-debug: Run asset db hook engine-extends:afterRefresh ...
2025-3-17 23:07:22-debug: Run asset db hook engine-extends:afterRefresh success!
2025-3-17 23:07:22-debug: asset-db:refresh-all-database (44ms)
2025-3-17 23:07:22-debug: asset-db:worker-effect-data-processing (1ms)
2025-3-17 23:07:22-debug: asset-db-hook-engine-extends-afterRefresh (1ms)
2025-3-17 23:07:53-debug: refresh db internal success
2025-3-17 23:07:53-debug: Run asset db hook engine-extends:afterRefresh ...
2025-3-17 23:07:53-debug: refresh db assets success
2025-3-17 23:07:53-debug: Run asset db hook engine-extends:afterRefresh success!
2025-3-17 23:07:53-debug: asset-db:refresh-all-database (41ms)
2025-3-17 23:07:53-debug: asset-db-hook-engine-extends-afterRefresh (2ms)
2025-3-17 23:07:53-debug: asset-db:worker-effect-data-processing (1ms)
2025-3-17 23:07:58-debug: refresh db internal success
2025-3-17 23:07:58-debug: refresh db assets success
2025-3-17 23:07:58-debug: Run asset db hook engine-extends:afterRefresh ...
2025-3-17 23:07:58-debug: Run asset db hook engine-extends:afterRefresh success!
2025-3-17 23:07:58-debug: asset-db:refresh-all-database (39ms)
2025-3-17 23:07:58-debug: asset-db:worker-effect-data-processing (1ms)
2025-3-17 23:07:58-debug: asset-db-hook-engine-extends-afterRefresh (1ms)
2025-3-17 23:08:05-debug: start refresh asset from /Users/mac20211105/Desktop/cocosCreator-demo-learn/AircraftWars/assets/Prefab/Enemy0.prefab...
2025-3-17 23:08:05-debug: %cImport%c: /Users/mac20211105/Desktop/cocosCreator-demo-learn/AircraftWars/assets/Prefab/Enemy0.prefabbackground: #aaff85; color: #000;color: #000;
2025-3-17 23:08:05-debug: refresh asset /Users/mac20211105/Desktop/cocosCreator-demo-learn/AircraftWars/assets/Prefab success
2025-3-17 23:08:05-debug: %cImport%c: /Users/mac20211105/Desktop/cocosCreator-demo-learn/AircraftWars/assets/Prefabbackground: #aaff85; color: #000;color: #000;
2025-3-17 23:09:07-debug: refresh db internal success
2025-3-17 23:09:07-debug: refresh db assets success
2025-3-17 23:09:07-debug: Run asset db hook engine-extends:afterRefresh ...
2025-3-17 23:09:07-debug: Run asset db hook engine-extends:afterRefresh success!
2025-3-17 23:09:07-debug: asset-db:refresh-all-database (98ms)
2025-3-17 23:09:07-debug: asset-db:worker-effect-data-processing (5ms)
2025-3-17 23:09:07-debug: asset-db-hook-engine-extends-afterRefresh (6ms)
2025-3-17 23:09:17-debug: refresh db internal success
2025-3-17 23:09:17-debug: refresh db assets success
2025-3-17 23:09:17-debug: Run asset db hook engine-extends:afterRefresh ...
2025-3-17 23:09:17-debug: Run asset db hook engine-extends:afterRefresh success!
2025-3-17 23:09:17-debug: asset-db:refresh-all-database (39ms)
2025-3-17 23:09:17-debug: asset-db:worker-effect-data-processing (1ms)
2025-3-17 23:09:17-debug: asset-db-hook-engine-extends-afterRefresh (1ms)
2025-3-17 23:09:19-debug: refresh db internal success
2025-3-17 23:09:19-debug: refresh db assets success
2025-3-17 23:09:19-debug: Run asset db hook engine-extends:afterRefresh ...
2025-3-17 23:09:19-debug: Run asset db hook engine-extends:afterRefresh success!
2025-3-17 23:09:19-debug: asset-db:refresh-all-database (35ms)
2025-3-17 23:09:32-debug: refresh db internal success
2025-3-17 23:09:32-debug: refresh db assets success
2025-3-17 23:09:32-debug: Run asset db hook engine-extends:afterRefresh ...
2025-3-17 23:09:32-debug: Run asset db hook engine-extends:afterRefresh success!
2025-3-17 23:09:32-debug: asset-db:refresh-all-database (33ms)
2025-3-17 23:09:32-debug: asset-db:worker-effect-data-processing (2ms)
2025-3-17 23:09:32-debug: asset-db-hook-engine-extends-afterRefresh (3ms)
2025-3-17 23:17:04-debug: refresh db internal success
2025-3-17 23:17:04-debug: refresh db assets success
2025-3-17 23:17:04-debug: Run asset db hook engine-extends:afterRefresh ...
2025-3-17 23:17:04-debug: Run asset db hook engine-extends:afterRefresh success!
2025-3-17 23:17:04-debug: asset-db:refresh-all-database (41ms)
2025-3-17 23:17:04-debug: asset-db-hook-engine-extends-afterRefresh (5ms)
2025-3-17 23:17:04-debug: asset-db:worker-effect-data-processing (5ms)
2025-3-17 23:18:58-debug: refresh db internal success
2025-3-17 23:18:58-debug: refresh db assets success
2025-3-17 23:18:58-debug: Run asset db hook engine-extends:afterRefresh ...
2025-3-17 23:18:58-debug: Run asset db hook engine-extends:afterRefresh success!
2025-3-17 23:18:58-debug: asset-db:refresh-all-database (39ms)
2025-3-17 23:18:58-debug: asset-db:worker-effect-data-processing (2ms)
2025-3-17 23:18:58-debug: asset-db-hook-engine-extends-afterRefresh (3ms)
2025-3-17 23:19:09-debug: refresh db internal success
2025-3-17 23:19:09-debug: refresh db assets success
2025-3-17 23:19:09-debug: Run asset db hook engine-extends:afterRefresh ...
2025-3-17 23:19:09-debug: Run asset db hook engine-extends:afterRefresh success!
2025-3-17 23:19:09-debug: asset-db:refresh-all-database (24ms)
2025-3-17 23:19:09-debug: asset-db:worker-effect-data-processing (1ms)
2025-3-17 23:19:09-debug: asset-db-hook-engine-extends-afterRefresh (1ms)
2025-3-17 23:20:26-debug: start refresh asset from /Users/mac20211105/Desktop/cocosCreator-demo-learn/AircraftWars/assets/Animations/Enemy0_Down.anim...
2025-3-17 23:20:26-debug: %cImport%c: /Users/mac20211105/Desktop/cocosCreator-demo-learn/AircraftWars/assets/Animations/Enemy0_Down.animbackground: #aaff85; color: #000;color: #000;
2025-3-17 23:20:26-debug: refresh asset /Users/mac20211105/Desktop/cocosCreator-demo-learn/AircraftWars/assets/Animations success
2025-3-17 23:20:26-debug: %cImport%c: /Users/mac20211105/Desktop/cocosCreator-demo-learn/AircraftWars/assets/Animationsbackground: #aaff85; color: #000;color: #000;
2025-3-17 23:20:26-debug: refresh db internal success
2025-3-17 23:20:26-debug: refresh db assets success
2025-3-17 23:20:26-debug: Run asset db hook engine-extends:afterRefresh ...
2025-3-17 23:20:26-debug: Run asset db hook engine-extends:afterRefresh success!
2025-3-17 23:20:26-debug: asset-db:refresh-all-database (52ms)
2025-3-17 23:20:26-debug: asset-db:worker-effect-data-processing (1ms)
2025-3-17 23:20:26-debug: asset-db-hook-engine-extends-afterRefresh (1ms)
2025-3-17 23:20:54-debug: refresh db internal success
2025-3-17 23:20:55-debug: refresh db assets success
2025-3-17 23:20:55-debug: Run asset db hook engine-extends:afterRefresh ...
2025-3-17 23:20:55-debug: Run asset db hook engine-extends:afterRefresh success!
2025-3-17 23:20:55-debug: asset-db:refresh-all-database (35ms)
2025-3-17 23:21:25-debug: refresh db internal success
2025-3-17 23:21:25-debug: refresh db assets success
2025-3-17 23:21:25-debug: Run asset db hook engine-extends:afterRefresh ...
2025-3-17 23:21:25-debug: Run asset db hook engine-extends:afterRefresh success!
2025-3-17 23:21:25-debug: asset-db:refresh-all-database (36ms)
2025-3-17 23:21:25-debug: asset-db:worker-effect-data-processing (1ms)
2025-3-17 23:21:25-debug: asset-db-hook-engine-extends-afterRefresh (2ms)
2025-3-17 23:21:32-debug: refresh db internal success
2025-3-17 23:21:32-debug: refresh db assets success
2025-3-17 23:21:32-debug: Run asset db hook engine-extends:afterRefresh ...
2025-3-17 23:21:32-debug: Run asset db hook engine-extends:afterRefresh success!
2025-3-17 23:21:32-debug: asset-db:refresh-all-database (32ms)
2025-3-17 23:21:32-debug: asset-db:worker-effect-data-processing (1ms)
2025-3-17 23:21:32-debug: asset-db-hook-engine-extends-afterRefresh (2ms)
2025-3-17 23:21:58-debug: refresh db internal success
2025-3-17 23:21:58-debug: refresh db assets success
2025-3-17 23:21:58-debug: Run asset db hook engine-extends:afterRefresh ...
2025-3-17 23:21:58-debug: Run asset db hook engine-extends:afterRefresh success!
2025-3-17 23:21:58-debug: asset-db:refresh-all-database (126ms)
2025-3-17 23:21:58-debug: asset-db-hook-engine-extends-afterRefresh (4ms)
2025-3-17 23:21:58-debug: asset-db:worker-effect-data-processing (2ms)
2025-3-17 23:22:04-debug: refresh db internal success
2025-3-17 23:22:04-debug: refresh db assets success
2025-3-17 23:22:04-debug: Run asset db hook engine-extends:afterRefresh ...
2025-3-17 23:22:04-debug: Run asset db hook engine-extends:afterRefresh success!
2025-3-17 23:22:04-debug: asset-db:refresh-all-database (24ms)
2025-3-17 23:22:04-debug: asset-db:worker-effect-data-processing (1ms)
2025-3-17 23:22:04-debug: asset-db-hook-engine-extends-afterRefresh (1ms)
2025-3-17 23:22:33-debug: refresh db internal success
2025-3-17 23:22:33-debug: refresh db assets success
2025-3-17 23:22:33-debug: Run asset db hook engine-extends:afterRefresh ...
2025-3-17 23:22:33-debug: Run asset db hook engine-extends:afterRefresh success!
2025-3-17 23:22:33-debug: asset-db:refresh-all-database (38ms)
2025-3-17 23:22:33-debug: asset-db:worker-effect-data-processing (1ms)
2025-3-17 23:22:33-debug: asset-db-hook-engine-extends-afterRefresh (1ms)
2025-3-17 23:23:07-debug: refresh db internal success
2025-3-17 23:23:07-debug: refresh db assets success
2025-3-17 23:23:07-debug: Run asset db hook engine-extends:afterRefresh ...
2025-3-17 23:23:07-debug: Run asset db hook engine-extends:afterRefresh success!
2025-3-17 23:23:07-debug: asset-db:refresh-all-database (28ms)
2025-3-17 23:23:07-debug: asset-db:worker-effect-data-processing (1ms)
2025-3-17 23:23:07-debug: asset-db-hook-engine-extends-afterRefresh (1ms)
2025-3-17 23:26:48-debug: refresh db internal success
2025-3-17 23:26:48-debug: refresh db assets success
2025-3-17 23:26:48-debug: Run asset db hook engine-extends:afterRefresh ...
2025-3-17 23:26:48-debug: Run asset db hook engine-extends:afterRefresh success!
2025-3-17 23:26:48-debug: asset-db:refresh-all-database (42ms)
2025-3-17 23:26:48-debug: asset-db:worker-effect-data-processing (1ms)
2025-3-17 23:26:48-debug: asset-db-hook-engine-extends-afterRefresh (1ms)
2025-3-17 23:28:10-debug: refresh db internal success
2025-3-17 23:28:10-debug: refresh db assets success
2025-3-17 23:28:10-debug: Run asset db hook engine-extends:afterRefresh ...
2025-3-17 23:28:10-debug: Run asset db hook engine-extends:afterRefresh success!
2025-3-17 23:28:10-debug: asset-db:refresh-all-database (73ms)
2025-3-17 23:28:10-debug: asset-db:worker-effect-data-processing (1ms)
2025-3-17 23:28:10-debug: asset-db-hook-engine-extends-afterRefresh (2ms)
2025-3-17 23:29:24-debug: refresh db internal success
2025-3-17 23:29:24-debug: refresh db assets success
2025-3-17 23:29:24-debug: Run asset db hook engine-extends:afterRefresh ...
2025-3-17 23:29:24-debug: Run asset db hook engine-extends:afterRefresh success!
2025-3-17 23:29:24-debug: asset-db:refresh-all-database (80ms)
2025-3-17 23:29:24-debug: asset-db:worker-effect-data-processing (2ms)
2025-3-17 23:29:24-debug: asset-db-hook-engine-extends-afterRefresh (3ms)
2025-3-17 23:29:29-debug: refresh db internal success
2025-3-17 23:29:29-debug: refresh db assets success
2025-3-17 23:29:29-debug: Run asset db hook engine-extends:afterRefresh ...
2025-3-17 23:29:29-debug: Run asset db hook engine-extends:afterRefresh success!
2025-3-17 23:29:29-debug: asset-db:refresh-all-database (24ms)
2025-3-17 23:30:01-debug: refresh db internal success
2025-3-17 23:30:01-debug: refresh db assets success
2025-3-17 23:30:01-debug: Run asset db hook engine-extends:afterRefresh ...
2025-3-17 23:30:01-debug: Run asset db hook engine-extends:afterRefresh success!
2025-3-17 23:30:01-debug: asset-db:refresh-all-database (43ms)
2025-3-17 23:30:01-debug: asset-db-hook-engine-extends-afterRefresh (1ms)
2025-3-17 23:30:17-debug: refresh db internal success
2025-3-17 23:30:17-debug: refresh db assets success
2025-3-17 23:30:17-debug: Run asset db hook engine-extends:afterRefresh ...
2025-3-17 23:30:17-debug: Run asset db hook engine-extends:afterRefresh success!
2025-3-17 23:30:17-debug: asset-db:refresh-all-database (32ms)
2025-3-17 23:30:17-debug: asset-db:worker-effect-data-processing (1ms)
2025-3-17 23:30:17-debug: asset-db-hook-engine-extends-afterRefresh (1ms)
2025-3-17 23:30:46-debug: refresh db internal success
2025-3-17 23:30:46-debug: refresh db assets success
2025-3-17 23:30:46-debug: Run asset db hook engine-extends:afterRefresh ...
2025-3-17 23:30:46-debug: Run asset db hook engine-extends:afterRefresh success!
2025-3-17 23:30:46-debug: asset-db:refresh-all-database (54ms)
2025-3-17 23:30:46-debug: asset-db:worker-effect-data-processing (1ms)
2025-3-17 23:30:46-debug: asset-db-hook-engine-extends-afterRefresh (1ms)
2025-3-17 23:31:18-debug: refresh db internal success
2025-3-17 23:31:18-debug: refresh db assets success
2025-3-17 23:31:18-debug: Run asset db hook engine-extends:afterRefresh ...
2025-3-17 23:31:18-debug: Run asset db hook engine-extends:afterRefresh success!
2025-3-17 23:31:18-debug: asset-db:refresh-all-database (22ms)
2025-3-17 23:31:18-debug: asset-db:worker-effect-data-processing (1ms)
2025-3-17 23:31:18-debug: asset-db-hook-engine-extends-afterRefresh (1ms)
2025-3-17 23:31:25-debug: refresh db internal success
2025-3-17 23:31:25-debug: refresh db assets success
2025-3-17 23:31:25-debug: Run asset db hook engine-extends:afterRefresh ...
2025-3-17 23:31:25-debug: Run asset db hook engine-extends:afterRefresh success!
2025-3-17 23:31:25-debug: asset-db:refresh-all-database (103ms)
2025-3-17 23:31:25-debug: asset-db:worker-effect-data-processing (1ms)
2025-3-17 23:31:25-debug: asset-db-hook-engine-extends-afterRefresh (2ms)
2025-3-17 23:32:10-debug: refresh db internal success
2025-3-17 23:32:10-debug: refresh db assets success
2025-3-17 23:32:10-debug: Run asset db hook engine-extends:afterRefresh ...
2025-3-17 23:32:10-debug: Run asset db hook engine-extends:afterRefresh success!
2025-3-17 23:32:10-debug: asset-db:refresh-all-database (34ms)
2025-3-17 23:32:10-debug: asset-db:worker-effect-data-processing (1ms)
2025-3-17 23:32:10-debug: asset-db-hook-engine-extends-afterRefresh (1ms)
2025-3-17 23:32:20-debug: refresh db internal success
2025-3-17 23:32:20-debug: refresh db assets success
2025-3-17 23:32:20-debug: Run asset db hook engine-extends:afterRefresh ...
2025-3-17 23:32:20-debug: Run asset db hook engine-extends:afterRefresh success!
2025-3-17 23:32:20-debug: asset-db:refresh-all-database (59ms)
2025-3-17 23:32:20-debug: asset-db:worker-effect-data-processing (6ms)
2025-3-17 23:32:20-debug: asset-db-hook-engine-extends-afterRefresh (7ms)
2025-3-17 23:32:33-debug: refresh db internal success
2025-3-17 23:32:33-debug: refresh db assets success
2025-3-17 23:32:33-debug: Run asset db hook engine-extends:afterRefresh ...
2025-3-17 23:32:33-debug: Run asset db hook engine-extends:afterRefresh success!
2025-3-17 23:32:33-debug: asset-db:refresh-all-database (32ms)
2025-3-17 23:32:33-debug: asset-db:worker-effect-data-processing (1ms)
2025-3-17 23:32:33-debug: asset-db-hook-engine-extends-afterRefresh (1ms)
2025-3-17 23:32:55-debug: refresh db internal success
2025-3-17 23:32:55-debug: refresh db assets success
2025-3-17 23:32:55-debug: Run asset db hook engine-extends:afterRefresh ...
2025-3-17 23:32:55-debug: Run asset db hook engine-extends:afterRefresh success!
2025-3-17 23:32:55-debug: asset-db:refresh-all-database (38ms)
2025-3-17 23:32:55-debug: asset-db:worker-effect-data-processing (1ms)
2025-3-17 23:32:55-debug: asset-db-hook-engine-extends-afterRefresh (1ms)
2025-3-17 23:33:23-debug: refresh db internal success
2025-3-17 23:33:23-debug: refresh db assets success
2025-3-17 23:33:23-debug: Run asset db hook engine-extends:afterRefresh ...
2025-3-17 23:33:23-debug: Run asset db hook engine-extends:afterRefresh success!
2025-3-17 23:33:23-debug: asset-db:refresh-all-database (70ms)
2025-3-17 23:33:23-debug: asset-db:worker-effect-data-processing (4ms)
2025-3-17 23:33:23-debug: asset-db-hook-engine-extends-afterRefresh (5ms)
2025-3-17 23:42:31-debug: refresh db internal success
2025-3-17 23:42:31-debug: refresh db assets success
2025-3-17 23:42:31-debug: Run asset db hook engine-extends:afterRefresh ...
2025-3-17 23:42:31-debug: Run asset db hook engine-extends:afterRefresh success!
2025-3-17 23:42:31-debug: asset-db:refresh-all-database (36ms)
2025-3-17 23:42:31-debug: asset-db:worker-effect-data-processing (1ms)
2025-3-17 23:42:31-debug: asset-db-hook-engine-extends-afterRefresh (1ms)
2025-3-17 23:42:36-debug: refresh db internal success
2025-3-17 23:42:36-debug: refresh db assets success
2025-3-17 23:42:36-debug: Run asset db hook engine-extends:afterRefresh ...
2025-3-17 23:42:36-debug: Run asset db hook engine-extends:afterRefresh success!
2025-3-17 23:42:36-debug: asset-db:refresh-all-database (24ms)
2025-3-17 23:42:36-debug: asset-db:worker-effect-data-processing (1ms)
2025-3-17 23:42:36-debug: asset-db-hook-engine-extends-afterRefresh (1ms)
2025-3-17 23:43:04-debug: refresh db internal success
2025-3-17 23:43:04-debug: refresh db assets success
2025-3-17 23:43:04-debug: Run asset db hook engine-extends:afterRefresh ...
2025-3-17 23:43:04-debug: Run asset db hook engine-extends:afterRefresh success!
2025-3-17 23:43:04-debug: asset-db:refresh-all-database (38ms)
2025-3-17 23:43:04-debug: asset-db:worker-effect-data-processing (1ms)
2025-3-17 23:43:04-debug: asset-db-hook-engine-extends-afterRefresh (1ms)
2025-3-17 23:43:11-debug: %cImport%c: /Users/mac20211105/Desktop/cocosCreator-demo-learn/AircraftWars/assets/Animations/Enemy0_Down.animbackground: #aaff85; color: #000;color: #000;
2025-3-17 23:43:11-debug: asset-db:reimport-asset29969009-0f9c-4d8a-8757-68f10f68beb9 (9ms)
2025-3-17 23:43:12-debug: %cImport%c: /Users/mac20211105/Desktop/cocosCreator-demo-learn/AircraftWars/assets/Animations/Enemy0_Down.animbackground: #aaff85; color: #000;color: #000;
2025-3-17 23:43:12-debug: asset-db:reimport-asset29969009-0f9c-4d8a-8757-68f10f68beb9 (2ms)
2025-3-17 23:43:36-debug: refresh db internal success
2025-3-17 23:43:36-debug: refresh db assets success
2025-3-17 23:43:36-debug: Run asset db hook engine-extends:afterRefresh ...
2025-3-17 23:43:36-debug: Run asset db hook engine-extends:afterRefresh success!
2025-3-17 23:43:36-debug: asset-db:refresh-all-database (33ms)
2025-3-17 23:43:36-debug: asset-db:worker-effect-data-processing (1ms)
2025-3-17 23:43:36-debug: asset-db-hook-engine-extends-afterRefresh (1ms)
2025-3-17 23:43:56-debug: refresh db internal success
2025-3-17 23:43:56-debug: refresh db assets success
2025-3-17 23:43:56-debug: Run asset db hook engine-extends:afterRefresh ...
2025-3-17 23:43:56-debug: Run asset db hook engine-extends:afterRefresh success!
2025-3-17 23:43:56-debug: asset-db:refresh-all-database (41ms)
2025-3-17 23:43:56-debug: asset-db:worker-effect-data-processing (1ms)
2025-3-17 23:43:56-debug: asset-db-hook-engine-extends-afterRefresh (1ms)
2025-3-17 23:44:06-debug: refresh db internal success
2025-3-17 23:44:06-debug: refresh db assets success
2025-3-17 23:44:06-debug: Run asset db hook engine-extends:afterRefresh ...
2025-3-17 23:44:06-debug: Run asset db hook engine-extends:afterRefresh success!
2025-3-17 23:44:06-debug: asset-db:refresh-all-database (30ms)
2025-3-17 23:44:06-debug: asset-db:worker-effect-data-processing (1ms)
2025-3-17 23:44:06-debug: asset-db-hook-engine-extends-afterRefresh (1ms)
2025-3-17 23:46:28-debug: refresh db internal success
2025-3-17 23:46:28-debug: %cImport%c: /Users/mac20211105/Desktop/cocosCreator-demo-learn/AircraftWars/assets/Scripts/Enemy.tsbackground: #aaff85; color: #000;color: #000;
2025-3-17 23:46:28-debug: refresh db assets success
2025-3-17 23:46:28-debug: Run asset db hook engine-extends:afterRefresh ...
2025-3-17 23:46:28-debug: Run asset db hook engine-extends:afterRefresh success!
2025-3-17 23:46:28-debug: asset-db:refresh-all-database (39ms)
2025-3-17 23:46:28-debug: asset-db:worker-effect-data-processing (2ms)
2025-3-17 23:46:28-debug: asset-db-hook-engine-extends-afterRefresh (2ms)
2025-3-17 23:47:11-debug: refresh db internal success
2025-3-17 23:47:11-debug: refresh db assets success
2025-3-17 23:47:11-debug: Run asset db hook engine-extends:afterRefresh ...
2025-3-17 23:47:11-debug: Run asset db hook engine-extends:afterRefresh success!
2025-3-17 23:47:11-debug: asset-db:refresh-all-database (95ms)
2025-3-17 23:47:11-debug: asset-db:worker-effect-data-processing (1ms)
2025-3-17 23:47:11-debug: asset-db-hook-engine-extends-afterRefresh (1ms)
2025-3-17 23:48:05-debug: refresh db internal success
2025-3-17 23:48:05-debug: refresh db assets success
2025-3-17 23:48:05-debug: Run asset db hook engine-extends:afterRefresh ...
2025-3-17 23:48:05-debug: Run asset db hook engine-extends:afterRefresh success!
2025-3-17 23:48:05-debug: asset-db:worker-effect-data-processing (1ms)
2025-3-17 23:48:05-debug: asset-db-hook-engine-extends-afterRefresh (1ms)
2025-3-17 23:48:05-debug: asset-db:refresh-all-database (40ms)
2025-3-17 23:48:14-debug: refresh db internal success
2025-3-17 23:48:14-debug: refresh db assets success
2025-3-17 23:48:14-debug: Run asset db hook engine-extends:afterRefresh ...
2025-3-17 23:48:14-debug: Run asset db hook engine-extends:afterRefresh success!
2025-3-17 23:48:14-debug: asset-db:refresh-all-database (62ms)
2025-3-17 23:48:14-debug: asset-db:worker-effect-data-processing (1ms)
2025-3-17 23:48:14-debug: asset-db-hook-engine-extends-afterRefresh (1ms)
2025-3-17 23:48:34-debug: refresh db internal success
2025-3-17 23:48:34-debug: refresh db assets success
2025-3-17 23:48:34-debug: Run asset db hook engine-extends:afterRefresh ...
2025-3-17 23:48:34-debug: Run asset db hook engine-extends:afterRefresh success!
2025-3-17 23:48:34-debug: asset-db:refresh-all-database (87ms)
2025-3-17 23:48:34-debug: asset-db:worker-effect-data-processing (1ms)
2025-3-17 23:48:34-debug: asset-db-hook-engine-extends-afterRefresh (1ms)
2025-3-17 23:48:45-debug: refresh db internal success
2025-3-17 23:48:45-debug: refresh db assets success
2025-3-17 23:48:45-debug: Run asset db hook engine-extends:afterRefresh ...
2025-3-17 23:48:45-debug: Run asset db hook engine-extends:afterRefresh success!
2025-3-17 23:48:45-debug: asset-db:refresh-all-database (31ms)
2025-3-17 23:48:45-debug: asset-db-hook-engine-extends-afterRefresh (1ms)
2025-3-17 23:48:53-debug: Query all assets info in project
2025-3-17 23:48:53-debug: init custom config: keepNodeUuid: false, useCache: true
2025-3-17 23:48:53-debug: 查询 Asset Bundle start, progress: 0%
2025-3-17 23:48:53-debug: // ---- build task 查询 Asset Bundle ----
2025-3-17 23:48:53-debug: Query preload assets/scripts from cc.config.json: 60f7195c-ec2a-45eb-ba94-8955f60e81d0,1c02ae6f-4492-4915-b8f8-7492a3b1e4cd,810e96e4-e456-4468-9b59-f4e8f39732c0,efe8e2a3-eace-427b-b4f1-cb8a937ec77d,e9aa9a3e-5b2b-4ac7-a2c7-073de2b2b24f,8bbdbcdd-5cd4-4100-b6d5-b7c9625b6107,50f4348b-c883-4e2f-8f11-ce233b859fa1,fda095cb-831d-4601-ad94-846013963de8,f92806d7-1768-443f-afe8-12bcde84d0f0,dd3a144d-ab7f-41f0-82b8-2e43a090d496,f0416e68-0200-4b77-a926-4f9d16e494da,970b0598-bcb0-4714-91fb-2e81440dccd8,bcd64cc6-2dd9-43f6-abbe-66318d332032,d930590d-bb92-4cc8-8bd1-23cd027f9edf,a3cd009f-0ab0-420d-9278-b9fdab939bbc,6a2d0734-bd9e-4ddf-946e-caa52498cb75,c27215d8-6835-4b68-bfbb-bdeac6100c04,b5d6115f-0370-4d7c-aad3-c194cc71cf98,871c3b6c-7379-419d-bda3-794b239ab90d,ff9b0199-ce04-4cfe-86cc-6c719f08d6e4,de1c2107-70c8-4021-8459-6399f24d01c6,cbf30902-517f-40dc-af90-a550bac27cf1
2025-3-17 23:48:53-debug:   Number of all scenes: 3
2025-3-17 23:48:53-debug:   Number of all scripts: 11
2025-3-17 23:48:53-debug:   Number of other assets: 503
2025-3-17 23:48:53-debug: // ---- build task 查询 Asset Bundle ---- (3ms)
2025-3-17 23:48:53-debug: [Build Memory track]: 查询 Asset Bundle start:175.90MB, end 175.86MB, increase: -46.04KB
2025-3-17 23:48:53-debug: 查询 Asset Bundle start, progress: 5%
2025-3-17 23:48:53-debug: run build task 查询 Asset Bundle success in 3 ms√, progress: 5%
2025-3-17 23:48:53-debug: // ---- build task 查询 Asset Bundle ----
2025-3-17 23:48:53-debug: // ---- build task 查询 Asset Bundle ---- (1ms)
2025-3-17 23:48:53-debug: run build task 查询 Asset Bundle success in 1 ms√, progress: 10%
2025-3-17 23:48:53-debug: [Build Memory track]: 查询 Asset Bundle start:175.88MB, end 175.28MB, increase: -617.03KB
2025-3-17 23:48:53-debug: 整理部分构建选项内数据到 settings.json start, progress: 10%
2025-3-17 23:48:53-debug: // ---- build task 整理部分构建选项内数据到 settings.json ----
2025-3-17 23:48:53-debug: run build task 整理部分构建选项内数据到 settings.json success in √, progress: 12%
2025-3-17 23:48:53-debug: 填充脚本数据到 settings.json start, progress: 12%
2025-3-17 23:48:53-debug: [Build Memory track]: 整理部分构建选项内数据到 settings.json start:175.31MB, end 175.32MB, increase: 15.73KB
2025-3-17 23:48:53-debug: // ---- build task 填充脚本数据到 settings.json ----
2025-3-17 23:48:53-debug: run build task 填充脚本数据到 settings.json success in √, progress: 13%
2025-3-17 23:48:53-debug: [Build Memory track]: 填充脚本数据到 settings.json start:175.35MB, end 175.36MB, increase: 15.59KB
2025-3-17 23:48:53-debug: 整理部分构建选项内数据到 settings.json start, progress: 13%
2025-3-17 23:48:53-debug: // ---- build task 整理部分构建选项内数据到 settings.json ----
2025-3-17 23:48:53-debug: // ---- build task 整理部分构建选项内数据到 settings.json ---- (2ms)
2025-3-17 23:48:53-debug: run build task 整理部分构建选项内数据到 settings.json success in 2 ms√, progress: 15%
2025-3-17 23:48:53-debug: [Build Memory track]: 整理部分构建选项内数据到 settings.json start:175.42MB, end 175.57MB, increase: 152.61KB
2025-3-17 23:49:06-debug: Query all assets info in project
2025-3-17 23:49:06-debug: init custom config: keepNodeUuid: false, useCache: true
2025-3-17 23:49:06-debug: 查询 Asset Bundle start, progress: 0%
2025-3-17 23:49:06-debug: // ---- build task 查询 Asset Bundle ----
2025-3-17 23:49:06-debug: Query preload assets/scripts from cc.config.json: 60f7195c-ec2a-45eb-ba94-8955f60e81d0,1c02ae6f-4492-4915-b8f8-7492a3b1e4cd,810e96e4-e456-4468-9b59-f4e8f39732c0,efe8e2a3-eace-427b-b4f1-cb8a937ec77d,e9aa9a3e-5b2b-4ac7-a2c7-073de2b2b24f,8bbdbcdd-5cd4-4100-b6d5-b7c9625b6107,50f4348b-c883-4e2f-8f11-ce233b859fa1,fda095cb-831d-4601-ad94-846013963de8,f92806d7-1768-443f-afe8-12bcde84d0f0,dd3a144d-ab7f-41f0-82b8-2e43a090d496,f0416e68-0200-4b77-a926-4f9d16e494da,970b0598-bcb0-4714-91fb-2e81440dccd8,bcd64cc6-2dd9-43f6-abbe-66318d332032,d930590d-bb92-4cc8-8bd1-23cd027f9edf,a3cd009f-0ab0-420d-9278-b9fdab939bbc,6a2d0734-bd9e-4ddf-946e-caa52498cb75,c27215d8-6835-4b68-bfbb-bdeac6100c04,b5d6115f-0370-4d7c-aad3-c194cc71cf98,871c3b6c-7379-419d-bda3-794b239ab90d,ff9b0199-ce04-4cfe-86cc-6c719f08d6e4,de1c2107-70c8-4021-8459-6399f24d01c6,cbf30902-517f-40dc-af90-a550bac27cf1
2025-3-17 23:49:06-debug:   Number of all scenes: 3
2025-3-17 23:49:06-debug:   Number of all scripts: 11
2025-3-17 23:49:06-debug:   Number of other assets: 503
2025-3-17 23:49:06-debug: // ---- build task 查询 Asset Bundle ---- (2ms)
2025-3-17 23:49:06-debug: [Build Memory track]: 查询 Asset Bundle start:175.46MB, end 176.08MB, increase: 627.21KB
2025-3-17 23:49:06-debug: run build task 查询 Asset Bundle success in 2 ms√, progress: 5%
2025-3-17 23:49:06-debug: 查询 Asset Bundle start, progress: 5%
2025-3-17 23:49:06-debug: // ---- build task 查询 Asset Bundle ----
2025-3-17 23:49:06-debug: // ---- build task 查询 Asset Bundle ---- (1ms)
2025-3-17 23:49:06-debug: // ---- build task 整理部分构建选项内数据到 settings.json ----
2025-3-17 23:49:06-debug: [Build Memory track]: 查询 Asset Bundle start:176.12MB, end 175.49MB, increase: -646.90KB
2025-3-17 23:49:06-debug: 整理部分构建选项内数据到 settings.json start, progress: 10%
2025-3-17 23:49:06-debug: run build task 查询 Asset Bundle success in 1 ms√, progress: 10%
2025-3-17 23:49:06-debug: run build task 整理部分构建选项内数据到 settings.json success in √, progress: 12%
2025-3-17 23:49:06-debug: [Build Memory track]: 整理部分构建选项内数据到 settings.json start:175.51MB, end 175.53MB, increase: 16.19KB
2025-3-17 23:49:06-debug: 填充脚本数据到 settings.json start, progress: 12%
2025-3-17 23:49:06-debug: // ---- build task 填充脚本数据到 settings.json ----
2025-3-17 23:49:06-debug: run build task 填充脚本数据到 settings.json success in √, progress: 13%
2025-3-17 23:49:06-debug: [Build Memory track]: 填充脚本数据到 settings.json start:175.55MB, end 175.57MB, increase: 15.13KB
2025-3-17 23:49:06-debug: 整理部分构建选项内数据到 settings.json start, progress: 13%
2025-3-17 23:49:06-debug: // ---- build task 整理部分构建选项内数据到 settings.json ----
2025-3-17 23:49:06-debug: // ---- build task 整理部分构建选项内数据到 settings.json ---- (1ms)
2025-3-17 23:49:06-debug: run build task 整理部分构建选项内数据到 settings.json success in 1 ms√, progress: 15%
2025-3-17 23:49:06-debug: [Build Memory track]: 整理部分构建选项内数据到 settings.json start:175.59MB, end 175.74MB, increase: 152.80KB
2025-3-17 23:50:06-debug: refresh db internal success
2025-3-17 23:50:06-debug: refresh db assets success
2025-3-17 23:50:06-debug: Run asset db hook engine-extends:afterRefresh ...
2025-3-17 23:50:06-debug: Run asset db hook engine-extends:afterRefresh success!
2025-3-17 23:50:06-debug: asset-db:refresh-all-database (40ms)
2025-3-17 23:50:06-debug: asset-db:worker-effect-data-processing (1ms)
2025-3-17 23:50:06-debug: asset-db-hook-engine-extends-afterRefresh (1ms)
2025-3-18 09:50:20-debug: refresh db internal success
2025-3-18 09:50:20-debug: refresh db assets success
2025-3-18 09:50:20-debug: Run asset db hook engine-extends:afterRefresh ...
2025-3-18 09:50:20-debug: Run asset db hook engine-extends:afterRefresh success!
2025-3-18 09:50:20-debug: asset-db:refresh-all-database (45ms)
2025-3-18 09:50:20-debug: asset-db:worker-effect-data-processing (1ms)
2025-3-18 09:50:20-debug: asset-db-hook-engine-extends-afterRefresh (2ms)
