2025-3-1 23:55:43-debug: start **** info
2025-3-1 23:55:43-log: Cannot access game frame or container.
2025-3-1 23:55:44-debug: asset-db:require-engine-code (1052ms)
2025-3-1 23:55:44-log: meshopt wasm decoder initialized
2025-3-1 23:55:44-log: [bullet]:bullet wasm lib loaded.
2025-3-1 23:55:44-log: [box2d]:box2d wasm lib loaded.
2025-3-1 23:55:44-log: Cocos Creator v3.8.5
2025-3-1 23:55:44-debug: [Assets Memory track]: asset-db-plugin-register: programming start:80.22MB, end 87.91MB, increase: 7.69MB
2025-3-1 23:55:47-debug: [Assets Memory track]: asset-db-plugin-register: builder start:87.94MB, end 178.44MB, increase: 90.50MB
2025-3-1 23:55:47-debug: [Assets Memory track]: asset-db-plugin-register: project start:80.10MB, end 175.50MB, increase: 95.40MB
2025-3-1 23:55:47-debug: [Assets Memory track]: asset-db:worker-init: initPlugin start:79.41MB, end 175.53MB, increase: 96.12MB
2025-3-1 23:55:44-log: Using legacy pipeline
2025-3-1 23:55:44-debug: [Assets Memory track]: asset-db:worker-init: initEngine start:29.24MB, end 79.39MB, increase: 50.14MB
2025-3-1 23:55:44-log: Forward render pipeline initialized.
2025-3-1 23:55:47-debug: asset-db:worker-init: initPlugin (3263ms)
2025-3-1 23:55:47-debug: [Assets Memory track]: asset-db:worker-init start:29.23MB, end 175.67MB, increase: 146.44MB
2025-3-1 23:55:47-debug: Run asset db hook programming:beforePreStart ...
2025-3-1 23:55:47-debug: Run asset db hook programming:beforePreStart success!
2025-3-1 23:55:47-debug: Run asset db hook engine-extends:beforePreStart ...
2025-3-1 23:55:47-debug: Run asset db hook engine-extends:beforePreStart success!
2025-3-1 23:55:47-debug: asset-db:worker-init (4565ms)
2025-3-1 23:55:47-debug: asset-db-hook-programming-beforePreStart (48ms)
2025-3-1 23:55:47-debug: asset-db-hook-engine-extends-beforePreStart (47ms)
2025-3-1 23:55:47-debug: Preimport db internal success
2025-3-1 23:55:47-debug: Run asset db hook programming:afterPreStart ...
2025-3-1 23:55:47-debug: Preimport db assets success
2025-3-1 23:55:47-debug: starting packer-driver...
2025-3-1 23:55:47-debug: initialize scripting environment...
2025-3-1 23:55:47-debug: [[Executor]] prepare before lock
2025-3-1 23:55:47-debug: Set detail map pack:///resolution-detail-map.json: {}
2025-3-1 23:55:47-debug: [[Executor]] prepare after unlock
2025-3-1 23:55:47-debug: [Assets Memory track]: asset-db:worker-init: preStart start:175.68MB, end 179.60MB, increase: 3.92MB
2025-3-1 23:55:47-debug: Start up the 'internal' database...
2025-3-1 23:55:47-debug: Run asset db hook engine-extends:afterPreStart ...
2025-3-1 23:55:47-debug: Run asset db hook programming:afterPreStart success!
2025-3-1 23:55:47-debug: Run asset db hook engine-extends:afterPreStart success!
2025-3-1 23:55:48-debug: asset-db-hook-programming-afterPreStart (380ms)
2025-3-1 23:55:48-debug: asset-db:worker-effect-data-processing (241ms)
2025-3-1 23:55:48-debug: asset-db-hook-engine-extends-afterPreStart (241ms)
2025-3-1 23:55:48-debug: Start up the 'assets' database...
2025-3-1 23:55:48-debug: asset-db:worker-startup-database[internal] (503ms)
2025-3-1 23:55:48-debug: lazy register asset handler *
2025-3-1 23:55:48-debug: lazy register asset handler spine-data
2025-3-1 23:55:48-debug: lazy register asset handler dragonbones
2025-3-1 23:55:48-debug: lazy register asset handler dragonbones-atlas
2025-3-1 23:55:48-debug: lazy register asset handler terrain
2025-3-1 23:55:48-debug: lazy register asset handler javascript
2025-3-1 23:55:48-debug: lazy register asset handler typescript
2025-3-1 23:55:48-debug: lazy register asset handler scene
2025-3-1 23:55:48-debug: lazy register asset handler prefab
2025-3-1 23:55:48-debug: lazy register asset handler sprite-frame
2025-3-1 23:55:48-debug: lazy register asset handler tiled-map
2025-3-1 23:55:48-debug: lazy register asset handler buffer
2025-3-1 23:55:48-debug: lazy register asset handler image
2025-3-1 23:55:48-debug: lazy register asset handler sign-image
2025-3-1 23:55:48-debug: lazy register asset handler alpha-image
2025-3-1 23:55:48-debug: lazy register asset handler texture
2025-3-1 23:55:48-debug: lazy register asset handler texture-cube
2025-3-1 23:55:48-debug: lazy register asset handler erp-texture-cube
2025-3-1 23:55:48-debug: lazy register asset handler render-texture
2025-3-1 23:55:48-debug: lazy register asset handler texture-cube-face
2025-3-1 23:55:48-debug: lazy register asset handler rt-sprite-frame
2025-3-1 23:55:48-debug: lazy register asset handler gltf
2025-3-1 23:55:48-debug: lazy register asset handler gltf-mesh
2025-3-1 23:55:48-debug: lazy register asset handler gltf-animation
2025-3-1 23:55:48-debug: lazy register asset handler gltf-skeleton
2025-3-1 23:55:48-debug: lazy register asset handler gltf-material
2025-3-1 23:55:48-debug: lazy register asset handler gltf-scene
2025-3-1 23:55:48-debug: lazy register asset handler gltf-embeded-image
2025-3-1 23:55:48-debug: lazy register asset handler fbx
2025-3-1 23:55:48-debug: lazy register asset handler material
2025-3-1 23:55:48-debug: lazy register asset handler physics-material
2025-3-1 23:55:48-debug: lazy register asset handler text
2025-3-1 23:55:48-debug: lazy register asset handler effect-header
2025-3-1 23:55:48-debug: lazy register asset handler audio-clip
2025-3-1 23:55:48-debug: lazy register asset handler directory
2025-3-1 23:55:48-debug: lazy register asset handler animation-graph
2025-3-1 23:55:48-debug: lazy register asset handler animation-graph-variant
2025-3-1 23:55:48-debug: lazy register asset handler animation-mask
2025-3-1 23:55:48-debug: lazy register asset handler ttf-font
2025-3-1 23:55:48-debug: lazy register asset handler json
2025-3-1 23:55:48-debug: lazy register asset handler particle
2025-3-1 23:55:48-debug: lazy register asset handler sprite-atlas
2025-3-1 23:55:48-debug: lazy register asset handler auto-atlas
2025-3-1 23:55:48-debug: lazy register asset handler bitmap-font
2025-3-1 23:55:48-debug: lazy register asset handler render-pipeline
2025-3-1 23:55:48-debug: lazy register asset handler render-stage
2025-3-1 23:55:48-debug: lazy register asset handler render-flow
2025-3-1 23:55:48-debug: lazy register asset handler effect
2025-3-1 23:55:48-debug: lazy register asset handler instantiation-mesh
2025-3-1 23:55:48-debug: lazy register asset handler instantiation-skeleton
2025-3-1 23:55:48-debug: lazy register asset handler instantiation-animation
2025-3-1 23:55:48-debug: lazy register asset handler video-clip
2025-3-1 23:55:48-debug: lazy register asset handler instantiation-material
2025-3-1 23:55:48-debug: lazy register asset handler animation-clip
2025-3-1 23:55:48-debug: lazy register asset handler label-atlas
2025-3-1 23:55:48-debug: asset-db:worker-startup-database[assets] (465ms)
2025-3-1 23:55:48-debug: asset-db:start-database (537ms)
2025-3-1 23:55:48-debug: asset-db:ready (6778ms)
2025-3-1 23:55:48-debug: init worker message success
2025-3-1 23:55:48-debug: [Build Memory track]: builder:worker-init start:158.00MB, end 170.49MB, increase: 12.49MB
2025-3-1 23:55:48-debug: programming:execute-script (4ms)
2025-3-1 23:55:48-debug: builder:worker-init (296ms)
2025-3-1 23:55:58-debug: Query all assets info in project
2025-3-1 23:55:58-debug: init custom config: keepNodeUuid: false, useCache: true
2025-3-1 23:55:58-debug: 查询 Asset Bundle start, progress: 0%
2025-3-1 23:55:58-debug: // ---- build task 查询 Asset Bundle ----
2025-3-1 23:55:58-debug: Query preload assets/scripts from cc.config.json: 60f7195c-ec2a-45eb-ba94-8955f60e81d0,1c02ae6f-4492-4915-b8f8-7492a3b1e4cd,810e96e4-e456-4468-9b59-f4e8f39732c0,efe8e2a3-eace-427b-b4f1-cb8a937ec77d,e9aa9a3e-5b2b-4ac7-a2c7-073de2b2b24f,8bbdbcdd-5cd4-4100-b6d5-b7c9625b6107,50f4348b-c883-4e2f-8f11-ce233b859fa1,fda095cb-831d-4601-ad94-846013963de8,f92806d7-1768-443f-afe8-12bcde84d0f0,dd3a144d-ab7f-41f0-82b8-2e43a090d496,f0416e68-0200-4b77-a926-4f9d16e494da,970b0598-bcb0-4714-91fb-2e81440dccd8,bcd64cc6-2dd9-43f6-abbe-66318d332032,d930590d-bb92-4cc8-8bd1-23cd027f9edf,a3cd009f-0ab0-420d-9278-b9fdab939bbc,6a2d0734-bd9e-4ddf-946e-caa52498cb75,c27215d8-6835-4b68-bfbb-bdeac6100c04,b5d6115f-0370-4d7c-aad3-c194cc71cf98,871c3b6c-7379-419d-bda3-794b239ab90d,ff9b0199-ce04-4cfe-86cc-6c719f08d6e4,de1c2107-70c8-4021-8459-6399f24d01c6,cbf30902-517f-40dc-af90-a550bac27cf1
2025-3-1 23:55:58-debug:   Number of all scenes: 2
2025-3-1 23:55:58-debug:   Number of all scripts: 6
2025-3-1 23:55:58-debug:   Number of other assets: 498
2025-3-1 23:55:58-debug: // ---- build task 查询 Asset Bundle ---- (4ms)
2025-3-1 23:55:58-debug: run build task 查询 Asset Bundle success in 4 ms√, progress: 5%
2025-3-1 23:55:58-debug: [Build Memory track]: 查询 Asset Bundle start:173.87MB, end 174.57MB, increase: 716.96KB
2025-3-1 23:55:58-debug: // ---- build task 查询 Asset Bundle ----
2025-3-1 23:55:58-debug: 查询 Asset Bundle start, progress: 5%
2025-3-1 23:55:58-debug: // ---- build task 查询 Asset Bundle ---- (1ms)
2025-3-1 23:55:58-debug: run build task 查询 Asset Bundle success in 1 ms√, progress: 10%
2025-3-1 23:55:58-debug: 整理部分构建选项内数据到 settings.json start, progress: 10%
2025-3-1 23:55:58-debug: // ---- build task 整理部分构建选项内数据到 settings.json ----
2025-3-1 23:55:58-debug: [Build Memory track]: 查询 Asset Bundle start:174.60MB, end 174.71MB, increase: 111.20KB
2025-3-1 23:55:58-debug: run build task 整理部分构建选项内数据到 settings.json success in √, progress: 12%
2025-3-1 23:55:58-debug: [Build Memory track]: 整理部分构建选项内数据到 settings.json start:174.74MB, end 174.77MB, increase: 31.66KB
2025-3-1 23:55:58-debug: 填充脚本数据到 settings.json start, progress: 12%
2025-3-1 23:55:58-debug: // ---- build task 填充脚本数据到 settings.json ----
2025-3-1 23:55:58-debug: // ---- build task 填充脚本数据到 settings.json ---- (1ms)
2025-3-1 23:55:58-debug: [Build Memory track]: 填充脚本数据到 settings.json start:174.80MB, end 174.83MB, increase: 28.57KB
2025-3-1 23:55:58-debug: // ---- build task 整理部分构建选项内数据到 settings.json ----
2025-3-1 23:55:58-debug: 整理部分构建选项内数据到 settings.json start, progress: 13%
2025-3-1 23:55:58-debug: run build task 填充脚本数据到 settings.json success in 1 ms√, progress: 13%
2025-3-1 23:55:58-debug: // ---- build task 整理部分构建选项内数据到 settings.json ---- (2ms)
2025-3-1 23:55:58-debug: run build task 整理部分构建选项内数据到 settings.json success in 2 ms√, progress: 15%
2025-3-1 23:55:58-debug: [Build Memory track]: 整理部分构建选项内数据到 settings.json start:175.21MB, end 168.65MB, increase: -6719.01KB
2025-3-3 09:39:45-debug: refresh db internal success
2025-3-3 09:39:45-debug: refresh db assets success
2025-3-3 09:39:45-debug: Run asset db hook engine-extends:afterRefresh ...
2025-3-3 09:39:45-debug: Run asset db hook engine-extends:afterRefresh success!
2025-3-3 09:39:45-debug: asset-db:refresh-all-database (91ms)
2025-3-3 09:39:45-debug: asset-db:worker-effect-data-processing (2ms)
2025-3-3 09:39:45-debug: asset-db-hook-engine-extends-afterRefresh (2ms)
2025-3-3 09:40:12-debug: refresh db internal success
2025-3-3 09:40:12-debug: refresh db assets success
2025-3-3 09:40:12-debug: Run asset db hook engine-extends:afterRefresh ...
2025-3-3 09:40:12-debug: Run asset db hook engine-extends:afterRefresh success!
2025-3-3 09:40:12-debug: asset-db:refresh-all-database (116ms)
2025-3-3 09:40:12-debug: asset-db:worker-effect-data-processing (1ms)
2025-3-3 09:40:12-debug: asset-db-hook-engine-extends-afterRefresh (1ms)
2025-3-3 09:44:50-debug: refresh db internal success
2025-3-3 09:44:50-debug: refresh db assets success
2025-3-3 09:44:50-debug: Run asset db hook engine-extends:afterRefresh ...
2025-3-3 09:44:50-debug: Run asset db hook engine-extends:afterRefresh success!
2025-3-3 09:44:50-debug: asset-db:refresh-all-database (73ms)
2025-3-3 09:44:50-debug: asset-db:worker-effect-data-processing (1ms)
2025-3-3 09:44:50-debug: asset-db-hook-engine-extends-afterRefresh (2ms)
2025-3-3 09:54:48-debug: refresh db internal success
2025-3-3 09:54:48-debug: refresh db assets success
2025-3-3 09:54:48-debug: Run asset db hook engine-extends:afterRefresh ...
2025-3-3 09:54:48-debug: Run asset db hook engine-extends:afterRefresh success!
2025-3-3 09:54:48-debug: asset-db:refresh-all-database (72ms)
2025-3-3 09:54:48-debug: asset-db:worker-effect-data-processing (2ms)
2025-3-3 09:54:48-debug: asset-db-hook-engine-extends-afterRefresh (2ms)
2025-3-3 10:00:01-debug: refresh db internal success
2025-3-3 10:00:01-debug: refresh db assets success
2025-3-3 10:00:01-debug: Run asset db hook engine-extends:afterRefresh ...
2025-3-3 10:00:01-debug: Run asset db hook engine-extends:afterRefresh success!
2025-3-3 10:00:01-debug: asset-db:refresh-all-database (49ms)
2025-3-3 10:00:01-debug: asset-db:worker-effect-data-processing (2ms)
2025-3-3 10:00:01-debug: asset-db-hook-engine-extends-afterRefresh (2ms)
2025-3-3 11:23:08-debug: refresh db internal success
2025-3-3 11:23:09-debug: refresh db assets success
2025-3-3 11:23:09-debug: Run asset db hook engine-extends:afterRefresh ...
2025-3-3 11:23:09-debug: Run asset db hook engine-extends:afterRefresh success!
2025-3-3 11:23:09-debug: asset-db:refresh-all-database (115ms)
2025-3-3 11:23:09-debug: asset-db:worker-effect-data-processing (3ms)
2025-3-3 11:23:09-debug: asset-db-hook-engine-extends-afterRefresh (6ms)
2025-3-3 11:27:13-debug: refresh db internal success
2025-3-3 11:27:13-debug: refresh db assets success
2025-3-3 11:27:13-debug: Run asset db hook engine-extends:afterRefresh ...
2025-3-3 11:27:13-debug: Run asset db hook engine-extends:afterRefresh success!
2025-3-3 11:27:13-debug: asset-db:refresh-all-database (55ms)
2025-3-3 11:27:13-debug: asset-db:worker-effect-data-processing (2ms)
2025-3-3 11:27:13-debug: asset-db-hook-engine-extends-afterRefresh (3ms)
2025-3-3 12:08:27-debug: refresh db internal success
2025-3-3 12:08:27-debug: refresh db assets success
2025-3-3 12:08:27-debug: Run asset db hook engine-extends:afterRefresh ...
2025-3-3 12:08:27-debug: Run asset db hook engine-extends:afterRefresh success!
2025-3-3 12:08:27-debug: asset-db:refresh-all-database (45ms)
2025-3-3 12:08:27-debug: asset-db:worker-effect-data-processing (1ms)
2025-3-3 12:08:27-debug: asset-db-hook-engine-extends-afterRefresh (2ms)
2025-3-3 12:11:24-debug: refresh db internal success
2025-3-3 12:11:24-debug: refresh db assets success
2025-3-3 12:11:24-debug: Run asset db hook engine-extends:afterRefresh ...
2025-3-3 12:11:24-debug: Run asset db hook engine-extends:afterRefresh success!
2025-3-3 12:11:24-debug: asset-db:refresh-all-database (49ms)
2025-3-3 12:11:24-debug: asset-db:worker-effect-data-processing (1ms)
2025-3-3 12:11:24-debug: asset-db-hook-engine-extends-afterRefresh (2ms)
2025-3-3 12:11:34-debug: refresh db internal success
2025-3-3 12:11:34-debug: refresh db assets success
2025-3-3 12:11:34-debug: Run asset db hook engine-extends:afterRefresh ...
2025-3-3 12:11:34-debug: Run asset db hook engine-extends:afterRefresh success!
2025-3-3 12:11:34-debug: asset-db:refresh-all-database (30ms)
2025-3-3 12:11:34-debug: asset-db:worker-effect-data-processing (1ms)
2025-3-3 12:11:34-debug: asset-db-hook-engine-extends-afterRefresh (1ms)
2025-3-3 12:21:31-debug: refresh db internal success
2025-3-3 12:21:31-debug: refresh db assets success
2025-3-3 12:21:31-debug: Run asset db hook engine-extends:afterRefresh ...
2025-3-3 12:21:31-debug: Run asset db hook engine-extends:afterRefresh success!
2025-3-3 12:21:31-debug: asset-db:refresh-all-database (52ms)
2025-3-3 12:21:31-debug: asset-db-hook-engine-extends-afterRefresh (4ms)
2025-3-3 12:21:31-debug: asset-db:worker-effect-data-processing (3ms)
2025-3-3 12:21:37-debug: refresh db internal success
2025-3-3 12:21:37-debug: refresh db assets success
2025-3-3 12:21:37-debug: Run asset db hook engine-extends:afterRefresh ...
2025-3-3 12:21:37-debug: Run asset db hook engine-extends:afterRefresh success!
2025-3-3 12:21:37-debug: asset-db:refresh-all-database (34ms)
2025-3-3 12:21:54-debug: refresh db internal success
2025-3-3 12:21:54-debug: refresh db assets success
2025-3-3 12:21:54-debug: Run asset db hook engine-extends:afterRefresh ...
2025-3-3 12:21:54-debug: Run asset db hook engine-extends:afterRefresh success!
2025-3-3 12:21:54-debug: asset-db:refresh-all-database (39ms)
2025-3-3 12:21:54-debug: asset-db:worker-effect-data-processing (1ms)
2025-3-3 12:21:54-debug: asset-db-hook-engine-extends-afterRefresh (1ms)
2025-3-3 12:22:08-debug: refresh db internal success
2025-3-3 12:22:08-debug: refresh db assets success
2025-3-3 12:22:08-debug: Run asset db hook engine-extends:afterRefresh ...
2025-3-3 12:22:08-debug: Run asset db hook engine-extends:afterRefresh success!
2025-3-3 12:22:08-debug: asset-db:refresh-all-database (32ms)
2025-3-3 12:22:08-debug: asset-db:worker-effect-data-processing (2ms)
2025-3-3 12:22:08-debug: asset-db-hook-engine-extends-afterRefresh (2ms)
2025-3-3 12:22:27-debug: refresh db internal success
2025-3-3 12:22:27-debug: refresh db assets success
2025-3-3 12:22:27-debug: Run asset db hook engine-extends:afterRefresh ...
2025-3-3 12:22:27-debug: Run asset db hook engine-extends:afterRefresh success!
2025-3-3 12:22:27-debug: asset-db:refresh-all-database (36ms)
2025-3-3 12:22:27-debug: asset-db:worker-effect-data-processing (1ms)
2025-3-3 12:22:27-debug: asset-db-hook-engine-extends-afterRefresh (2ms)
2025-3-3 12:23:48-debug: refresh db internal success
2025-3-3 12:23:48-debug: refresh db assets success
2025-3-3 12:23:48-debug: Run asset db hook engine-extends:afterRefresh ...
2025-3-3 12:23:48-debug: Run asset db hook engine-extends:afterRefresh success!
2025-3-3 12:23:48-debug: asset-db:refresh-all-database (36ms)
2025-3-3 12:23:48-debug: asset-db:worker-effect-data-processing (1ms)
2025-3-3 12:23:48-debug: asset-db-hook-engine-extends-afterRefresh (2ms)
2025-3-3 12:24:56-debug: refresh db internal success
2025-3-3 12:24:56-debug: refresh db assets success
2025-3-3 12:24:56-debug: Run asset db hook engine-extends:afterRefresh ...
2025-3-3 12:24:56-debug: Run asset db hook engine-extends:afterRefresh success!
2025-3-3 12:24:56-debug: asset-db:refresh-all-database (34ms)
2025-3-3 12:24:56-debug: asset-db:worker-effect-data-processing (1ms)
2025-3-3 12:24:56-debug: asset-db-hook-engine-extends-afterRefresh (2ms)
2025-3-3 12:26:46-debug: refresh db internal success
2025-3-3 12:26:46-debug: refresh db assets success
2025-3-3 12:26:46-debug: Run asset db hook engine-extends:afterRefresh ...
2025-3-3 12:26:46-debug: Run asset db hook engine-extends:afterRefresh success!
2025-3-3 12:26:46-debug: asset-db:refresh-all-database (50ms)
2025-3-3 12:26:46-debug: asset-db:worker-effect-data-processing (1ms)
2025-3-3 12:26:46-debug: asset-db-hook-engine-extends-afterRefresh (2ms)
2025-3-3 13:06:35-debug: refresh db internal success
2025-3-3 13:06:35-debug: refresh db assets success
2025-3-3 13:06:35-debug: Run asset db hook engine-extends:afterRefresh ...
2025-3-3 13:06:35-debug: Run asset db hook engine-extends:afterRefresh success!
2025-3-3 13:06:35-debug: asset-db:refresh-all-database (71ms)
2025-3-3 13:06:35-debug: asset-db:worker-effect-data-processing (1ms)
2025-3-3 13:06:35-debug: asset-db-hook-engine-extends-afterRefresh (1ms)
2025-3-3 13:07:07-debug: refresh db internal success
2025-3-3 13:07:07-debug: refresh db assets success
2025-3-3 13:07:07-debug: Run asset db hook engine-extends:afterRefresh ...
2025-3-3 13:07:07-debug: Run asset db hook engine-extends:afterRefresh success!
2025-3-3 13:07:07-debug: asset-db:refresh-all-database (54ms)
2025-3-3 13:07:07-debug: asset-db:worker-effect-data-processing (1ms)
2025-3-3 13:07:07-debug: asset-db-hook-engine-extends-afterRefresh (1ms)
2025-3-3 13:07:30-debug: refresh db internal success
2025-3-3 13:07:30-debug: refresh db assets success
2025-3-3 13:07:30-debug: Run asset db hook engine-extends:afterRefresh ...
2025-3-3 13:07:30-debug: Run asset db hook engine-extends:afterRefresh success!
2025-3-3 13:07:30-debug: asset-db:refresh-all-database (20ms)
2025-3-3 13:07:30-debug: asset-db:worker-effect-data-processing (1ms)
2025-3-3 13:07:30-debug: asset-db-hook-engine-extends-afterRefresh (1ms)
2025-3-3 13:07:34-debug: refresh db internal success
2025-3-3 13:07:34-debug: refresh db assets success
2025-3-3 13:07:34-debug: Run asset db hook engine-extends:afterRefresh ...
2025-3-3 13:07:34-debug: Run asset db hook engine-extends:afterRefresh success!
2025-3-3 13:07:34-debug: asset-db:refresh-all-database (26ms)
2025-3-3 13:07:34-debug: asset-db-hook-engine-extends-afterRefresh (1ms)
2025-3-3 13:08:28-debug: refresh db internal success
2025-3-3 13:08:28-debug: refresh db assets success
2025-3-3 13:08:28-debug: Run asset db hook engine-extends:afterRefresh ...
2025-3-3 13:08:28-debug: Run asset db hook engine-extends:afterRefresh success!
2025-3-3 13:08:28-debug: asset-db:refresh-all-database (39ms)
2025-3-3 13:08:28-debug: asset-db:worker-effect-data-processing (1ms)
2025-3-3 13:08:28-debug: asset-db-hook-engine-extends-afterRefresh (2ms)
2025-3-3 13:08:33-debug: start refresh asset from /Users/mac20211105/NewProject_2/assets/cripts...
2025-3-3 13:08:33-debug: %cImport%c: /Users/mac20211105/NewProject_2/assets/criptsbackground: #aaff85; color: #000;color: #000;
2025-3-3 13:08:33-debug: refresh asset /Users/mac20211105/NewProject_2/assets success
2025-3-3 13:08:41-debug: start move asset from /Users/mac20211105/NewProject_2/assets/cripts -> /Users/mac20211105/NewProject_2/assets/Scripts...
2025-3-3 13:08:41-debug: start refresh asset from /Users/mac20211105/NewProject_2/assets/Scripts...
2025-3-3 13:08:41-debug: refresh asset /Users/mac20211105/NewProject_2 success
2025-3-3 13:08:41-debug: move asset from /Users/mac20211105/NewProject_2/assets/cripts -> /Users/mac20211105/NewProject_2/assets/Scripts success
2025-3-3 13:08:41-debug: start refresh asset from /Users/mac20211105/NewProject_2/assets...
2025-3-3 13:08:41-debug: %cImport%c: /Users/mac20211105/NewProject_2/assets/Scriptsbackground: #aaff85; color: #000;color: #000;
2025-3-3 13:08:41-debug: refresh asset /Users/mac20211105/NewProject_2/assets success
2025-3-3 13:08:43-debug: refresh db internal success
2025-3-3 13:08:43-debug: refresh db assets success
2025-3-3 13:08:43-debug: Run asset db hook engine-extends:afterRefresh ...
2025-3-3 13:08:43-debug: Run asset db hook engine-extends:afterRefresh success!
2025-3-3 13:08:43-debug: asset-db:refresh-all-database (44ms)
2025-3-3 13:08:43-debug: asset-db:worker-effect-data-processing (1ms)
2025-3-3 13:08:43-debug: asset-db-hook-engine-extends-afterRefresh (1ms)
2025-3-3 13:09:55-debug: refresh db internal success
2025-3-3 13:09:55-debug: refresh db assets success
2025-3-3 13:09:55-debug: Run asset db hook engine-extends:afterRefresh ...
2025-3-3 13:09:55-debug: Run asset db hook engine-extends:afterRefresh success!
2025-3-3 13:09:55-debug: asset-db:refresh-all-database (124ms)
2025-3-3 13:09:55-debug: asset-db:worker-effect-data-processing (2ms)
2025-3-3 13:09:55-debug: asset-db-hook-engine-extends-afterRefresh (4ms)
2025-3-3 13:10:02-debug: refresh db internal success
2025-3-3 13:10:02-debug: refresh db assets success
2025-3-3 13:10:02-debug: Run asset db hook engine-extends:afterRefresh ...
2025-3-3 13:10:02-debug: Run asset db hook engine-extends:afterRefresh success!
2025-3-3 13:10:02-debug: asset-db:refresh-all-database (27ms)
2025-3-3 13:10:02-debug: asset-db:worker-effect-data-processing (1ms)
2025-3-3 13:10:02-debug: asset-db-hook-engine-extends-afterRefresh (1ms)
2025-3-3 13:10:05-debug: refresh db internal success
2025-3-3 13:10:05-debug: refresh db assets success
2025-3-3 13:10:05-debug: Run asset db hook engine-extends:afterRefresh ...
2025-3-3 13:10:05-debug: Run asset db hook engine-extends:afterRefresh success!
2025-3-3 13:10:05-debug: asset-db:refresh-all-database (33ms)
2025-3-3 13:10:18-debug: start refresh asset from /Users/mac20211105/NewProject_2/assets/Scripts/StartUI.ts...
2025-3-3 13:10:18-debug: %cImport%c: /Users/mac20211105/NewProject_2/assets/Scripts/StartUI.tsbackground: #aaff85; color: #000;color: #000;
2025-3-3 13:10:18-debug: refresh asset /Users/mac20211105/NewProject_2/assets/Scripts success
2025-3-3 13:10:18-debug: %cImport%c: /Users/mac20211105/NewProject_2/assets/Scriptsbackground: #aaff85; color: #000;color: #000;
2025-3-3 13:11:27-debug: refresh db internal success
2025-3-3 13:11:27-debug: refresh db assets success
2025-3-3 13:11:27-debug: Run asset db hook engine-extends:afterRefresh ...
2025-3-3 13:11:27-debug: Run asset db hook engine-extends:afterRefresh success!
2025-3-3 13:11:27-debug: asset-db:refresh-all-database (119ms)
2025-3-3 13:11:27-debug: asset-db:worker-effect-data-processing (4ms)
2025-3-3 13:11:27-debug: asset-db-hook-engine-extends-afterRefresh (9ms)
2025-3-3 13:13:52-debug: refresh db internal success
2025-3-3 13:13:52-debug: refresh db assets success
2025-3-3 13:13:52-debug: Run asset db hook engine-extends:afterRefresh ...
2025-3-3 13:13:52-debug: Run asset db hook engine-extends:afterRefresh success!
2025-3-3 13:13:52-debug: asset-db:worker-effect-data-processing (57ms)
2025-3-3 13:13:52-debug: asset-db:refresh-all-database (229ms)
2025-3-3 13:13:52-debug: asset-db-hook-engine-extends-afterRefresh (59ms)
2025-3-3 13:16:09-debug: refresh db internal success
2025-3-3 13:16:09-debug: Run asset db hook engine-extends:afterRefresh ...
2025-3-3 13:16:09-debug: refresh db assets success
2025-3-3 13:16:09-debug: Run asset db hook engine-extends:afterRefresh success!
2025-3-3 13:16:09-debug: asset-db:refresh-all-database (42ms)
2025-3-3 13:16:09-debug: asset-db-hook-engine-extends-afterRefresh (2ms)
2025-3-3 13:16:09-debug: asset-db:worker-effect-data-processing (2ms)
2025-3-3 13:16:11-debug: refresh db internal success
2025-3-3 13:16:11-debug: refresh db assets success
2025-3-3 13:16:11-debug: Run asset db hook engine-extends:afterRefresh ...
2025-3-3 13:16:11-debug: Run asset db hook engine-extends:afterRefresh success!
2025-3-3 13:16:11-debug: asset-db:refresh-all-database (24ms)
2025-3-3 13:16:11-debug: asset-db:worker-effect-data-processing (1ms)
2025-3-3 13:16:11-debug: asset-db-hook-engine-extends-afterRefresh (1ms)
2025-3-3 13:16:51-debug: refresh db internal success
2025-3-3 13:16:51-debug: refresh db assets success
2025-3-3 13:16:51-debug: Run asset db hook engine-extends:afterRefresh ...
2025-3-3 13:16:51-debug: Run asset db hook engine-extends:afterRefresh success!
2025-3-3 13:16:51-debug: asset-db:refresh-all-database (37ms)
2025-3-3 13:16:51-debug: asset-db:worker-effect-data-processing (1ms)
2025-3-3 13:16:51-debug: asset-db-hook-engine-extends-afterRefresh (1ms)
2025-3-3 13:16:58-debug: refresh db internal success
2025-3-3 13:16:58-debug: refresh db assets success
2025-3-3 13:16:58-debug: Run asset db hook engine-extends:afterRefresh success!
2025-3-3 13:16:58-debug: Run asset db hook engine-extends:afterRefresh ...
2025-3-3 13:16:58-debug: asset-db:refresh-all-database (33ms)
2025-3-3 13:16:58-debug: asset-db:worker-effect-data-processing (1ms)
2025-3-3 13:16:58-debug: asset-db-hook-engine-extends-afterRefresh (1ms)
2025-3-3 13:18:48-debug: refresh db internal success
2025-3-3 13:18:48-debug: refresh db assets success
2025-3-3 13:18:48-debug: Run asset db hook engine-extends:afterRefresh ...
2025-3-3 13:18:48-debug: Run asset db hook engine-extends:afterRefresh success!
2025-3-3 13:18:49-debug: asset-db:refresh-all-database (140ms)
2025-3-3 13:18:49-debug: asset-db:worker-effect-data-processing (105ms)
2025-3-3 13:18:49-debug: asset-db-hook-engine-extends-afterRefresh (105ms)
2025-3-3 13:19:18-debug: refresh db internal success
2025-3-3 13:19:18-debug: refresh db assets success
2025-3-3 13:19:18-debug: Run asset db hook engine-extends:afterRefresh ...
2025-3-3 13:19:18-debug: Run asset db hook engine-extends:afterRefresh success!
2025-3-3 13:19:18-debug: asset-db:refresh-all-database (36ms)
2025-3-3 13:19:18-debug: asset-db:worker-effect-data-processing (2ms)
2025-3-3 13:19:18-debug: asset-db-hook-engine-extends-afterRefresh (2ms)
2025-3-3 13:19:25-debug: refresh db internal success
2025-3-3 13:19:25-debug: refresh db assets success
2025-3-3 13:19:25-debug: Run asset db hook engine-extends:afterRefresh ...
2025-3-3 13:19:25-debug: Run asset db hook engine-extends:afterRefresh success!
2025-3-3 13:19:25-debug: asset-db:refresh-all-database (37ms)
2025-3-3 13:19:25-debug: asset-db-hook-engine-extends-afterRefresh (1ms)
2025-3-3 13:20:17-debug: refresh db internal success
2025-3-3 13:20:17-debug: refresh db assets success
2025-3-3 13:20:17-debug: Run asset db hook engine-extends:afterRefresh ...
2025-3-3 13:20:17-debug: Run asset db hook engine-extends:afterRefresh success!
2025-3-3 13:20:17-debug: asset-db:refresh-all-database (35ms)
2025-3-3 13:20:17-debug: asset-db:worker-effect-data-processing (1ms)
2025-3-3 13:20:17-debug: asset-db-hook-engine-extends-afterRefresh (2ms)
2025-3-3 13:20:21-debug: refresh db internal success
2025-3-3 13:20:21-debug: refresh db assets success
2025-3-3 13:20:21-debug: Run asset db hook engine-extends:afterRefresh ...
2025-3-3 13:20:21-debug: Run asset db hook engine-extends:afterRefresh success!
2025-3-3 13:20:21-debug: asset-db:refresh-all-database (17ms)
2025-3-3 13:20:23-debug: refresh db internal success
2025-3-3 13:20:23-debug: refresh db assets success
2025-3-3 13:20:23-debug: Run asset db hook engine-extends:afterRefresh ...
2025-3-3 13:20:23-debug: Run asset db hook engine-extends:afterRefresh success!
2025-3-3 13:20:23-debug: asset-db:refresh-all-database (37ms)
2025-3-3 13:20:23-debug: asset-db:worker-effect-data-processing (1ms)
2025-3-3 13:20:23-debug: asset-db-hook-engine-extends-afterRefresh (1ms)
2025-3-3 13:21:02-debug: refresh db internal success
2025-3-3 13:21:02-debug: refresh db assets success
2025-3-3 13:21:02-debug: Run asset db hook engine-extends:afterRefresh success!
2025-3-3 13:21:02-debug: Run asset db hook engine-extends:afterRefresh ...
2025-3-3 13:21:02-debug: asset-db:refresh-all-database (39ms)
2025-3-3 13:21:02-debug: asset-db-hook-engine-extends-afterRefresh (1ms)
2025-3-3 13:21:02-debug: asset-db:worker-effect-data-processing (1ms)
2025-3-3 13:21:09-debug: refresh db internal success
2025-3-3 13:21:09-debug: refresh db assets success
2025-3-3 13:21:09-debug: Run asset db hook engine-extends:afterRefresh ...
2025-3-3 13:21:09-debug: Run asset db hook engine-extends:afterRefresh success!
2025-3-3 13:21:09-debug: asset-db:refresh-all-database (26ms)
2025-3-3 13:21:09-debug: asset-db:worker-effect-data-processing (1ms)
2025-3-3 13:21:09-debug: asset-db-hook-engine-extends-afterRefresh (1ms)
2025-3-3 13:21:27-debug: refresh db internal success
2025-3-3 13:21:27-debug: refresh db assets success
2025-3-3 13:21:27-debug: Run asset db hook engine-extends:afterRefresh ...
2025-3-3 13:21:27-debug: Run asset db hook engine-extends:afterRefresh success!
2025-3-3 13:21:27-debug: asset-db:refresh-all-database (25ms)
2025-3-3 13:21:27-debug: asset-db:worker-effect-data-processing (1ms)
2025-3-3 13:21:27-debug: asset-db-hook-engine-extends-afterRefresh (1ms)
2025-3-3 13:21:38-debug: refresh db internal success
2025-3-3 13:21:38-debug: refresh db assets success
2025-3-3 13:21:38-debug: Run asset db hook engine-extends:afterRefresh ...
2025-3-3 13:21:38-debug: Run asset db hook engine-extends:afterRefresh success!
2025-3-3 13:21:38-debug: asset-db:refresh-all-database (42ms)
2025-3-3 13:21:38-debug: asset-db:worker-effect-data-processing (1ms)
2025-3-3 13:21:38-debug: asset-db-hook-engine-extends-afterRefresh (1ms)
2025-3-3 13:21:39-debug: refresh db internal success
2025-3-3 13:21:39-debug: refresh db assets success
2025-3-3 13:21:39-debug: Run asset db hook engine-extends:afterRefresh ...
2025-3-3 13:21:39-debug: Run asset db hook engine-extends:afterRefresh success!
2025-3-3 13:21:39-debug: asset-db:refresh-all-database (36ms)
2025-3-3 13:21:39-debug: asset-db:worker-effect-data-processing (2ms)
2025-3-3 13:21:39-debug: asset-db-hook-engine-extends-afterRefresh (2ms)
2025-3-3 13:23:20-debug: refresh db internal success
2025-3-3 13:23:20-debug: refresh db assets success
2025-3-3 13:23:20-debug: Run asset db hook engine-extends:afterRefresh ...
2025-3-3 13:23:20-debug: Run asset db hook engine-extends:afterRefresh success!
2025-3-3 13:23:20-debug: asset-db:refresh-all-database (34ms)
2025-3-3 13:23:20-debug: asset-db:worker-effect-data-processing (1ms)
2025-3-3 13:23:20-debug: asset-db-hook-engine-extends-afterRefresh (1ms)
2025-3-3 13:23:44-debug: refresh db internal success
2025-3-3 13:23:44-debug: refresh db assets success
2025-3-3 13:23:44-debug: Run asset db hook engine-extends:afterRefresh success!
2025-3-3 13:23:44-debug: Run asset db hook engine-extends:afterRefresh ...
2025-3-3 13:23:44-debug: asset-db:refresh-all-database (30ms)
2025-3-3 13:23:44-debug: asset-db:worker-effect-data-processing (1ms)
2025-3-3 13:23:44-debug: asset-db-hook-engine-extends-afterRefresh (1ms)
2025-3-3 13:24:32-debug: refresh db internal success
2025-3-3 13:24:32-debug: refresh db assets success
2025-3-3 13:24:32-debug: Run asset db hook engine-extends:afterRefresh ...
2025-3-3 13:24:32-debug: Run asset db hook engine-extends:afterRefresh success!
2025-3-3 13:24:32-debug: asset-db:refresh-all-database (43ms)
2025-3-3 13:24:32-debug: asset-db-hook-engine-extends-afterRefresh (7ms)
2025-3-3 13:24:32-debug: asset-db:worker-effect-data-processing (4ms)
2025-3-3 13:24:38-debug: refresh db internal success
2025-3-3 13:24:38-debug: refresh db assets success
2025-3-3 13:24:38-debug: Run asset db hook engine-extends:afterRefresh ...
2025-3-3 13:24:38-debug: Run asset db hook engine-extends:afterRefresh success!
2025-3-3 13:24:38-debug: asset-db:refresh-all-database (26ms)
2025-3-3 13:24:38-debug: asset-db:worker-effect-data-processing (1ms)
2025-3-3 13:24:38-debug: asset-db-hook-engine-extends-afterRefresh (1ms)
2025-3-3 13:24:56-debug: refresh db internal success
2025-3-3 13:24:56-debug: %cImport%c: /Users/mac20211105/NewProject_2/assets/Scripts/StartUI.tsbackground: #aaff85; color: #000;color: #000;
2025-3-3 13:24:56-debug: refresh db assets success
2025-3-3 13:24:56-debug: Run asset db hook engine-extends:afterRefresh ...
2025-3-3 13:24:56-debug: Run asset db hook engine-extends:afterRefresh success!
2025-3-3 13:24:56-debug: asset-db:refresh-all-database (23ms)
2025-3-3 13:24:56-debug: asset-db:worker-effect-data-processing (1ms)
2025-3-3 13:24:56-debug: asset-db-hook-engine-extends-afterRefresh (1ms)
2025-3-3 13:25:12-debug: Query all assets info in project
2025-3-3 13:25:12-debug: init custom config: keepNodeUuid: false, useCache: true
2025-3-3 13:25:12-debug: 查询 Asset Bundle start, progress: 0%
2025-3-3 13:25:12-debug: // ---- build task 查询 Asset Bundle ----
2025-3-3 13:25:12-debug: Query preload assets/scripts from cc.config.json: 60f7195c-ec2a-45eb-ba94-8955f60e81d0,1c02ae6f-4492-4915-b8f8-7492a3b1e4cd,810e96e4-e456-4468-9b59-f4e8f39732c0,efe8e2a3-eace-427b-b4f1-cb8a937ec77d,e9aa9a3e-5b2b-4ac7-a2c7-073de2b2b24f,8bbdbcdd-5cd4-4100-b6d5-b7c9625b6107,50f4348b-c883-4e2f-8f11-ce233b859fa1,fda095cb-831d-4601-ad94-846013963de8,f92806d7-1768-443f-afe8-12bcde84d0f0,dd3a144d-ab7f-41f0-82b8-2e43a090d496,f0416e68-0200-4b77-a926-4f9d16e494da,970b0598-bcb0-4714-91fb-2e81440dccd8,bcd64cc6-2dd9-43f6-abbe-66318d332032,d930590d-bb92-4cc8-8bd1-23cd027f9edf,a3cd009f-0ab0-420d-9278-b9fdab939bbc,6a2d0734-bd9e-4ddf-946e-caa52498cb75,c27215d8-6835-4b68-bfbb-bdeac6100c04,b5d6115f-0370-4d7c-aad3-c194cc71cf98,871c3b6c-7379-419d-bda3-794b239ab90d,ff9b0199-ce04-4cfe-86cc-6c719f08d6e4,de1c2107-70c8-4021-8459-6399f24d01c6,cbf30902-517f-40dc-af90-a550bac27cf1
2025-3-3 13:25:12-debug:   Number of all scenes: 2
2025-3-3 13:25:12-debug:   Number of all scripts: 7
2025-3-3 13:25:12-debug:   Number of other assets: 498
2025-3-3 13:25:12-debug: run build task 查询 Asset Bundle success in 28 ms√, progress: 5%
2025-3-3 13:25:12-debug: [Build Memory track]: 查询 Asset Bundle start:172.76MB, end 172.58MB, increase: -177.80KB
2025-3-3 13:25:12-debug: // ---- build task 查询 Asset Bundle ---- (28ms)
2025-3-3 13:25:12-debug: // ---- build task 查询 Asset Bundle ----
2025-3-3 13:25:12-debug: 查询 Asset Bundle start, progress: 5%
2025-3-3 13:25:12-debug: // ---- build task 查询 Asset Bundle ---- (2ms)
2025-3-3 13:25:12-debug: // ---- build task 整理部分构建选项内数据到 settings.json ----
2025-3-3 13:25:12-debug: [Build Memory track]: 查询 Asset Bundle start:172.61MB, end 172.72MB, increase: 116.31KB
2025-3-3 13:25:12-debug: 整理部分构建选项内数据到 settings.json start, progress: 10%
2025-3-3 13:25:12-debug: run build task 查询 Asset Bundle success in 2 ms√, progress: 10%
2025-3-3 13:25:12-debug: run build task 整理部分构建选项内数据到 settings.json success in √, progress: 12%
2025-3-3 13:25:12-debug: [Build Memory track]: 整理部分构建选项内数据到 settings.json start:172.75MB, end 172.77MB, increase: 17.05KB
2025-3-3 13:25:12-debug: 填充脚本数据到 settings.json start, progress: 12%
2025-3-3 13:25:12-debug: // ---- build task 填充脚本数据到 settings.json ----
2025-3-3 13:25:12-debug: // ---- build task 填充脚本数据到 settings.json ---- (1ms)
2025-3-3 13:25:12-debug: 整理部分构建选项内数据到 settings.json start, progress: 13%
2025-3-3 13:25:12-debug: [Build Memory track]: 填充脚本数据到 settings.json start:172.80MB, end 172.87MB, increase: 75.46KB
2025-3-3 13:25:12-debug: // ---- build task 整理部分构建选项内数据到 settings.json ----
2025-3-3 13:25:12-debug: run build task 填充脚本数据到 settings.json success in 1 ms√, progress: 13%
2025-3-3 13:25:12-debug: // ---- build task 整理部分构建选项内数据到 settings.json ---- (3ms)
2025-3-3 13:25:12-debug: run build task 整理部分构建选项内数据到 settings.json success in 3 ms√, progress: 15%
2025-3-3 13:25:12-debug: [Build Memory track]: 整理部分构建选项内数据到 settings.json start:172.87MB, end 173.00MB, increase: 137.02KB
2025-3-3 13:25:18-debug: Query all assets info in project
2025-3-3 13:25:18-debug: init custom config: keepNodeUuid: false, useCache: true
2025-3-3 13:25:18-debug: 查询 Asset Bundle start, progress: 0%
2025-3-3 13:25:18-debug: // ---- build task 查询 Asset Bundle ----
2025-3-3 13:25:18-debug: Query preload assets/scripts from cc.config.json: 60f7195c-ec2a-45eb-ba94-8955f60e81d0,1c02ae6f-4492-4915-b8f8-7492a3b1e4cd,810e96e4-e456-4468-9b59-f4e8f39732c0,efe8e2a3-eace-427b-b4f1-cb8a937ec77d,e9aa9a3e-5b2b-4ac7-a2c7-073de2b2b24f,8bbdbcdd-5cd4-4100-b6d5-b7c9625b6107,50f4348b-c883-4e2f-8f11-ce233b859fa1,fda095cb-831d-4601-ad94-846013963de8,f92806d7-1768-443f-afe8-12bcde84d0f0,dd3a144d-ab7f-41f0-82b8-2e43a090d496,f0416e68-0200-4b77-a926-4f9d16e494da,970b0598-bcb0-4714-91fb-2e81440dccd8,bcd64cc6-2dd9-43f6-abbe-66318d332032,d930590d-bb92-4cc8-8bd1-23cd027f9edf,a3cd009f-0ab0-420d-9278-b9fdab939bbc,6a2d0734-bd9e-4ddf-946e-caa52498cb75,c27215d8-6835-4b68-bfbb-bdeac6100c04,b5d6115f-0370-4d7c-aad3-c194cc71cf98,871c3b6c-7379-419d-bda3-794b239ab90d,ff9b0199-ce04-4cfe-86cc-6c719f08d6e4,de1c2107-70c8-4021-8459-6399f24d01c6,cbf30902-517f-40dc-af90-a550bac27cf1
2025-3-3 13:25:18-debug:   Number of all scenes: 2
2025-3-3 13:25:18-debug:   Number of all scripts: 7
2025-3-3 13:25:18-debug:   Number of other assets: 498
2025-3-3 13:25:18-debug: // ---- build task 查询 Asset Bundle ---- (5ms)
2025-3-3 13:25:18-debug: // ---- build task 查询 Asset Bundle ----
2025-3-3 13:25:18-debug: [Build Memory track]: 查询 Asset Bundle start:172.91MB, end 172.74MB, increase: -176.19KB
2025-3-3 13:25:18-debug: 查询 Asset Bundle start, progress: 5%
2025-3-3 13:25:18-debug: run build task 查询 Asset Bundle success in 5 ms√, progress: 5%
2025-3-3 13:25:18-debug: run build task 查询 Asset Bundle success in 1 ms√, progress: 10%
2025-3-3 13:25:18-debug: // ---- build task 整理部分构建选项内数据到 settings.json ----
2025-3-3 13:25:18-debug: [Build Memory track]: 查询 Asset Bundle start:172.76MB, end 172.86MB, increase: 106.47KB
2025-3-3 13:25:18-debug: 整理部分构建选项内数据到 settings.json start, progress: 10%
2025-3-3 13:25:18-debug: // ---- build task 查询 Asset Bundle ---- (1ms)
2025-3-3 13:25:18-debug: run build task 整理部分构建选项内数据到 settings.json success in √, progress: 12%
2025-3-3 13:25:18-debug: [Build Memory track]: 整理部分构建选项内数据到 settings.json start:172.89MB, end 172.90MB, increase: 14.66KB
2025-3-3 13:25:18-debug: 填充脚本数据到 settings.json start, progress: 12%
2025-3-3 13:25:18-debug: // ---- build task 填充脚本数据到 settings.json ----
2025-3-3 13:25:18-debug: // ---- build task 填充脚本数据到 settings.json ---- (1ms)
2025-3-3 13:25:18-debug: run build task 填充脚本数据到 settings.json success in 1 ms√, progress: 13%
2025-3-3 13:25:18-debug: [Build Memory track]: 填充脚本数据到 settings.json start:172.98MB, end 172.95MB, increase: -25.14KB
2025-3-3 13:25:18-debug: 整理部分构建选项内数据到 settings.json start, progress: 13%
2025-3-3 13:25:18-debug: // ---- build task 整理部分构建选项内数据到 settings.json ----
2025-3-3 13:25:18-debug: // ---- build task 整理部分构建选项内数据到 settings.json ---- (1ms)
2025-3-3 13:25:18-debug: run build task 整理部分构建选项内数据到 settings.json success in 1 ms√, progress: 15%
2025-3-3 13:25:18-debug: [Build Memory track]: 整理部分构建选项内数据到 settings.json start:172.98MB, end 173.10MB, increase: 129.86KB
2025-3-3 13:25:30-debug: refresh db internal success
2025-3-3 13:25:30-debug: refresh db assets success
2025-3-3 13:25:30-debug: Run asset db hook engine-extends:afterRefresh ...
2025-3-3 13:25:30-debug: Run asset db hook engine-extends:afterRefresh success!
2025-3-3 13:25:30-debug: asset-db:refresh-all-database (33ms)
2025-3-3 13:25:30-debug: asset-db:worker-effect-data-processing (1ms)
2025-3-3 13:25:30-debug: asset-db-hook-engine-extends-afterRefresh (1ms)
2025-3-3 13:25:37-debug: refresh db internal success
2025-3-3 13:25:37-debug: refresh db assets success
2025-3-3 13:25:37-debug: Run asset db hook engine-extends:afterRefresh ...
2025-3-3 13:25:37-debug: Run asset db hook engine-extends:afterRefresh success!
2025-3-3 13:25:37-debug: asset-db:refresh-all-database (41ms)
2025-3-3 13:25:37-debug: asset-db:worker-effect-data-processing (1ms)
2025-3-3 13:25:37-debug: asset-db-hook-engine-extends-afterRefresh (2ms)
2025-3-3 13:25:41-debug: refresh db internal success
2025-3-3 13:25:41-debug: refresh db assets success
2025-3-3 13:25:41-debug: Run asset db hook engine-extends:afterRefresh ...
2025-3-3 13:25:41-debug: Run asset db hook engine-extends:afterRefresh success!
2025-3-3 13:25:41-debug: asset-db:refresh-all-database (27ms)
2025-3-3 13:27:19-debug: refresh db internal success
2025-3-3 13:27:19-debug: refresh db assets success
2025-3-3 13:27:19-debug: Run asset db hook engine-extends:afterRefresh ...
2025-3-3 13:27:19-debug: Run asset db hook engine-extends:afterRefresh success!
2025-3-3 13:27:19-debug: asset-db:refresh-all-database (39ms)
2025-3-3 13:27:19-debug: asset-db-hook-engine-extends-afterRefresh (2ms)
2025-3-3 13:27:19-debug: asset-db:worker-effect-data-processing (1ms)
2025-3-3 13:27:22-debug: refresh db internal success
2025-3-3 13:27:22-debug: refresh db assets success
2025-3-3 13:27:22-debug: Run asset db hook engine-extends:afterRefresh ...
2025-3-3 13:27:22-debug: Run asset db hook engine-extends:afterRefresh success!
2025-3-3 13:27:22-debug: asset-db:refresh-all-database (17ms)
2025-3-3 13:27:22-debug: asset-db-hook-engine-extends-afterRefresh (1ms)
2025-3-3 13:27:22-debug: asset-db:worker-effect-data-processing (1ms)
2025-3-3 13:27:59-debug: refresh db internal success
2025-3-3 13:27:59-debug: refresh db assets success
2025-3-3 13:27:59-debug: Run asset db hook engine-extends:afterRefresh ...
2025-3-3 13:27:59-debug: Run asset db hook engine-extends:afterRefresh success!
2025-3-3 13:27:59-debug: asset-db:refresh-all-database (42ms)
2025-3-3 13:27:59-debug: asset-db:worker-effect-data-processing (1ms)
2025-3-3 13:27:59-debug: asset-db-hook-engine-extends-afterRefresh (2ms)
2025-3-3 13:28:26-debug: refresh db internal success
2025-3-3 13:28:26-debug: refresh db assets success
2025-3-3 13:28:26-debug: Run asset db hook engine-extends:afterRefresh ...
2025-3-3 13:28:26-debug: Run asset db hook engine-extends:afterRefresh success!
2025-3-3 13:28:26-debug: asset-db:refresh-all-database (30ms)
2025-3-3 13:28:26-debug: asset-db:worker-effect-data-processing (2ms)
2025-3-3 13:28:26-debug: asset-db-hook-engine-extends-afterRefresh (2ms)
2025-3-3 13:28:44-debug: refresh db internal success
2025-3-3 13:28:44-debug: %cImport%c: /Users/mac20211105/NewProject_2/assets/Scripts/StartUI.tsbackground: #aaff85; color: #000;color: #000;
2025-3-3 13:28:44-debug: refresh db assets success
2025-3-3 13:28:44-debug: Run asset db hook engine-extends:afterRefresh ...
2025-3-3 13:28:44-debug: Run asset db hook engine-extends:afterRefresh success!
2025-3-3 13:28:44-debug: asset-db:refresh-all-database (38ms)
2025-3-3 13:28:44-debug: asset-db:worker-effect-data-processing (1ms)
2025-3-3 13:28:44-debug: asset-db-hook-engine-extends-afterRefresh (1ms)
2025-3-3 13:28:46-debug: %cImport%c: /Users/mac20211105/NewProject_2/assets/scene.scenebackground: #aaff85; color: #000;color: #000;
2025-3-3 13:28:46-debug: asset-db:reimport-assetdd81a3cb-8e86-4fc4-ae5e-7c838407a2e0 (12ms)
2025-3-3 13:28:57-debug: start refresh asset from /Users/mac20211105/NewProject_2/assets/Scripts/game-scene.scene...
2025-3-3 13:28:57-debug: %cImport%c: /Users/mac20211105/NewProject_2/assets/Scripts/game-scene.scenebackground: #aaff85; color: #000;color: #000;
2025-3-3 13:28:58-debug: refresh asset /Users/mac20211105/NewProject_2/assets/Scripts success
2025-3-3 13:28:58-debug: %cImport%c: /Users/mac20211105/NewProject_2/assets/Scriptsbackground: #aaff85; color: #000;color: #000;
2025-3-3 13:29:00-debug: start move asset from /Users/mac20211105/NewProject_2/assets/Scripts/game-scene.scene -> /Users/mac20211105/NewProject_2/assets/game-scene.scene...
2025-3-3 13:29:00-debug: start refresh asset from /Users/mac20211105/NewProject_2/assets/game-scene.scene...
2025-3-3 13:29:00-debug: %cImport%c: /Users/mac20211105/NewProject_2/assets/game-scene.scenebackground: #aaff85; color: #000;color: #000;
2025-3-3 13:29:00-debug: refresh asset /Users/mac20211105/NewProject_2/assets success
2025-3-3 13:29:00-debug: start refresh asset from /Users/mac20211105/NewProject_2/assets/Scripts...
2025-3-3 13:29:00-debug: %cImport%c: /Users/mac20211105/NewProject_2/assets/Scriptsbackground: #aaff85; color: #000;color: #000;
2025-3-3 13:29:00-debug: refresh asset /Users/mac20211105/NewProject_2/assets success
2025-3-3 13:29:00-debug: move asset from /Users/mac20211105/NewProject_2/assets/Scripts/game-scene.scene -> /Users/mac20211105/NewProject_2/assets/game-scene.scene success
2025-3-3 13:29:10-debug: refresh db internal success
2025-3-3 13:29:10-debug: %cImport%c: /Users/mac20211105/NewProject_2/assets/Scripts/StartUI.tsbackground: #aaff85; color: #000;color: #000;
2025-3-3 13:29:10-debug: refresh db assets success
2025-3-3 13:29:10-debug: Run asset db hook engine-extends:afterRefresh success!
2025-3-3 13:29:10-debug: Run asset db hook engine-extends:afterRefresh ...
2025-3-3 13:29:10-debug: asset-db:refresh-all-database (35ms)
2025-3-3 13:29:10-debug: asset-db:worker-effect-data-processing (1ms)
2025-3-3 13:29:10-debug: asset-db-hook-engine-extends-afterRefresh (1ms)
2025-3-3 13:29:13-debug: Query all assets info in project
2025-3-3 13:29:13-debug: init custom config: keepNodeUuid: false, useCache: true
2025-3-3 13:29:13-debug: 查询 Asset Bundle start, progress: 0%
2025-3-3 13:29:13-debug: // ---- build task 查询 Asset Bundle ----
2025-3-3 13:29:13-debug: Query preload assets/scripts from cc.config.json: 60f7195c-ec2a-45eb-ba94-8955f60e81d0,1c02ae6f-4492-4915-b8f8-7492a3b1e4cd,810e96e4-e456-4468-9b59-f4e8f39732c0,efe8e2a3-eace-427b-b4f1-cb8a937ec77d,e9aa9a3e-5b2b-4ac7-a2c7-073de2b2b24f,8bbdbcdd-5cd4-4100-b6d5-b7c9625b6107,50f4348b-c883-4e2f-8f11-ce233b859fa1,fda095cb-831d-4601-ad94-846013963de8,f92806d7-1768-443f-afe8-12bcde84d0f0,dd3a144d-ab7f-41f0-82b8-2e43a090d496,f0416e68-0200-4b77-a926-4f9d16e494da,970b0598-bcb0-4714-91fb-2e81440dccd8,bcd64cc6-2dd9-43f6-abbe-66318d332032,d930590d-bb92-4cc8-8bd1-23cd027f9edf,a3cd009f-0ab0-420d-9278-b9fdab939bbc,6a2d0734-bd9e-4ddf-946e-caa52498cb75,c27215d8-6835-4b68-bfbb-bdeac6100c04,b5d6115f-0370-4d7c-aad3-c194cc71cf98,871c3b6c-7379-419d-bda3-794b239ab90d,ff9b0199-ce04-4cfe-86cc-6c719f08d6e4,de1c2107-70c8-4021-8459-6399f24d01c6,cbf30902-517f-40dc-af90-a550bac27cf1
2025-3-3 13:29:13-debug:   Number of all scripts: 7
2025-3-3 13:29:13-debug:   Number of other assets: 498
2025-3-3 13:29:13-debug: run build task 查询 Asset Bundle success in 5 ms√, progress: 5%
2025-3-3 13:29:13-debug: [Build Memory track]: 查询 Asset Bundle start:177.64MB, end 177.39MB, increase: -260.32KB
2025-3-3 13:29:13-debug: 查询 Asset Bundle start, progress: 5%
2025-3-3 13:29:13-debug:   Number of all scenes: 3
2025-3-3 13:29:13-debug: // ---- build task 查询 Asset Bundle ---- (5ms)
2025-3-3 13:29:13-debug: // ---- build task 查询 Asset Bundle ----
2025-3-3 13:29:13-debug: // ---- build task 查询 Asset Bundle ---- (1ms)
2025-3-3 13:29:13-debug: run build task 查询 Asset Bundle success in 1 ms√, progress: 10%
2025-3-3 13:29:13-debug: [Build Memory track]: 查询 Asset Bundle start:177.42MB, end 177.52MB, increase: 108.89KB
2025-3-3 13:29:13-debug: // ---- build task 整理部分构建选项内数据到 settings.json ----
2025-3-3 13:29:13-debug: 整理部分构建选项内数据到 settings.json start, progress: 10%
2025-3-3 13:29:13-debug: // ---- build task 整理部分构建选项内数据到 settings.json ---- (1ms)
2025-3-3 13:29:13-debug: run build task 整理部分构建选项内数据到 settings.json success in 1 ms√, progress: 12%
2025-3-3 13:29:13-debug: 填充脚本数据到 settings.json start, progress: 12%
2025-3-3 13:29:13-debug: // ---- build task 填充脚本数据到 settings.json ----
2025-3-3 13:29:13-debug: [Build Memory track]: 整理部分构建选项内数据到 settings.json start:177.55MB, end 177.57MB, increase: 23.97KB
2025-3-3 13:29:13-debug: // ---- build task 填充脚本数据到 settings.json ---- (6ms)
2025-3-3 13:29:13-debug: // ---- build task 整理部分构建选项内数据到 settings.json ----
2025-3-3 13:29:13-debug: run build task 填充脚本数据到 settings.json success in 6 ms√, progress: 13%
2025-3-3 13:29:13-debug: 整理部分构建选项内数据到 settings.json start, progress: 13%
2025-3-3 13:29:13-debug: [Build Memory track]: 填充脚本数据到 settings.json start:177.59MB, end 177.62MB, increase: 23.68KB
2025-3-3 13:29:13-debug: // ---- build task 整理部分构建选项内数据到 settings.json ---- (1ms)
2025-3-3 13:29:13-debug: run build task 整理部分构建选项内数据到 settings.json success in 1 ms√, progress: 15%
2025-3-3 13:29:13-debug: [Build Memory track]: 整理部分构建选项内数据到 settings.json start:177.64MB, end 177.77MB, increase: 132.11KB
2025-3-3 13:29:17-debug: refresh db internal success
2025-3-3 13:29:17-debug: refresh db assets success
2025-3-3 13:29:17-debug: Run asset db hook engine-extends:afterRefresh ...
2025-3-3 13:29:17-debug: Run asset db hook engine-extends:afterRefresh success!
2025-3-3 13:29:17-debug: asset-db:refresh-all-database (40ms)
2025-3-3 13:29:17-debug: asset-db-hook-engine-extends-afterRefresh (1ms)
2025-3-3 13:59:43-debug: refresh db internal success
2025-3-3 13:59:43-debug: refresh db assets success
2025-3-3 13:59:43-debug: Run asset db hook engine-extends:afterRefresh ...
2025-3-3 13:59:43-debug: Run asset db hook engine-extends:afterRefresh success!
2025-3-3 13:59:43-debug: asset-db:refresh-all-database (178ms)
2025-3-3 13:59:43-debug: asset-db-hook-engine-extends-afterRefresh (50ms)
2025-3-3 13:59:43-debug: asset-db:worker-effect-data-processing (38ms)
2025-3-3 14:08:32-debug: refresh db internal success
2025-3-3 14:08:32-debug: refresh db assets success
2025-3-3 14:08:32-debug: Run asset db hook engine-extends:afterRefresh ...
2025-3-3 14:08:32-debug: Run asset db hook engine-extends:afterRefresh success!
2025-3-3 14:08:32-debug: asset-db:refresh-all-database (63ms)
2025-3-3 14:08:32-debug: asset-db:worker-effect-data-processing (1ms)
2025-3-3 14:08:32-debug: asset-db-hook-engine-extends-afterRefresh (2ms)
2025-3-3 14:09:02-debug: refresh db internal success
2025-3-3 14:09:02-debug: refresh db assets success
2025-3-3 14:09:02-debug: Run asset db hook engine-extends:afterRefresh ...
2025-3-3 14:09:02-debug: Run asset db hook engine-extends:afterRefresh success!
2025-3-3 14:09:02-debug: asset-db:refresh-all-database (34ms)
2025-3-3 14:09:02-debug: asset-db:worker-effect-data-processing (1ms)
2025-3-3 14:09:02-debug: asset-db-hook-engine-extends-afterRefresh (1ms)
2025-3-3 14:10:05-debug: refresh db internal success
2025-3-3 14:10:05-debug: refresh db assets success
2025-3-3 14:10:05-debug: Run asset db hook engine-extends:afterRefresh ...
2025-3-3 14:10:05-debug: Run asset db hook engine-extends:afterRefresh success!
2025-3-3 14:10:05-debug: asset-db:refresh-all-database (39ms)
2025-3-3 14:10:05-debug: asset-db-hook-engine-extends-afterRefresh (1ms)
2025-3-3 15:04:11-debug: refresh db internal success
2025-3-3 15:04:11-debug: refresh db assets success
2025-3-3 15:04:11-debug: Run asset db hook engine-extends:afterRefresh ...
2025-3-3 15:04:11-debug: Run asset db hook engine-extends:afterRefresh success!
2025-3-3 15:04:11-debug: asset-db:refresh-all-database (121ms)
2025-3-3 15:04:11-debug: asset-db:worker-effect-data-processing (3ms)
2025-3-3 15:04:11-debug: asset-db-hook-engine-extends-afterRefresh (5ms)
2025-3-3 16:20:26-debug: refresh db internal success
2025-3-3 16:20:26-debug: refresh db assets success
2025-3-3 16:20:26-debug: Run asset db hook engine-extends:afterRefresh ...
2025-3-3 16:20:26-debug: Run asset db hook engine-extends:afterRefresh success!
2025-3-3 16:20:26-debug: asset-db:refresh-all-database (110ms)
2025-3-3 16:20:26-debug: asset-db:worker-effect-data-processing (3ms)
2025-3-3 16:20:26-debug: asset-db-hook-engine-extends-afterRefresh (6ms)
2025-3-3 16:20:27-debug: %cImport%c: /Users/mac20211105/NewProject_2/assets/scene.scenebackground: #aaff85; color: #000;color: #000;
2025-3-3 16:20:27-debug: asset-db:reimport-assetdd81a3cb-8e86-4fc4-ae5e-7c838407a2e0 (157ms)
