2025-3-29 15:25:22-debug: start **** info
2025-3-29 15:25:22-log: Cannot access game frame or container.
2025-3-29 15:25:22-debug: asset-db:require-engine-code (721ms)
2025-3-29 15:25:22-log: meshopt wasm decoder initialized
2025-3-29 15:25:22-log: [box2d]:box2d wasm lib loaded.
2025-3-29 15:25:22-log: [bullet]:bullet wasm lib loaded.
2025-3-29 15:25:22-log: Cocos Creator v3.8.5
2025-3-29 15:25:22-log: Using legacy pipeline
2025-3-29 15:25:26-debug: [Assets Memory track]: asset-db-plugin-register: builder start:87.65MB, end 146.19MB, increase: 58.54MB
2025-3-29 15:25:22-log: Forward render pipeline initialized.
2025-3-29 15:25:26-debug: [Assets Memory track]: asset-db-plugin-register: project start:79.80MB, end 149.28MB, increase: 69.48MB
2025-3-29 15:25:26-debug: [Assets Memory track]: asset-db:worker-init: initPlugin start:79.11MB, end 149.30MB, increase: 70.20MB
2025-3-29 15:25:26-debug: [Assets Memory track]: asset-db-plugin-register: engine-extends start:146.40MB, end 149.21MB, increase: 2.81MB
2025-3-29 15:25:23-debug: [Assets Memory track]: asset-db-plugin-register: programming start:79.92MB, end 87.63MB, increase: 7.71MB
2025-3-29 15:25:22-debug: [Assets Memory track]: asset-db:worker-init: initEngine start:29.70MB, end 79.08MB, increase: 49.38MB
2025-3-29 15:25:26-debug: asset-db:worker-init: initPlugin (3730ms)
2025-3-29 15:25:26-debug: [Assets Memory track]: asset-db:worker-init start:29.69MB, end 144.34MB, increase: 114.65MB
2025-3-29 15:25:26-debug: Run asset db hook programming:beforePreStart ...
2025-3-29 15:25:26-debug: Run asset db hook programming:beforePreStart success!
2025-3-29 15:25:26-debug: Run asset db hook engine-extends:beforePreStart ...
2025-3-29 15:25:26-debug: Run asset db hook engine-extends:beforePreStart success!
2025-3-29 15:25:26-debug: asset-db:worker-init (4719ms)
2025-3-29 15:25:26-debug: asset-db-hook-programming-beforePreStart (62ms)
2025-3-29 15:25:26-debug: asset-db-hook-engine-extends-beforePreStart (62ms)
2025-3-29 15:25:26-debug: Preimport db internal success
2025-3-29 15:25:26-debug: Preimport db assets success
2025-3-29 15:25:26-debug: starting packer-driver...
2025-3-29 15:25:26-debug: Run asset db hook programming:afterPreStart ...
2025-3-29 15:25:26-debug: initialize scripting environment...
2025-3-29 15:25:26-debug: [[Executor]] prepare before lock
2025-3-29 15:25:26-debug: Set detail map pack:///resolution-detail-map.json: {}
2025-3-29 15:25:26-debug: Run asset db hook programming:afterPreStart success!
2025-3-29 15:25:26-debug: [Assets Memory track]: asset-db:worker-init: preStart start:144.35MB, end 147.78MB, increase: 3.42MB
2025-3-29 15:25:26-debug: [[Executor]] prepare after unlock
2025-3-29 15:25:26-debug: Run asset db hook engine-extends:afterPreStart success!
2025-3-29 15:25:26-debug: Start up the 'internal' database...
2025-3-29 15:25:26-debug: Run asset db hook engine-extends:afterPreStart ...
2025-3-29 15:25:27-debug: asset-db-hook-programming-afterPreStart (394ms)
2025-3-29 15:25:27-debug: asset-db-hook-engine-extends-afterPreStart (233ms)
2025-3-29 15:25:27-debug: asset-db:worker-effect-data-processing (233ms)
2025-3-29 15:25:27-debug: [Assets Memory track]: asset-db:worker-startup-database[internal] start:144.43MB, end 161.63MB, increase: 17.21MB
2025-3-29 15:25:27-debug: Start up the 'assets' database...
2025-3-29 15:25:27-debug: %cImport%c: /Users/mac20211105/Desktop/cocosCreator-demo-learn/AircraftWars/assets/game-scene.scenebackground: #aaff85; color: #000;color: #000;
2025-3-29 15:25:27-debug: asset-db:worker-startup-database[internal] (566ms)
2025-3-29 15:25:27-debug: [Assets Memory track]: asset-db:worker-startup-database[assets] start:146.66MB, end 163.39MB, increase: 16.73MB
2025-3-29 15:25:27-debug: lazy register asset handler text
2025-3-29 15:25:27-debug: [Assets Memory track]: asset-db:worker-init: startup start:147.79MB, end 163.41MB, increase: 15.62MB
2025-3-29 15:25:27-debug: lazy register asset handler spine-data
2025-3-29 15:25:27-debug: lazy register asset handler directory
2025-3-29 15:25:27-debug: lazy register asset handler dragonbones-atlas
2025-3-29 15:25:27-debug: lazy register asset handler terrain
2025-3-29 15:25:27-debug: lazy register asset handler javascript
2025-3-29 15:25:27-debug: lazy register asset handler typescript
2025-3-29 15:25:27-debug: lazy register asset handler prefab
2025-3-29 15:25:27-debug: lazy register asset handler scene
2025-3-29 15:25:27-debug: lazy register asset handler *
2025-3-29 15:25:27-debug: lazy register asset handler dragonbones
2025-3-29 15:25:27-debug: lazy register asset handler buffer
2025-3-29 15:25:27-debug: lazy register asset handler image
2025-3-29 15:25:27-debug: lazy register asset handler sign-image
2025-3-29 15:25:27-debug: lazy register asset handler tiled-map
2025-3-29 15:25:27-debug: lazy register asset handler texture
2025-3-29 15:25:27-debug: lazy register asset handler texture-cube
2025-3-29 15:25:27-debug: lazy register asset handler erp-texture-cube
2025-3-29 15:25:27-debug: lazy register asset handler render-texture
2025-3-29 15:25:27-debug: lazy register asset handler alpha-image
2025-3-29 15:25:27-debug: lazy register asset handler rt-sprite-frame
2025-3-29 15:25:27-debug: lazy register asset handler gltf
2025-3-29 15:25:27-debug: lazy register asset handler gltf-mesh
2025-3-29 15:25:27-debug: lazy register asset handler gltf-animation
2025-3-29 15:25:27-debug: lazy register asset handler gltf-skeleton
2025-3-29 15:25:27-debug: lazy register asset handler gltf-material
2025-3-29 15:25:27-debug: lazy register asset handler gltf-scene
2025-3-29 15:25:27-debug: lazy register asset handler gltf-embeded-image
2025-3-29 15:25:27-debug: lazy register asset handler json
2025-3-29 15:25:27-debug: lazy register asset handler sprite-frame
2025-3-29 15:25:27-debug: lazy register asset handler physics-material
2025-3-29 15:25:27-debug: lazy register asset handler effect
2025-3-29 15:25:27-debug: lazy register asset handler effect-header
2025-3-29 15:25:27-debug: lazy register asset handler texture-cube-face
2025-3-29 15:25:27-debug: lazy register asset handler animation-clip
2025-3-29 15:25:27-debug: lazy register asset handler material
2025-3-29 15:25:27-debug: lazy register asset handler animation-graph-variant
2025-3-29 15:25:27-debug: lazy register asset handler animation-mask
2025-3-29 15:25:27-debug: lazy register asset handler ttf-font
2025-3-29 15:25:27-debug: lazy register asset handler bitmap-font
2025-3-29 15:25:27-debug: lazy register asset handler particle
2025-3-29 15:25:27-debug: lazy register asset handler sprite-atlas
2025-3-29 15:25:27-debug: lazy register asset handler auto-atlas
2025-3-29 15:25:27-debug: lazy register asset handler label-atlas
2025-3-29 15:25:27-debug: lazy register asset handler render-pipeline
2025-3-29 15:25:27-debug: lazy register asset handler fbx
2025-3-29 15:25:27-debug: lazy register asset handler render-flow
2025-3-29 15:25:27-debug: lazy register asset handler animation-graph
2025-3-29 15:25:27-debug: lazy register asset handler instantiation-mesh
2025-3-29 15:25:27-debug: lazy register asset handler render-stage
2025-3-29 15:25:27-debug: lazy register asset handler instantiation-animation
2025-3-29 15:25:27-debug: lazy register asset handler video-clip
2025-3-29 15:25:27-debug: lazy register asset handler audio-clip
2025-3-29 15:25:27-debug: lazy register asset handler instantiation-material
2025-3-29 15:25:27-debug: lazy register asset handler instantiation-skeleton
2025-3-29 15:25:27-debug: asset-db:worker-startup-database[assets] (511ms)
2025-3-29 15:25:27-debug: asset-db:start-database (608ms)
2025-3-29 15:25:27-debug: asset-db:ready (7524ms)
2025-3-29 15:25:27-debug: init worker message success
2025-3-29 15:25:27-debug: [Build Memory track]: builder:worker-init start:161.26MB, end 173.46MB, increase: 12.20MB
2025-3-29 15:25:27-debug: builder:worker-init (340ms)
2025-3-29 15:25:28-debug: Query all assets info in project
2025-3-29 15:25:28-debug: init custom config: keepNodeUuid: false, useCache: true
2025-3-29 15:25:28-debug: 查询 Asset Bundle start, progress: 0%
2025-3-29 15:25:28-debug: // ---- build task 查询 Asset Bundle ----
2025-3-29 15:25:28-debug: Query preload assets/scripts from cc.config.json: 60f7195c-ec2a-45eb-ba94-8955f60e81d0,1c02ae6f-4492-4915-b8f8-7492a3b1e4cd,810e96e4-e456-4468-9b59-f4e8f39732c0,efe8e2a3-eace-427b-b4f1-cb8a937ec77d,e9aa9a3e-5b2b-4ac7-a2c7-073de2b2b24f,8bbdbcdd-5cd4-4100-b6d5-b7c9625b6107,50f4348b-c883-4e2f-8f11-ce233b859fa1,fda095cb-831d-4601-ad94-846013963de8,f92806d7-1768-443f-afe8-12bcde84d0f0,dd3a144d-ab7f-41f0-82b8-2e43a090d496,f0416e68-0200-4b77-a926-4f9d16e494da,970b0598-bcb0-4714-91fb-2e81440dccd8,bcd64cc6-2dd9-43f6-abbe-66318d332032,d930590d-bb92-4cc8-8bd1-23cd027f9edf,a3cd009f-0ab0-420d-9278-b9fdab939bbc,6a2d0734-bd9e-4ddf-946e-caa52498cb75,c27215d8-6835-4b68-bfbb-bdeac6100c04,b5d6115f-0370-4d7c-aad3-c194cc71cf98,871c3b6c-7379-419d-bda3-794b239ab90d,ff9b0199-ce04-4cfe-86cc-6c719f08d6e4,de1c2107-70c8-4021-8459-6399f24d01c6,cbf30902-517f-40dc-af90-a550bac27cf1
2025-3-29 15:25:28-debug:   Number of all scenes: 3
2025-3-29 15:25:28-debug:   Number of all scripts: 12
2025-3-29 15:25:28-debug:   Number of other assets: 511
2025-3-29 15:25:28-debug: // ---- build task 查询 Asset Bundle ---- (3ms)
2025-3-29 15:25:28-debug: run build task 查询 Asset Bundle success in 3 ms√, progress: 5%
2025-3-29 15:25:28-debug: [Build Memory track]: 查询 Asset Bundle start:176.06MB, end 176.76MB, increase: 717.65KB
2025-3-29 15:25:28-debug: 查询 Asset Bundle start, progress: 5%
2025-3-29 15:25:28-debug: // ---- build task 查询 Asset Bundle ----
2025-3-29 15:25:28-debug: // ---- build task 查询 Asset Bundle ---- (2ms)
2025-3-29 15:25:28-debug: [Build Memory track]: 查询 Asset Bundle start:176.79MB, end 177.13MB, increase: 349.13KB
2025-3-29 15:25:28-debug: run build task 查询 Asset Bundle success in 2 ms√, progress: 10%
2025-3-29 15:25:28-debug: // ---- build task 整理部分构建选项内数据到 settings.json ----
2025-3-29 15:25:28-debug: 整理部分构建选项内数据到 settings.json start, progress: 10%
2025-3-29 15:25:28-debug: run build task 整理部分构建选项内数据到 settings.json success in √, progress: 12%
2025-3-29 15:25:28-debug: [Build Memory track]: 整理部分构建选项内数据到 settings.json start:176.95MB, end 176.97MB, increase: 17.76KB
2025-3-29 15:25:28-debug: // ---- build task 填充脚本数据到 settings.json ----
2025-3-29 15:25:28-debug: 填充脚本数据到 settings.json start, progress: 12%
2025-3-29 15:25:28-debug: // ---- build task 填充脚本数据到 settings.json ---- (1ms)
2025-3-29 15:25:28-debug: // ---- build task 整理部分构建选项内数据到 settings.json ----
2025-3-29 15:25:28-debug: [Build Memory track]: 填充脚本数据到 settings.json start:177.00MB, end 177.03MB, increase: 29.31KB
2025-3-29 15:25:28-debug: 整理部分构建选项内数据到 settings.json start, progress: 13%
2025-3-29 15:25:28-debug: run build task 填充脚本数据到 settings.json success in 1 ms√, progress: 13%
2025-3-29 15:25:28-debug: // ---- build task 整理部分构建选项内数据到 settings.json ---- (2ms)
2025-3-29 15:25:28-debug: run build task 整理部分构建选项内数据到 settings.json success in 2 ms√, progress: 15%
2025-3-29 15:25:28-debug: [Build Memory track]: 整理部分构建选项内数据到 settings.json start:177.52MB, end 177.16MB, increase: -362.58KB
2025-3-29 15:34:29-debug: refresh db internal success
2025-3-29 15:34:29-debug: refresh db assets success
2025-3-29 15:34:29-debug: Run asset db hook engine-extends:afterRefresh ...
2025-3-29 15:34:29-debug: Run asset db hook engine-extends:afterRefresh success!
2025-3-29 15:34:29-debug: asset-db:refresh-all-database (60ms)
2025-3-29 15:34:29-debug: asset-db:worker-effect-data-processing (1ms)
2025-3-29 15:34:29-debug: asset-db-hook-engine-extends-afterRefresh (2ms)
2025-3-29 15:41:28-debug: refresh db internal success
2025-3-29 15:41:28-debug: refresh db assets success
2025-3-29 15:41:28-debug: Run asset db hook engine-extends:afterRefresh ...
2025-3-29 15:41:28-debug: Run asset db hook engine-extends:afterRefresh success!
2025-3-29 15:41:28-debug: asset-db:refresh-all-database (61ms)
2025-3-29 15:41:28-debug: asset-db:worker-effect-data-processing (2ms)
2025-3-29 15:41:28-debug: asset-db-hook-engine-extends-afterRefresh (2ms)
2025-3-29 15:41:35-debug: Query all assets info in project
2025-3-29 15:41:35-debug: init custom config: keepNodeUuid: false, useCache: true
2025-3-29 15:41:35-debug: 查询 Asset Bundle start, progress: 0%
2025-3-29 15:41:35-debug: // ---- build task 查询 Asset Bundle ----
2025-3-29 15:41:35-debug: Query preload assets/scripts from cc.config.json: 60f7195c-ec2a-45eb-ba94-8955f60e81d0,1c02ae6f-4492-4915-b8f8-7492a3b1e4cd,810e96e4-e456-4468-9b59-f4e8f39732c0,efe8e2a3-eace-427b-b4f1-cb8a937ec77d,e9aa9a3e-5b2b-4ac7-a2c7-073de2b2b24f,8bbdbcdd-5cd4-4100-b6d5-b7c9625b6107,50f4348b-c883-4e2f-8f11-ce233b859fa1,fda095cb-831d-4601-ad94-846013963de8,f92806d7-1768-443f-afe8-12bcde84d0f0,dd3a144d-ab7f-41f0-82b8-2e43a090d496,f0416e68-0200-4b77-a926-4f9d16e494da,970b0598-bcb0-4714-91fb-2e81440dccd8,bcd64cc6-2dd9-43f6-abbe-66318d332032,d930590d-bb92-4cc8-8bd1-23cd027f9edf,a3cd009f-0ab0-420d-9278-b9fdab939bbc,6a2d0734-bd9e-4ddf-946e-caa52498cb75,c27215d8-6835-4b68-bfbb-bdeac6100c04,b5d6115f-0370-4d7c-aad3-c194cc71cf98,871c3b6c-7379-419d-bda3-794b239ab90d,ff9b0199-ce04-4cfe-86cc-6c719f08d6e4,de1c2107-70c8-4021-8459-6399f24d01c6,cbf30902-517f-40dc-af90-a550bac27cf1
2025-3-29 15:41:35-debug:   Number of all scenes: 3
2025-3-29 15:41:35-debug:   Number of all scripts: 12
2025-3-29 15:41:35-debug:   Number of other assets: 511
2025-3-29 15:41:35-debug: // ---- build task 查询 Asset Bundle ---- (5ms)
2025-3-29 15:41:35-debug: // ---- build task 查询 Asset Bundle ----
2025-3-29 15:41:35-debug: [Build Memory track]: 查询 Asset Bundle start:169.14MB, end 169.04MB, increase: -101.83KB
2025-3-29 15:41:35-debug: 查询 Asset Bundle start, progress: 5%
2025-3-29 15:41:35-debug: run build task 查询 Asset Bundle success in 5 ms√, progress: 5%
2025-3-29 15:41:35-debug: run build task 查询 Asset Bundle success in 2 ms√, progress: 10%
2025-3-29 15:41:35-debug: 整理部分构建选项内数据到 settings.json start, progress: 10%
2025-3-29 15:41:35-debug: [Build Memory track]: 查询 Asset Bundle start:169.07MB, end 168.46MB, increase: -624.44KB
2025-3-29 15:41:35-debug: // ---- build task 查询 Asset Bundle ---- (2ms)
2025-3-29 15:41:35-debug: // ---- build task 整理部分构建选项内数据到 settings.json ----
2025-3-29 15:41:35-debug: run build task 整理部分构建选项内数据到 settings.json success in √, progress: 12%
2025-3-29 15:41:35-debug: // ---- build task 填充脚本数据到 settings.json ----
2025-3-29 15:41:35-debug: 填充脚本数据到 settings.json start, progress: 12%
2025-3-29 15:41:35-debug: [Build Memory track]: 整理部分构建选项内数据到 settings.json start:168.92MB, end 168.52MB, increase: -416.43KB
2025-3-29 15:41:35-debug: run build task 填充脚本数据到 settings.json success in √, progress: 13%
2025-3-29 15:41:35-debug: [Build Memory track]: 填充脚本数据到 settings.json start:168.55MB, end 168.99MB, increase: 452.58KB
2025-3-29 15:41:35-debug: 整理部分构建选项内数据到 settings.json start, progress: 13%
2025-3-29 15:41:35-debug: // ---- build task 整理部分构建选项内数据到 settings.json ----
2025-3-29 15:41:35-debug: // ---- build task 整理部分构建选项内数据到 settings.json ---- (6ms)
2025-3-29 15:41:35-debug: run build task 整理部分构建选项内数据到 settings.json success in 6 ms√, progress: 15%
2025-3-29 15:41:35-debug: [Build Memory track]: 整理部分构建选项内数据到 settings.json start:168.60MB, end 168.70MB, increase: 104.67KB
