2025-3-1 23:48:33-debug: start **** info
2025-3-1 23:48:34-log: Cannot access game frame or container.
2025-3-1 23:48:34-debug: asset-db:require-engine-code (591ms)
2025-3-1 23:48:34-log: meshopt wasm decoder initialized
2025-3-1 23:48:34-log: [bullet]:bullet wasm lib loaded.
2025-3-1 23:48:34-log: [box2d]:box2d wasm lib loaded.
2025-3-1 23:48:34-log: Cocos Creator v3.8.5
2025-3-1 23:48:34-debug: [Assets Memory track]: asset-db-plugin-register: programming start:80.30MB, end 87.95MB, increase: 7.65MB
2025-3-1 23:48:37-debug: [Assets Memory track]: asset-db-plugin-register: builder start:87.98MB, end 200.81MB, increase: 112.83MB
2025-3-1 23:48:37-debug: [Assets Memory track]: asset-db-plugin-register: project start:80.18MB, end 149.88MB, increase: 69.70MB
2025-3-1 23:48:37-debug: [Assets Memory track]: asset-db:worker-init: initPlugin start:79.54MB, end 149.90MB, increase: 70.37MB
2025-3-1 23:48:34-log: Forward render pipeline initialized.
2025-3-1 23:48:34-debug: [Assets Memory track]: asset-db:worker-init: initEngine start:29.34MB, end 79.51MB, increase: 50.17MB
2025-3-1 23:48:34-log: Using legacy pipeline
2025-3-1 23:48:37-debug: run package(web-desktop) handler(enable) start
2025-3-1 23:48:37-debug: run package(web-desktop) handler(enable) success!
2025-3-1 23:48:37-debug: run package(web-mobile) handler(enable) start
2025-3-1 23:48:37-debug: run package(wechatgame) handler(enable) start
2025-3-1 23:48:37-debug: run package(wechatprogram) handler(enable) success!
2025-3-1 23:48:37-debug: run package(web-mobile) handler(enable) success!
2025-3-1 23:48:37-debug: run package(windows) handler(enable) success!
2025-3-1 23:48:37-debug: run package(wechatgame) handler(enable) success!
2025-3-1 23:48:37-debug: run package(xiaomi-quick-game) handler(enable) success!
2025-3-1 23:48:37-debug: run package(cocos-service) handler(enable) start
2025-3-1 23:48:37-debug: run package(cocos-service) handler(enable) success!
2025-3-1 23:48:37-debug: run package(im-plugin) handler(enable) start
2025-3-1 23:48:37-debug: run package(wechatprogram) handler(enable) start
2025-3-1 23:48:37-debug: run package(placeholder) handler(enable) start
2025-3-1 23:48:37-debug: run package(placeholder) handler(enable) success!
2025-3-1 23:48:37-debug: run package(xiaomi-quick-game) handler(enable) start
2025-3-1 23:48:37-debug: run package(windows) handler(enable) start
2025-3-1 23:48:37-debug: run package(im-plugin) handler(enable) success!
2025-3-1 23:48:37-debug: asset-db:worker-init: initPlugin (3324ms)
2025-3-1 23:48:37-debug: [Assets Memory track]: asset-db:worker-init start:29.33MB, end 150.64MB, increase: 121.31MB
2025-3-1 23:48:37-debug: Run asset db hook engine-extends:beforePreStart success!
2025-3-1 23:48:37-debug: Run asset db hook programming:beforePreStart success!
2025-3-1 23:48:37-debug: Run asset db hook engine-extends:beforePreStart ...
2025-3-1 23:48:37-debug: Run asset db hook programming:beforePreStart ...
2025-3-1 23:48:37-debug: asset-db:worker-init (4042ms)
2025-3-1 23:48:37-debug: asset-db-hook-programming-beforePreStart (56ms)
2025-3-1 23:48:37-debug: asset-db-hook-engine-extends-beforePreStart (56ms)
2025-3-1 23:48:37-debug: Preimport db internal success
2025-3-1 23:48:37-debug: Preimport db assets success
2025-3-1 23:48:37-debug: Run asset db hook programming:afterPreStart ...
2025-3-1 23:48:37-debug: starting packer-driver...
2025-3-1 23:48:37-debug: initialize scripting environment...
2025-3-1 23:48:37-debug: [[Executor]] prepare before lock
2025-3-1 23:48:37-debug: Set detail map pack:///resolution-detail-map.json: {}
2025-3-1 23:48:37-debug: [[Executor]] prepare after unlock
2025-3-1 23:48:37-debug: [Assets Memory track]: asset-db:worker-init: preStart start:150.91MB, end 153.65MB, increase: 2.74MB
2025-3-1 23:48:37-debug: Start up the 'internal' database...
2025-3-1 23:48:37-debug: Run asset db hook engine-extends:afterPreStart success!
2025-3-1 23:48:37-debug: Run asset db hook programming:afterPreStart success!
2025-3-1 23:48:37-debug: Run asset db hook engine-extends:afterPreStart ...
2025-3-1 23:48:38-debug: asset-db-hook-programming-afterPreStart (352ms)
2025-3-1 23:48:38-debug: asset-db:worker-effect-data-processing (214ms)
2025-3-1 23:48:38-debug: asset-db-hook-engine-extends-afterPreStart (214ms)
2025-3-1 23:48:38-debug: [Assets Memory track]: asset-db:worker-startup-database[internal] start:150.73MB, end 166.24MB, increase: 15.50MB
2025-3-1 23:48:38-debug: Start up the 'assets' database...
2025-3-1 23:48:38-debug: asset-db:worker-startup-database[internal] (483ms)
2025-3-1 23:48:38-debug: [Assets Memory track]: asset-db:worker-startup-database[assets] start:153.06MB, end 167.68MB, increase: 14.62MB
2025-3-1 23:48:38-debug: lazy register asset handler text
2025-3-1 23:48:38-debug: lazy register asset handler json
2025-3-1 23:48:38-debug: lazy register asset handler spine-data
2025-3-1 23:48:38-debug: lazy register asset handler dragonbones
2025-3-1 23:48:38-debug: lazy register asset handler *
2025-3-1 23:48:38-debug: lazy register asset handler terrain
2025-3-1 23:48:38-debug: lazy register asset handler javascript
2025-3-1 23:48:38-debug: lazy register asset handler typescript
2025-3-1 23:48:38-debug: lazy register asset handler scene
2025-3-1 23:48:38-debug: lazy register asset handler prefab
2025-3-1 23:48:38-debug: lazy register asset handler sprite-frame
2025-3-1 23:48:38-debug: lazy register asset handler tiled-map
2025-3-1 23:48:38-debug: lazy register asset handler buffer
2025-3-1 23:48:38-debug: lazy register asset handler image
2025-3-1 23:48:38-debug: lazy register asset handler sign-image
2025-3-1 23:48:38-debug: lazy register asset handler alpha-image
2025-3-1 23:48:38-debug: lazy register asset handler texture
2025-3-1 23:48:38-debug: lazy register asset handler texture-cube
2025-3-1 23:48:38-debug: lazy register asset handler erp-texture-cube
2025-3-1 23:48:38-debug: lazy register asset handler render-texture
2025-3-1 23:48:38-debug: lazy register asset handler directory
2025-3-1 23:48:38-debug: lazy register asset handler rt-sprite-frame
2025-3-1 23:48:38-debug: [Assets Memory track]: asset-db:worker-init: startup start:153.89MB, end 167.69MB, increase: 13.81MB
2025-3-1 23:48:38-debug: lazy register asset handler gltf-mesh
2025-3-1 23:48:38-debug: lazy register asset handler dragonbones-atlas
2025-3-1 23:48:38-debug: lazy register asset handler gltf-animation
2025-3-1 23:48:38-debug: lazy register asset handler gltf-skeleton
2025-3-1 23:48:38-debug: lazy register asset handler gltf-scene
2025-3-1 23:48:38-debug: lazy register asset handler gltf-embeded-image
2025-3-1 23:48:38-debug: lazy register asset handler fbx
2025-3-1 23:48:38-debug: lazy register asset handler material
2025-3-1 23:48:38-debug: lazy register asset handler physics-material
2025-3-1 23:48:38-debug: lazy register asset handler effect
2025-3-1 23:48:38-debug: lazy register asset handler effect-header
2025-3-1 23:48:38-debug: lazy register asset handler gltf-material
2025-3-1 23:48:38-debug: lazy register asset handler animation-clip
2025-3-1 23:48:38-debug: lazy register asset handler animation-graph
2025-3-1 23:48:38-debug: lazy register asset handler animation-graph-variant
2025-3-1 23:48:38-debug: lazy register asset handler animation-mask
2025-3-1 23:48:38-debug: lazy register asset handler ttf-font
2025-3-1 23:48:38-debug: lazy register asset handler bitmap-font
2025-3-1 23:48:38-debug: lazy register asset handler audio-clip
2025-3-1 23:48:38-debug: lazy register asset handler sprite-atlas
2025-3-1 23:48:38-debug: lazy register asset handler auto-atlas
2025-3-1 23:48:38-debug: lazy register asset handler label-atlas
2025-3-1 23:48:38-debug: lazy register asset handler render-pipeline
2025-3-1 23:48:38-debug: lazy register asset handler render-stage
2025-3-1 23:48:38-debug: lazy register asset handler render-flow
2025-3-1 23:48:38-debug: lazy register asset handler instantiation-material
2025-3-1 23:48:38-debug: lazy register asset handler instantiation-mesh
2025-3-1 23:48:38-debug: lazy register asset handler instantiation-skeleton
2025-3-1 23:48:38-debug: lazy register asset handler instantiation-animation
2025-3-1 23:48:38-debug: lazy register asset handler video-clip
2025-3-1 23:48:38-debug: lazy register asset handler gltf
2025-3-1 23:48:38-debug: lazy register asset handler texture-cube-face
2025-3-1 23:48:38-debug: lazy register asset handler particle
2025-3-1 23:48:38-debug: asset-db:worker-startup-database[assets] (435ms)
2025-3-1 23:48:38-debug: asset-db:start-database (515ms)
2025-3-1 23:48:38-debug: asset-db:ready (6237ms)
2025-3-1 23:48:38-debug: init worker message success
2025-3-1 23:48:38-debug: [Build Memory track]: builder:worker-init start:165.42MB, end 177.91MB, increase: 12.49MB
2025-3-1 23:48:38-debug: programming:execute-script (4ms)
2025-3-1 23:48:38-debug: builder:worker-init (303ms)
2025-3-1 23:49:18-debug: Cannot find the asset handler of operate open for importer animation-clip
2025-3-1 23:49:21-debug: programming:execute-script (1ms)
2025-3-1 23:49:23-debug: start remove asset /Users/mac20211105/NewProject_2/assets/Animations/loading.anim...
2025-3-1 23:49:23-debug: start refresh asset from /Users/mac20211105/NewProject_2/assets/Animations/loading.anim...
2025-3-1 23:49:23-debug: %cDestroy%c: /Users/mac20211105/NewProject_2/assets/Animations/loading.animbackground: #ffb8b8; color: #000;color: #000;
2025-3-1 23:49:23-debug: refresh asset /Users/mac20211105/NewProject_2/assets/Animations success
2025-3-1 23:49:23-debug: remove asset /Users/mac20211105/NewProject_2/assets/Animations/loading.anim success
2025-3-1 23:49:23-debug: %cImport%c: /Users/mac20211105/NewProject_2/assets/Animationsbackground: #aaff85; color: #000;color: #000;
2025-3-1 23:49:43-debug: start refresh asset from /Users/mac20211105/NewProject_2/assets/Animations/loading.anim...
2025-3-1 23:49:43-debug: %cImport%c: /Users/mac20211105/NewProject_2/assets/Animations/loading.animbackground: #aaff85; color: #000;color: #000;
2025-3-1 23:49:43-debug: refresh asset /Users/mac20211105/NewProject_2/assets/Animations success
2025-3-1 23:49:43-debug: %cImport%c: /Users/mac20211105/NewProject_2/assets/Animationsbackground: #aaff85; color: #000;color: #000;
2025-3-1 23:49:43-debug: refresh db internal success
2025-3-1 23:49:43-debug: refresh db assets success
2025-3-1 23:49:43-debug: Run asset db hook engine-extends:afterRefresh ...
2025-3-1 23:49:43-debug: Run asset db hook engine-extends:afterRefresh success!
2025-3-1 23:49:43-debug: asset-db:refresh-all-database (32ms)
2025-3-1 23:49:43-debug: asset-db:worker-effect-data-processing (1ms)
2025-3-1 23:49:43-debug: asset-db-hook-engine-extends-afterRefresh (1ms)
2025-3-1 23:51:08-debug: %cImport%c: /Users/mac20211105/NewProject_2/assets/Animations/loading.animbackground: #aaff85; color: #000;color: #000;
2025-3-1 23:51:08-debug: asset-db:reimport-asset6c6e0646-9427-4136-b33f-72cb5e2a9b4c (10ms)
2025-3-1 23:51:10-debug: Query all assets info in project
2025-3-1 23:51:10-debug: init custom config: keepNodeUuid: false, useCache: true
2025-3-1 23:51:10-debug: 查询 Asset Bundle start, progress: 0%
2025-3-1 23:51:10-debug: // ---- build task 查询 Asset Bundle ----
2025-3-1 23:51:10-debug: Query preload assets/scripts from cc.config.json: 60f7195c-ec2a-45eb-ba94-8955f60e81d0,1c02ae6f-4492-4915-b8f8-7492a3b1e4cd,810e96e4-e456-4468-9b59-f4e8f39732c0,efe8e2a3-eace-427b-b4f1-cb8a937ec77d,e9aa9a3e-5b2b-4ac7-a2c7-073de2b2b24f,8bbdbcdd-5cd4-4100-b6d5-b7c9625b6107,50f4348b-c883-4e2f-8f11-ce233b859fa1,fda095cb-831d-4601-ad94-846013963de8,f92806d7-1768-443f-afe8-12bcde84d0f0,dd3a144d-ab7f-41f0-82b8-2e43a090d496,f0416e68-0200-4b77-a926-4f9d16e494da,970b0598-bcb0-4714-91fb-2e81440dccd8,bcd64cc6-2dd9-43f6-abbe-66318d332032,d930590d-bb92-4cc8-8bd1-23cd027f9edf,a3cd009f-0ab0-420d-9278-b9fdab939bbc,6a2d0734-bd9e-4ddf-946e-caa52498cb75,c27215d8-6835-4b68-bfbb-bdeac6100c04,b5d6115f-0370-4d7c-aad3-c194cc71cf98,871c3b6c-7379-419d-bda3-794b239ab90d,ff9b0199-ce04-4cfe-86cc-6c719f08d6e4,de1c2107-70c8-4021-8459-6399f24d01c6,cbf30902-517f-40dc-af90-a550bac27cf1
2025-3-1 23:51:10-debug:   Number of all scenes: 1
2025-3-1 23:51:10-debug:   Number of all scripts: 6
2025-3-1 23:51:10-debug:   Number of other assets: 498
2025-3-1 23:51:10-debug: // ---- build task 查询 Asset Bundle ---- (5ms)
2025-3-1 23:51:10-debug: run build task 查询 Asset Bundle success in 5 ms√, progress: 5%
2025-3-1 23:51:10-debug: [Build Memory track]: 查询 Asset Bundle start:167.90MB, end 167.73MB, increase: -174.50KB
2025-3-1 23:51:10-debug: 查询 Asset Bundle start, progress: 5%
2025-3-1 23:51:10-debug: // ---- build task 查询 Asset Bundle ----
2025-3-1 23:51:10-debug: // ---- build task 查询 Asset Bundle ---- (1ms)
2025-3-1 23:51:10-debug: [Build Memory track]: 查询 Asset Bundle start:167.76MB, end 167.90MB, increase: 146.44KB
2025-3-1 23:51:10-debug: 整理部分构建选项内数据到 settings.json start, progress: 10%
2025-3-1 23:51:10-debug: // ---- build task 整理部分构建选项内数据到 settings.json ----
2025-3-1 23:51:10-debug: run build task 查询 Asset Bundle success in 1 ms√, progress: 10%
2025-3-1 23:51:10-debug: run build task 整理部分构建选项内数据到 settings.json success in √, progress: 12%
2025-3-1 23:51:10-debug: [Build Memory track]: 整理部分构建选项内数据到 settings.json start:167.92MB, end 167.94MB, increase: 18.78KB
2025-3-1 23:51:10-debug: 填充脚本数据到 settings.json start, progress: 12%
2025-3-1 23:51:10-debug: // ---- build task 填充脚本数据到 settings.json ----
2025-3-1 23:51:10-debug: // ---- build task 填充脚本数据到 settings.json ---- (1ms)
2025-3-1 23:51:10-debug: run build task 填充脚本数据到 settings.json success in 1 ms√, progress: 13%
2025-3-1 23:51:10-debug: [Build Memory track]: 填充脚本数据到 settings.json start:167.97MB, end 168.00MB, increase: 28.23KB
2025-3-1 23:51:10-debug: 整理部分构建选项内数据到 settings.json start, progress: 13%
2025-3-1 23:51:10-debug: // ---- build task 整理部分构建选项内数据到 settings.json ----
2025-3-1 23:51:10-debug: // ---- build task 整理部分构建选项内数据到 settings.json ---- (3ms)
2025-3-1 23:51:10-debug: run build task 整理部分构建选项内数据到 settings.json success in 3 ms√, progress: 15%
2025-3-1 23:51:10-debug: [Build Memory track]: 整理部分构建选项内数据到 settings.json start:168.03MB, end 168.17MB, increase: 139.42KB
2025-3-1 23:51:16-debug: refresh db internal success
2025-3-1 23:51:16-debug: refresh db assets success
2025-3-1 23:51:16-debug: Run asset db hook engine-extends:afterRefresh ...
2025-3-1 23:51:16-debug: Run asset db hook engine-extends:afterRefresh success!
2025-3-1 23:51:16-debug: asset-db:refresh-all-database (49ms)
2025-3-1 23:51:16-debug: asset-db:worker-effect-data-processing (1ms)
2025-3-1 23:51:16-debug: asset-db-hook-engine-extends-afterRefresh (1ms)
2025-3-1 23:51:27-debug: Query all assets info in project
2025-3-1 23:51:27-debug: init custom config: keepNodeUuid: false, useCache: true
2025-3-1 23:51:27-debug: 查询 Asset Bundle start, progress: 0%
2025-3-1 23:51:27-debug: // ---- build task 查询 Asset Bundle ----
2025-3-1 23:51:27-debug: Query preload assets/scripts from cc.config.json: 60f7195c-ec2a-45eb-ba94-8955f60e81d0,1c02ae6f-4492-4915-b8f8-7492a3b1e4cd,810e96e4-e456-4468-9b59-f4e8f39732c0,efe8e2a3-eace-427b-b4f1-cb8a937ec77d,e9aa9a3e-5b2b-4ac7-a2c7-073de2b2b24f,8bbdbcdd-5cd4-4100-b6d5-b7c9625b6107,50f4348b-c883-4e2f-8f11-ce233b859fa1,fda095cb-831d-4601-ad94-846013963de8,f92806d7-1768-443f-afe8-12bcde84d0f0,dd3a144d-ab7f-41f0-82b8-2e43a090d496,f0416e68-0200-4b77-a926-4f9d16e494da,970b0598-bcb0-4714-91fb-2e81440dccd8,bcd64cc6-2dd9-43f6-abbe-66318d332032,d930590d-bb92-4cc8-8bd1-23cd027f9edf,a3cd009f-0ab0-420d-9278-b9fdab939bbc,6a2d0734-bd9e-4ddf-946e-caa52498cb75,c27215d8-6835-4b68-bfbb-bdeac6100c04,b5d6115f-0370-4d7c-aad3-c194cc71cf98,871c3b6c-7379-419d-bda3-794b239ab90d,ff9b0199-ce04-4cfe-86cc-6c719f08d6e4,de1c2107-70c8-4021-8459-6399f24d01c6,cbf30902-517f-40dc-af90-a550bac27cf1
2025-3-1 23:51:27-debug:   Number of all scenes: 1
2025-3-1 23:51:27-debug:   Number of all scripts: 6
2025-3-1 23:51:27-debug:   Number of other assets: 498
2025-3-1 23:51:27-debug: // ---- build task 查询 Asset Bundle ---- (3ms)
2025-3-1 23:51:27-debug: run build task 查询 Asset Bundle success in 3 ms√, progress: 5%
2025-3-1 23:51:27-debug: 查询 Asset Bundle start, progress: 5%
2025-3-1 23:51:27-debug: // ---- build task 查询 Asset Bundle ----
2025-3-1 23:51:27-debug: [Build Memory track]: 查询 Asset Bundle start:168.87MB, end 168.83MB, increase: -45.84KB
2025-3-1 23:51:27-debug: // ---- build task 查询 Asset Bundle ---- (2ms)
2025-3-1 23:51:27-debug: run build task 查询 Asset Bundle success in 2 ms√, progress: 10%
2025-3-1 23:51:27-debug: // ---- build task 整理部分构建选项内数据到 settings.json ----
2025-3-1 23:51:27-debug: [Build Memory track]: 查询 Asset Bundle start:168.88MB, end 168.99MB, increase: 114.12KB
2025-3-1 23:51:27-debug: 整理部分构建选项内数据到 settings.json start, progress: 10%
2025-3-1 23:51:27-debug: // ---- build task 整理部分构建选项内数据到 settings.json ---- (1ms)
2025-3-1 23:51:27-debug: [Build Memory track]: 整理部分构建选项内数据到 settings.json start:169.64MB, end 169.06MB, increase: -598.71KB
2025-3-1 23:51:27-debug: 填充脚本数据到 settings.json start, progress: 12%
2025-3-1 23:51:27-debug: // ---- build task 填充脚本数据到 settings.json ----
2025-3-1 23:51:27-debug: run build task 整理部分构建选项内数据到 settings.json success in 1 ms√, progress: 12%
2025-3-1 23:51:27-debug: run build task 填充脚本数据到 settings.json success in √, progress: 13%
2025-3-1 23:51:27-debug: [Build Memory track]: 填充脚本数据到 settings.json start:169.09MB, end 169.49MB, increase: 407.64KB
2025-3-1 23:51:27-debug: // ---- build task 整理部分构建选项内数据到 settings.json ----
2025-3-1 23:51:27-debug: 整理部分构建选项内数据到 settings.json start, progress: 13%
2025-3-1 23:51:27-debug: run build task 整理部分构建选项内数据到 settings.json success in 2 ms√, progress: 15%
2025-3-1 23:51:27-debug: [Build Memory track]: 整理部分构建选项内数据到 settings.json start:169.15MB, end 169.27MB, increase: 128.50KB
2025-3-1 23:51:27-debug: // ---- build task 整理部分构建选项内数据到 settings.json ---- (2ms)
2025-3-1 23:51:31-debug: refresh db internal success
2025-3-1 23:51:31-debug: refresh db assets success
2025-3-1 23:51:31-debug: Run asset db hook engine-extends:afterRefresh ...
2025-3-1 23:51:31-debug: Run asset db hook engine-extends:afterRefresh success!
2025-3-1 23:51:31-debug: asset-db:refresh-all-database (35ms)
2025-3-1 23:51:39-debug: Query all assets info in project
2025-3-1 23:51:39-debug: init custom config: keepNodeUuid: false, useCache: true
2025-3-1 23:51:39-debug: 查询 Asset Bundle start, progress: 0%
2025-3-1 23:51:39-debug: // ---- build task 查询 Asset Bundle ----
2025-3-1 23:51:39-debug: Query preload assets/scripts from cc.config.json: 60f7195c-ec2a-45eb-ba94-8955f60e81d0,1c02ae6f-4492-4915-b8f8-7492a3b1e4cd,810e96e4-e456-4468-9b59-f4e8f39732c0,efe8e2a3-eace-427b-b4f1-cb8a937ec77d,e9aa9a3e-5b2b-4ac7-a2c7-073de2b2b24f,8bbdbcdd-5cd4-4100-b6d5-b7c9625b6107,50f4348b-c883-4e2f-8f11-ce233b859fa1,fda095cb-831d-4601-ad94-846013963de8,f92806d7-1768-443f-afe8-12bcde84d0f0,dd3a144d-ab7f-41f0-82b8-2e43a090d496,f0416e68-0200-4b77-a926-4f9d16e494da,970b0598-bcb0-4714-91fb-2e81440dccd8,bcd64cc6-2dd9-43f6-abbe-66318d332032,d930590d-bb92-4cc8-8bd1-23cd027f9edf,a3cd009f-0ab0-420d-9278-b9fdab939bbc,6a2d0734-bd9e-4ddf-946e-caa52498cb75,c27215d8-6835-4b68-bfbb-bdeac6100c04,b5d6115f-0370-4d7c-aad3-c194cc71cf98,871c3b6c-7379-419d-bda3-794b239ab90d,ff9b0199-ce04-4cfe-86cc-6c719f08d6e4,de1c2107-70c8-4021-8459-6399f24d01c6,cbf30902-517f-40dc-af90-a550bac27cf1
2025-3-1 23:51:39-debug:   Number of all scenes: 1
2025-3-1 23:51:39-debug:   Number of all scripts: 6
2025-3-1 23:51:39-debug:   Number of other assets: 498
2025-3-1 23:51:39-debug: // ---- build task 查询 Asset Bundle ---- (3ms)
2025-3-1 23:51:39-debug: // ---- build task 查询 Asset Bundle ----
2025-3-1 23:51:39-debug: [Build Memory track]: 查询 Asset Bundle start:170.71MB, end 170.52MB, increase: -187.71KB
2025-3-1 23:51:39-debug: 查询 Asset Bundle start, progress: 5%
2025-3-1 23:51:39-debug: run build task 查询 Asset Bundle success in 3 ms√, progress: 5%
2025-3-1 23:51:39-debug: // ---- build task 查询 Asset Bundle ---- (1ms)
2025-3-1 23:51:39-debug: // ---- build task 整理部分构建选项内数据到 settings.json ----
2025-3-1 23:51:39-debug: [Build Memory track]: 查询 Asset Bundle start:170.55MB, end 170.66MB, increase: 110.89KB
2025-3-1 23:51:39-debug: 整理部分构建选项内数据到 settings.json start, progress: 10%
2025-3-1 23:51:39-debug: run build task 查询 Asset Bundle success in 1 ms√, progress: 10%
2025-3-1 23:51:39-debug: run build task 整理部分构建选项内数据到 settings.json success in √, progress: 12%
2025-3-1 23:51:39-debug: [Build Memory track]: 整理部分构建选项内数据到 settings.json start:170.70MB, end 170.71MB, increase: 18.41KB
2025-3-1 23:51:39-debug: 填充脚本数据到 settings.json start, progress: 12%
2025-3-1 23:51:39-debug: // ---- build task 填充脚本数据到 settings.json ----
2025-3-1 23:51:39-debug: // ---- build task 填充脚本数据到 settings.json ---- (1ms)
2025-3-1 23:51:39-debug: run build task 填充脚本数据到 settings.json success in 1 ms√, progress: 13%
2025-3-1 23:51:39-debug: // ---- build task 整理部分构建选项内数据到 settings.json ----
2025-3-1 23:51:39-debug: 整理部分构建选项内数据到 settings.json start, progress: 13%
2025-3-1 23:51:39-debug: [Build Memory track]: 填充脚本数据到 settings.json start:170.74MB, end 170.77MB, increase: 28.12KB
2025-3-1 23:51:39-debug: // ---- build task 整理部分构建选项内数据到 settings.json ---- (2ms)
2025-3-1 23:51:39-debug: run build task 整理部分构建选项内数据到 settings.json success in 2 ms√, progress: 15%
2025-3-1 23:51:39-debug: [Build Memory track]: 整理部分构建选项内数据到 settings.json start:170.80MB, end 170.19MB, increase: -631.52KB
2025-3-1 23:51:42-debug: refresh db internal success
2025-3-1 23:51:42-debug: refresh db assets success
2025-3-1 23:51:42-debug: Run asset db hook engine-extends:afterRefresh ...
2025-3-1 23:51:42-debug: Run asset db hook engine-extends:afterRefresh success!
2025-3-1 23:51:42-debug: asset-db:refresh-all-database (36ms)
2025-3-1 23:51:42-debug: asset-db:worker-effect-data-processing (1ms)
2025-3-1 23:51:42-debug: asset-db-hook-engine-extends-afterRefresh (1ms)
2025-3-1 23:51:45-debug: %cImport%c: /Users/mac20211105/NewProject_2/assets/Animations/loading.animbackground: #aaff85; color: #000;color: #000;
2025-3-1 23:51:45-debug: asset-db:reimport-asset6c6e0646-9427-4136-b33f-72cb5e2a9b4c (4ms)
2025-3-1 23:51:47-debug: Query all assets info in project
2025-3-1 23:51:47-debug: init custom config: keepNodeUuid: false, useCache: true
2025-3-1 23:51:47-debug: 查询 Asset Bundle start, progress: 0%
2025-3-1 23:51:47-debug: // ---- build task 查询 Asset Bundle ----
2025-3-1 23:51:47-debug: Query preload assets/scripts from cc.config.json: 60f7195c-ec2a-45eb-ba94-8955f60e81d0,1c02ae6f-4492-4915-b8f8-7492a3b1e4cd,810e96e4-e456-4468-9b59-f4e8f39732c0,efe8e2a3-eace-427b-b4f1-cb8a937ec77d,e9aa9a3e-5b2b-4ac7-a2c7-073de2b2b24f,8bbdbcdd-5cd4-4100-b6d5-b7c9625b6107,50f4348b-c883-4e2f-8f11-ce233b859fa1,fda095cb-831d-4601-ad94-846013963de8,f92806d7-1768-443f-afe8-12bcde84d0f0,dd3a144d-ab7f-41f0-82b8-2e43a090d496,f0416e68-0200-4b77-a926-4f9d16e494da,970b0598-bcb0-4714-91fb-2e81440dccd8,bcd64cc6-2dd9-43f6-abbe-66318d332032,d930590d-bb92-4cc8-8bd1-23cd027f9edf,a3cd009f-0ab0-420d-9278-b9fdab939bbc,6a2d0734-bd9e-4ddf-946e-caa52498cb75,c27215d8-6835-4b68-bfbb-bdeac6100c04,b5d6115f-0370-4d7c-aad3-c194cc71cf98,871c3b6c-7379-419d-bda3-794b239ab90d,ff9b0199-ce04-4cfe-86cc-6c719f08d6e4,de1c2107-70c8-4021-8459-6399f24d01c6,cbf30902-517f-40dc-af90-a550bac27cf1
2025-3-1 23:51:47-debug:   Number of all scenes: 1
2025-3-1 23:51:47-debug:   Number of all scripts: 6
2025-3-1 23:51:47-debug:   Number of other assets: 498
2025-3-1 23:51:47-debug: // ---- build task 查询 Asset Bundle ---- (2ms)
2025-3-1 23:51:47-debug: run build task 查询 Asset Bundle success in 2 ms√, progress: 5%
2025-3-1 23:51:47-debug: 查询 Asset Bundle start, progress: 5%
2025-3-1 23:51:47-debug: [Build Memory track]: 查询 Asset Bundle start:171.88MB, end 171.66MB, increase: -222.48KB
2025-3-1 23:51:47-debug: // ---- build task 查询 Asset Bundle ----
2025-3-1 23:51:47-debug: // ---- build task 查询 Asset Bundle ---- (2ms)
2025-3-1 23:51:47-debug: [Build Memory track]: 查询 Asset Bundle start:171.70MB, end 171.80MB, increase: 111.22KB
2025-3-1 23:51:47-debug: 整理部分构建选项内数据到 settings.json start, progress: 10%
2025-3-1 23:51:47-debug: // ---- build task 整理部分构建选项内数据到 settings.json ----
2025-3-1 23:51:47-debug: run build task 查询 Asset Bundle success in 2 ms√, progress: 10%
2025-3-1 23:51:47-debug: run build task 整理部分构建选项内数据到 settings.json success in √, progress: 12%
2025-3-1 23:51:47-debug: 填充脚本数据到 settings.json start, progress: 12%
2025-3-1 23:51:47-debug: [Build Memory track]: 整理部分构建选项内数据到 settings.json start:171.84MB, end 171.85MB, increase: 17.98KB
2025-3-1 23:51:47-debug: // ---- build task 填充脚本数据到 settings.json ----
2025-3-1 23:51:47-debug: // ---- build task 填充脚本数据到 settings.json ---- (1ms)
2025-3-1 23:51:47-debug: 整理部分构建选项内数据到 settings.json start, progress: 13%
2025-3-1 23:51:47-debug: [Build Memory track]: 填充脚本数据到 settings.json start:171.89MB, end 171.91MB, increase: 27.90KB
2025-3-1 23:51:47-debug: // ---- build task 整理部分构建选项内数据到 settings.json ----
2025-3-1 23:51:47-debug: run build task 填充脚本数据到 settings.json success in 1 ms√, progress: 13%
2025-3-1 23:51:47-debug: // ---- build task 整理部分构建选项内数据到 settings.json ---- (2ms)
2025-3-1 23:51:47-debug: run build task 整理部分构建选项内数据到 settings.json success in 2 ms√, progress: 15%
2025-3-1 23:51:47-debug: [Build Memory track]: 整理部分构建选项内数据到 settings.json start:171.94MB, end 172.08MB, increase: 135.51KB
2025-3-1 23:51:51-debug: refresh db internal success
2025-3-1 23:51:51-debug: refresh db assets success
2025-3-1 23:51:51-debug: Run asset db hook engine-extends:afterRefresh ...
2025-3-1 23:51:51-debug: Run asset db hook engine-extends:afterRefresh success!
2025-3-1 23:51:51-debug: asset-db:refresh-all-database (34ms)
2025-3-1 23:51:51-debug: asset-db:worker-effect-data-processing (1ms)
2025-3-1 23:51:51-debug: asset-db-hook-engine-extends-afterRefresh (1ms)
2025-3-1 23:51:54-debug: %cImport%c: /Users/mac20211105/NewProject_2/assets/Animations/loading.animbackground: #aaff85; color: #000;color: #000;
2025-3-1 23:51:54-debug: asset-db:reimport-asset6c6e0646-9427-4136-b33f-72cb5e2a9b4c (6ms)
2025-3-1 23:51:56-debug: Query all assets info in project
2025-3-1 23:51:56-debug: init custom config: keepNodeUuid: false, useCache: true
2025-3-1 23:51:56-debug: 查询 Asset Bundle start, progress: 0%
2025-3-1 23:51:56-debug: // ---- build task 查询 Asset Bundle ----
2025-3-1 23:51:56-debug: Query preload assets/scripts from cc.config.json: 60f7195c-ec2a-45eb-ba94-8955f60e81d0,1c02ae6f-4492-4915-b8f8-7492a3b1e4cd,810e96e4-e456-4468-9b59-f4e8f39732c0,efe8e2a3-eace-427b-b4f1-cb8a937ec77d,e9aa9a3e-5b2b-4ac7-a2c7-073de2b2b24f,8bbdbcdd-5cd4-4100-b6d5-b7c9625b6107,50f4348b-c883-4e2f-8f11-ce233b859fa1,fda095cb-831d-4601-ad94-846013963de8,f92806d7-1768-443f-afe8-12bcde84d0f0,dd3a144d-ab7f-41f0-82b8-2e43a090d496,f0416e68-0200-4b77-a926-4f9d16e494da,970b0598-bcb0-4714-91fb-2e81440dccd8,bcd64cc6-2dd9-43f6-abbe-66318d332032,d930590d-bb92-4cc8-8bd1-23cd027f9edf,a3cd009f-0ab0-420d-9278-b9fdab939bbc,6a2d0734-bd9e-4ddf-946e-caa52498cb75,c27215d8-6835-4b68-bfbb-bdeac6100c04,b5d6115f-0370-4d7c-aad3-c194cc71cf98,871c3b6c-7379-419d-bda3-794b239ab90d,ff9b0199-ce04-4cfe-86cc-6c719f08d6e4,de1c2107-70c8-4021-8459-6399f24d01c6,cbf30902-517f-40dc-af90-a550bac27cf1
2025-3-1 23:51:56-debug: // ---- build task 查询 Asset Bundle ---- (10ms)
2025-3-1 23:51:56-debug: run build task 查询 Asset Bundle success in 10 ms√, progress: 5%
2025-3-1 23:51:56-debug: 查询 Asset Bundle start, progress: 5%
2025-3-1 23:51:56-debug: // ---- build task 查询 Asset Bundle ----
2025-3-1 23:51:56-debug: [Build Memory track]: 查询 Asset Bundle start:173.01MB, end 172.78MB, increase: -230.38KB
2025-3-1 23:51:56-debug:   Number of all scenes: 1
2025-3-1 23:51:56-debug:   Number of all scripts: 6
2025-3-1 23:51:56-debug:   Number of other assets: 498
2025-3-1 23:51:56-debug: // ---- build task 查询 Asset Bundle ---- (6ms)
2025-3-1 23:51:56-debug: [Build Memory track]: 查询 Asset Bundle start:172.81MB, end 172.93MB, increase: 116.93KB
2025-3-1 23:51:56-debug: 整理部分构建选项内数据到 settings.json start, progress: 10%
2025-3-1 23:51:56-debug: // ---- build task 整理部分构建选项内数据到 settings.json ----
2025-3-1 23:51:56-debug: run build task 查询 Asset Bundle success in 6 ms√, progress: 10%
2025-3-1 23:51:56-debug: run build task 整理部分构建选项内数据到 settings.json success in 1 ms√, progress: 12%
2025-3-1 23:51:56-debug: 填充脚本数据到 settings.json start, progress: 12%
2025-3-1 23:51:56-debug: // ---- build task 填充脚本数据到 settings.json ----
2025-3-1 23:51:56-debug: [Build Memory track]: 整理部分构建选项内数据到 settings.json start:172.96MB, end 172.99MB, increase: 37.72KB
2025-3-1 23:51:56-debug: // ---- build task 填充脚本数据到 settings.json ---- (2ms)
2025-3-1 23:51:56-debug: run build task 填充脚本数据到 settings.json success in 2 ms√, progress: 13%
2025-3-1 23:51:56-debug: [Build Memory track]: 填充脚本数据到 settings.json start:173.03MB, end 173.05MB, increase: 26.09KB
2025-3-1 23:51:56-debug: 整理部分构建选项内数据到 settings.json start, progress: 13%
2025-3-1 23:51:56-debug: // ---- build task 整理部分构建选项内数据到 settings.json ----
2025-3-1 23:51:56-debug: // ---- build task 整理部分构建选项内数据到 settings.json ---- (1ms)
2025-3-1 23:51:56-debug: // ---- build task 整理部分构建选项内数据到 settings.json ---- (2ms)
2025-3-1 23:51:56-debug: run build task 整理部分构建选项内数据到 settings.json success in 2 ms√, progress: 15%
2025-3-1 23:51:56-debug: [Build Memory track]: 整理部分构建选项内数据到 settings.json start:173.08MB, end 173.22MB, increase: 140.04KB
2025-3-1 23:52:03-debug: refresh db internal success
2025-3-1 23:52:03-debug: refresh db assets success
2025-3-1 23:52:03-debug: Run asset db hook engine-extends:afterRefresh ...
2025-3-1 23:52:03-debug: Run asset db hook engine-extends:afterRefresh success!
2025-3-1 23:52:03-debug: asset-db:refresh-all-database (30ms)
2025-3-1 23:52:03-debug: asset-db-hook-engine-extends-afterRefresh (1ms)
2025-3-1 23:52:06-debug: %cImport%c: /Users/mac20211105/NewProject_2/assets/Animations/loading.animbackground: #aaff85; color: #000;color: #000;
2025-3-1 23:52:06-debug: asset-db:reimport-asset6c6e0646-9427-4136-b33f-72cb5e2a9b4c (6ms)
2025-3-1 23:52:08-debug: Query all assets info in project
2025-3-1 23:52:08-debug: init custom config: keepNodeUuid: false, useCache: true
2025-3-1 23:52:08-debug: 查询 Asset Bundle start, progress: 0%
2025-3-1 23:52:08-debug: // ---- build task 查询 Asset Bundle ----
2025-3-1 23:52:08-debug: Query preload assets/scripts from cc.config.json: 60f7195c-ec2a-45eb-ba94-8955f60e81d0,1c02ae6f-4492-4915-b8f8-7492a3b1e4cd,810e96e4-e456-4468-9b59-f4e8f39732c0,efe8e2a3-eace-427b-b4f1-cb8a937ec77d,e9aa9a3e-5b2b-4ac7-a2c7-073de2b2b24f,8bbdbcdd-5cd4-4100-b6d5-b7c9625b6107,50f4348b-c883-4e2f-8f11-ce233b859fa1,fda095cb-831d-4601-ad94-846013963de8,f92806d7-1768-443f-afe8-12bcde84d0f0,dd3a144d-ab7f-41f0-82b8-2e43a090d496,f0416e68-0200-4b77-a926-4f9d16e494da,970b0598-bcb0-4714-91fb-2e81440dccd8,bcd64cc6-2dd9-43f6-abbe-66318d332032,d930590d-bb92-4cc8-8bd1-23cd027f9edf,a3cd009f-0ab0-420d-9278-b9fdab939bbc,6a2d0734-bd9e-4ddf-946e-caa52498cb75,c27215d8-6835-4b68-bfbb-bdeac6100c04,b5d6115f-0370-4d7c-aad3-c194cc71cf98,871c3b6c-7379-419d-bda3-794b239ab90d,ff9b0199-ce04-4cfe-86cc-6c719f08d6e4,de1c2107-70c8-4021-8459-6399f24d01c6,cbf30902-517f-40dc-af90-a550bac27cf1
2025-3-1 23:52:08-debug:   Number of all scripts: 6
2025-3-1 23:52:08-debug:   Number of all scenes: 1
2025-3-1 23:52:08-debug: // ---- build task 查询 Asset Bundle ---- (8ms)
2025-3-1 23:52:08-debug: run build task 查询 Asset Bundle success in 8 ms√, progress: 5%
2025-3-1 23:52:08-debug: [Build Memory track]: 查询 Asset Bundle start:173.62MB, end 173.30MB, increase: -326.57KB
2025-3-1 23:52:08-debug: 查询 Asset Bundle start, progress: 5%
2025-3-1 23:52:08-debug: // ---- build task 查询 Asset Bundle ----
2025-3-1 23:52:08-debug:   Number of other assets: 498
2025-3-1 23:52:08-debug: // ---- build task 查询 Asset Bundle ---- (4ms)
2025-3-1 23:52:08-debug: [Build Memory track]: 查询 Asset Bundle start:173.33MB, end 173.44MB, increase: 112.19KB
2025-3-1 23:52:08-debug: run build task 查询 Asset Bundle success in 4 ms√, progress: 10%
2025-3-1 23:52:08-debug: // ---- build task 整理部分构建选项内数据到 settings.json ----
2025-3-1 23:52:08-debug: 整理部分构建选项内数据到 settings.json start, progress: 10%
2025-3-1 23:52:08-debug: [Build Memory track]: 整理部分构建选项内数据到 settings.json start:173.47MB, end 173.49MB, increase: 16.08KB
2025-3-1 23:52:08-debug: run build task 整理部分构建选项内数据到 settings.json success in √, progress: 12%
2025-3-1 23:52:08-debug: // ---- build task 填充脚本数据到 settings.json ----
2025-3-1 23:52:08-debug: 填充脚本数据到 settings.json start, progress: 12%
2025-3-1 23:52:08-debug: run build task 填充脚本数据到 settings.json success in 1 ms√, progress: 13%
2025-3-1 23:52:08-debug: [Build Memory track]: 填充脚本数据到 settings.json start:173.52MB, end 173.55MB, increase: 38.61KB
2025-3-1 23:52:08-debug: 整理部分构建选项内数据到 settings.json start, progress: 13%
2025-3-1 23:52:08-debug: // ---- build task 整理部分构建选项内数据到 settings.json ----
2025-3-1 23:52:08-debug: // ---- build task 填充脚本数据到 settings.json ---- (1ms)
2025-3-1 23:52:08-debug: // ---- build task 整理部分构建选项内数据到 settings.json ---- (4ms)
2025-3-1 23:52:08-debug: run build task 整理部分构建选项内数据到 settings.json success in 4 ms√, progress: 15%
2025-3-1 23:52:08-debug: [Build Memory track]: 整理部分构建选项内数据到 settings.json start:173.59MB, end 173.71MB, increase: 127.82KB
2025-3-1 23:53:37-debug: refresh db internal success
2025-3-1 23:53:37-debug: refresh db assets success
2025-3-1 23:53:37-debug: Run asset db hook engine-extends:afterRefresh ...
2025-3-1 23:53:37-debug: Run asset db hook engine-extends:afterRefresh success!
2025-3-1 23:53:37-debug: asset-db:refresh-all-database (61ms)
2025-3-1 23:53:37-debug: asset-db:worker-effect-data-processing (1ms)
2025-3-1 23:53:37-debug: asset-db-hook-engine-extends-afterRefresh (2ms)
2025-3-1 23:53:42-debug: refresh db internal success
2025-3-1 23:53:42-debug: refresh db assets success
2025-3-1 23:53:42-debug: Run asset db hook engine-extends:afterRefresh ...
2025-3-1 23:53:42-debug: Run asset db hook engine-extends:afterRefresh success!
2025-3-1 23:53:42-debug: asset-db:refresh-all-database (26ms)
2025-3-1 23:53:42-debug: asset-db:worker-effect-data-processing (1ms)
2025-3-1 23:53:42-debug: asset-db-hook-engine-extends-afterRefresh (1ms)
2025-3-1 23:53:53-debug: %cImport%c: /Users/mac20211105/NewProject_2/assets/Animations/loading.animbackground: #aaff85; color: #000;color: #000;
2025-3-1 23:53:53-debug: asset-db:reimport-asset6c6e0646-9427-4136-b33f-72cb5e2a9b4c (5ms)
2025-3-1 23:54:46-debug: start refresh asset from /Users/mac20211105/NewProject_2/assets/scene.scene...
2025-3-1 23:54:46-debug: %cImport%c: /Users/mac20211105/NewProject_2/assets/scene.scenebackground: #aaff85; color: #000;color: #000;
2025-3-1 23:54:46-debug: refresh asset /Users/mac20211105/NewProject_2/assets success
2025-3-1 23:54:47-debug: Query all assets info in project
2025-3-1 23:54:47-debug: init custom config: keepNodeUuid: false, useCache: true
2025-3-1 23:54:47-debug: 查询 Asset Bundle start, progress: 0%
2025-3-1 23:54:47-debug: // ---- build task 查询 Asset Bundle ----
2025-3-1 23:54:47-debug: Query preload assets/scripts from cc.config.json: 60f7195c-ec2a-45eb-ba94-8955f60e81d0,1c02ae6f-4492-4915-b8f8-7492a3b1e4cd,810e96e4-e456-4468-9b59-f4e8f39732c0,efe8e2a3-eace-427b-b4f1-cb8a937ec77d,e9aa9a3e-5b2b-4ac7-a2c7-073de2b2b24f,8bbdbcdd-5cd4-4100-b6d5-b7c9625b6107,50f4348b-c883-4e2f-8f11-ce233b859fa1,fda095cb-831d-4601-ad94-846013963de8,f92806d7-1768-443f-afe8-12bcde84d0f0,dd3a144d-ab7f-41f0-82b8-2e43a090d496,f0416e68-0200-4b77-a926-4f9d16e494da,970b0598-bcb0-4714-91fb-2e81440dccd8,bcd64cc6-2dd9-43f6-abbe-66318d332032,d930590d-bb92-4cc8-8bd1-23cd027f9edf,a3cd009f-0ab0-420d-9278-b9fdab939bbc,6a2d0734-bd9e-4ddf-946e-caa52498cb75,c27215d8-6835-4b68-bfbb-bdeac6100c04,b5d6115f-0370-4d7c-aad3-c194cc71cf98,871c3b6c-7379-419d-bda3-794b239ab90d,ff9b0199-ce04-4cfe-86cc-6c719f08d6e4,de1c2107-70c8-4021-8459-6399f24d01c6,cbf30902-517f-40dc-af90-a550bac27cf1
2025-3-1 23:54:47-debug:   Number of other assets: 498
2025-3-1 23:54:47-debug:   Number of all scripts: 6
2025-3-1 23:54:47-debug:   Number of all scenes: 2
2025-3-1 23:54:47-debug: // ---- build task 查询 Asset Bundle ---- (4ms)
2025-3-1 23:54:47-debug: run build task 查询 Asset Bundle success in 4 ms√, progress: 5%
2025-3-1 23:54:47-debug: [Build Memory track]: 查询 Asset Bundle start:174.07MB, end 174.69MB, increase: 642.28KB
2025-3-1 23:54:47-debug: 查询 Asset Bundle start, progress: 5%
2025-3-1 23:54:47-debug: // ---- build task 查询 Asset Bundle ----
2025-3-1 23:54:47-debug: // ---- build task 查询 Asset Bundle ---- (2ms)
2025-3-1 23:54:47-debug: // ---- build task 整理部分构建选项内数据到 settings.json ----
2025-3-1 23:54:47-debug: [Build Memory track]: 查询 Asset Bundle start:174.73MB, end 174.15MB, increase: -594.87KB
2025-3-1 23:54:47-debug: 整理部分构建选项内数据到 settings.json start, progress: 10%
2025-3-1 23:54:47-debug: run build task 查询 Asset Bundle success in 2 ms√, progress: 10%
2025-3-1 23:54:47-debug: // ---- build task 整理部分构建选项内数据到 settings.json ---- (1ms)
2025-3-1 23:54:47-debug: run build task 整理部分构建选项内数据到 settings.json success in 1 ms√, progress: 12%
2025-3-1 23:54:47-debug: [Build Memory track]: 整理部分构建选项内数据到 settings.json start:174.18MB, end 174.21MB, increase: 29.94KB
2025-3-1 23:54:47-debug: 填充脚本数据到 settings.json start, progress: 12%
2025-3-1 23:54:47-debug: // ---- build task 填充脚本数据到 settings.json ----
2025-3-1 23:54:47-debug: // ---- build task 填充脚本数据到 settings.json ---- (1ms)
2025-3-1 23:54:47-debug: run build task 填充脚本数据到 settings.json success in 1 ms√, progress: 13%
2025-3-1 23:54:47-debug: [Build Memory track]: 填充脚本数据到 settings.json start:174.67MB, end 174.28MB, increase: -401.80KB
2025-3-1 23:54:47-debug: 整理部分构建选项内数据到 settings.json start, progress: 13%
2025-3-1 23:54:47-debug: // ---- build task 整理部分构建选项内数据到 settings.json ----
2025-3-1 23:54:47-debug: // ---- build task 整理部分构建选项内数据到 settings.json ---- (2ms)
2025-3-1 23:54:47-debug: run build task 整理部分构建选项内数据到 settings.json success in 2 ms√, progress: 15%
2025-3-1 23:54:47-debug: [Build Memory track]: 整理部分构建选项内数据到 settings.json start:174.31MB, end 174.44MB, increase: 133.54KB
2025-3-1 23:54:47-debug: Query all assets info in project
2025-3-1 23:54:47-debug: init custom config: keepNodeUuid: false, useCache: true
2025-3-1 23:54:47-debug: 查询 Asset Bundle start, progress: 0%
2025-3-1 23:54:47-debug: // ---- build task 查询 Asset Bundle ----
2025-3-1 23:54:47-debug: Query preload assets/scripts from cc.config.json: 60f7195c-ec2a-45eb-ba94-8955f60e81d0,1c02ae6f-4492-4915-b8f8-7492a3b1e4cd,810e96e4-e456-4468-9b59-f4e8f39732c0,efe8e2a3-eace-427b-b4f1-cb8a937ec77d,e9aa9a3e-5b2b-4ac7-a2c7-073de2b2b24f,8bbdbcdd-5cd4-4100-b6d5-b7c9625b6107,50f4348b-c883-4e2f-8f11-ce233b859fa1,fda095cb-831d-4601-ad94-846013963de8,f92806d7-1768-443f-afe8-12bcde84d0f0,dd3a144d-ab7f-41f0-82b8-2e43a090d496,f0416e68-0200-4b77-a926-4f9d16e494da,970b0598-bcb0-4714-91fb-2e81440dccd8,bcd64cc6-2dd9-43f6-abbe-66318d332032,d930590d-bb92-4cc8-8bd1-23cd027f9edf,a3cd009f-0ab0-420d-9278-b9fdab939bbc,6a2d0734-bd9e-4ddf-946e-caa52498cb75,c27215d8-6835-4b68-bfbb-bdeac6100c04,b5d6115f-0370-4d7c-aad3-c194cc71cf98,871c3b6c-7379-419d-bda3-794b239ab90d,ff9b0199-ce04-4cfe-86cc-6c719f08d6e4,de1c2107-70c8-4021-8459-6399f24d01c6,cbf30902-517f-40dc-af90-a550bac27cf1
2025-3-1 23:54:47-debug:   Number of all scenes: 2
2025-3-1 23:54:47-debug:   Number of all scripts: 6
2025-3-1 23:54:47-debug:   Number of other assets: 498
2025-3-1 23:54:47-debug: // ---- build task 查询 Asset Bundle ---- (2ms)
2025-3-1 23:54:47-debug: 查询 Asset Bundle start, progress: 5%
2025-3-1 23:54:47-debug: // ---- build task 查询 Asset Bundle ----
2025-3-1 23:54:47-debug: run build task 查询 Asset Bundle success in 2 ms√, progress: 5%
2025-3-1 23:54:47-debug: [Build Memory track]: 查询 Asset Bundle start:174.76MB, end 174.51MB, increase: -260.67KB
2025-3-1 23:54:47-debug: run build task 查询 Asset Bundle success in √, progress: 10%
2025-3-1 23:54:47-debug: [Build Memory track]: 查询 Asset Bundle start:174.53MB, end 174.63MB, increase: 97.19KB
2025-3-1 23:54:47-debug: 整理部分构建选项内数据到 settings.json start, progress: 10%
2025-3-1 23:54:47-debug: // ---- build task 整理部分构建选项内数据到 settings.json ----
2025-3-1 23:54:47-debug: run build task 整理部分构建选项内数据到 settings.json success in √, progress: 12%
2025-3-1 23:54:47-debug: [Build Memory track]: 整理部分构建选项内数据到 settings.json start:174.65MB, end 174.67MB, increase: 15.38KB
2025-3-1 23:54:47-debug: 填充脚本数据到 settings.json start, progress: 12%
2025-3-1 23:54:47-debug: // ---- build task 填充脚本数据到 settings.json ----
2025-3-1 23:54:47-debug: run build task 填充脚本数据到 settings.json success in √, progress: 13%
2025-3-1 23:54:47-debug: [Build Memory track]: 填充脚本数据到 settings.json start:174.69MB, end 174.70MB, increase: 14.66KB
2025-3-1 23:54:47-debug: // ---- build task 整理部分构建选项内数据到 settings.json ----
2025-3-1 23:54:47-debug: 整理部分构建选项内数据到 settings.json start, progress: 13%
2025-3-1 23:54:47-debug: run build task 整理部分构建选项内数据到 settings.json success in 1 ms√, progress: 15%
2025-3-1 23:54:47-debug: // ---- build task 整理部分构建选项内数据到 settings.json ---- (1ms)
2025-3-1 23:54:47-debug: [Build Memory track]: 整理部分构建选项内数据到 settings.json start:174.73MB, end 174.86MB, increase: 137.88KB
2025-3-1 23:54:49-debug: %cImport%c: /Users/mac20211105/NewProject_2/assets/scene.scenebackground: #aaff85; color: #000;color: #000;
2025-3-1 23:54:49-debug: asset-db:reimport-assetdd81a3cb-8e86-4fc4-ae5e-7c838407a2e0 (3ms)
2025-3-1 23:54:50-debug: Query all assets info in project
2025-3-1 23:54:50-debug: init custom config: keepNodeUuid: false, useCache: true
2025-3-1 23:54:50-debug: // ---- build task 查询 Asset Bundle ----
2025-3-1 23:54:50-debug: 查询 Asset Bundle start, progress: 0%
2025-3-1 23:54:50-debug: Query preload assets/scripts from cc.config.json: 60f7195c-ec2a-45eb-ba94-8955f60e81d0,1c02ae6f-4492-4915-b8f8-7492a3b1e4cd,810e96e4-e456-4468-9b59-f4e8f39732c0,efe8e2a3-eace-427b-b4f1-cb8a937ec77d,e9aa9a3e-5b2b-4ac7-a2c7-073de2b2b24f,8bbdbcdd-5cd4-4100-b6d5-b7c9625b6107,50f4348b-c883-4e2f-8f11-ce233b859fa1,fda095cb-831d-4601-ad94-846013963de8,f92806d7-1768-443f-afe8-12bcde84d0f0,dd3a144d-ab7f-41f0-82b8-2e43a090d496,f0416e68-0200-4b77-a926-4f9d16e494da,970b0598-bcb0-4714-91fb-2e81440dccd8,bcd64cc6-2dd9-43f6-abbe-66318d332032,d930590d-bb92-4cc8-8bd1-23cd027f9edf,a3cd009f-0ab0-420d-9278-b9fdab939bbc,6a2d0734-bd9e-4ddf-946e-caa52498cb75,c27215d8-6835-4b68-bfbb-bdeac6100c04,b5d6115f-0370-4d7c-aad3-c194cc71cf98,871c3b6c-7379-419d-bda3-794b239ab90d,ff9b0199-ce04-4cfe-86cc-6c719f08d6e4,de1c2107-70c8-4021-8459-6399f24d01c6,cbf30902-517f-40dc-af90-a550bac27cf1
2025-3-1 23:54:50-debug:   Number of all scenes: 2
2025-3-1 23:54:50-debug:   Number of other assets: 498
2025-3-1 23:54:50-debug:   Number of all scripts: 6
2025-3-1 23:54:50-debug: run build task 查询 Asset Bundle success in 5 ms√, progress: 5%
2025-3-1 23:54:50-debug: 查询 Asset Bundle start, progress: 5%
2025-3-1 23:54:50-debug: // ---- build task 查询 Asset Bundle ---- (5ms)
2025-3-1 23:54:50-debug: [Build Memory track]: 查询 Asset Bundle start:174.91MB, end 174.60MB, increase: -313.81KB
2025-3-1 23:54:50-debug: // ---- build task 查询 Asset Bundle ----
2025-3-1 23:54:50-debug: // ---- build task 查询 Asset Bundle ---- (2ms)
2025-3-1 23:54:50-debug: run build task 查询 Asset Bundle success in 2 ms√, progress: 10%
2025-3-1 23:54:50-debug: [Build Memory track]: 查询 Asset Bundle start:174.63MB, end 174.74MB, increase: 113.62KB
2025-3-1 23:54:50-debug: 整理部分构建选项内数据到 settings.json start, progress: 10%
2025-3-1 23:54:50-debug: // ---- build task 整理部分构建选项内数据到 settings.json ----
2025-3-1 23:54:50-debug: run build task 整理部分构建选项内数据到 settings.json success in √, progress: 12%
2025-3-1 23:54:50-debug: [Build Memory track]: 整理部分构建选项内数据到 settings.json start:174.76MB, end 174.78MB, increase: 14.72KB
2025-3-1 23:54:50-debug: 填充脚本数据到 settings.json start, progress: 12%
2025-3-1 23:54:50-debug: // ---- build task 填充脚本数据到 settings.json ----
2025-3-1 23:54:50-debug: // ---- build task 填充脚本数据到 settings.json ---- (1ms)
2025-3-1 23:54:50-debug: run build task 填充脚本数据到 settings.json success in 1 ms√, progress: 13%
2025-3-1 23:54:50-debug: [Build Memory track]: 填充脚本数据到 settings.json start:174.80MB, end 174.83MB, increase: 24.34KB
2025-3-1 23:54:50-debug: 整理部分构建选项内数据到 settings.json start, progress: 13%
2025-3-1 23:54:50-debug: // ---- build task 整理部分构建选项内数据到 settings.json ----
2025-3-1 23:54:50-debug: // ---- build task 整理部分构建选项内数据到 settings.json ---- (2ms)
2025-3-1 23:54:50-debug: run build task 整理部分构建选项内数据到 settings.json success in 2 ms√, progress: 15%
2025-3-1 23:54:50-debug: [Build Memory track]: 整理部分构建选项内数据到 settings.json start:174.85MB, end 174.99MB, increase: 137.59KB
2025-3-1 23:54:50-debug: Query all assets info in project
2025-3-1 23:54:50-debug: init custom config: keepNodeUuid: false, useCache: true
2025-3-1 23:54:50-debug: 查询 Asset Bundle start, progress: 0%
2025-3-1 23:54:50-debug: // ---- build task 查询 Asset Bundle ----
2025-3-1 23:54:50-debug: Query preload assets/scripts from cc.config.json: 60f7195c-ec2a-45eb-ba94-8955f60e81d0,1c02ae6f-4492-4915-b8f8-7492a3b1e4cd,810e96e4-e456-4468-9b59-f4e8f39732c0,efe8e2a3-eace-427b-b4f1-cb8a937ec77d,e9aa9a3e-5b2b-4ac7-a2c7-073de2b2b24f,8bbdbcdd-5cd4-4100-b6d5-b7c9625b6107,50f4348b-c883-4e2f-8f11-ce233b859fa1,fda095cb-831d-4601-ad94-846013963de8,f92806d7-1768-443f-afe8-12bcde84d0f0,dd3a144d-ab7f-41f0-82b8-2e43a090d496,f0416e68-0200-4b77-a926-4f9d16e494da,970b0598-bcb0-4714-91fb-2e81440dccd8,bcd64cc6-2dd9-43f6-abbe-66318d332032,d930590d-bb92-4cc8-8bd1-23cd027f9edf,a3cd009f-0ab0-420d-9278-b9fdab939bbc,6a2d0734-bd9e-4ddf-946e-caa52498cb75,c27215d8-6835-4b68-bfbb-bdeac6100c04,b5d6115f-0370-4d7c-aad3-c194cc71cf98,871c3b6c-7379-419d-bda3-794b239ab90d,ff9b0199-ce04-4cfe-86cc-6c719f08d6e4,de1c2107-70c8-4021-8459-6399f24d01c6,cbf30902-517f-40dc-af90-a550bac27cf1
2025-3-1 23:54:50-debug:   Number of all scenes: 2
2025-3-1 23:54:50-debug:   Number of all scripts: 6
2025-3-1 23:54:50-debug:   Number of other assets: 498
2025-3-1 23:54:50-debug: // ---- build task 查询 Asset Bundle ---- (2ms)
2025-3-1 23:54:50-debug: // ---- build task 查询 Asset Bundle ----
2025-3-1 23:54:50-debug: run build task 查询 Asset Bundle success in 2 ms√, progress: 5%
2025-3-1 23:54:50-debug: 查询 Asset Bundle start, progress: 5%
2025-3-1 23:54:50-debug: [Build Memory track]: 查询 Asset Bundle start:174.59MB, end 174.46MB, increase: -127.71KB
2025-3-1 23:54:50-debug: // ---- build task 查询 Asset Bundle ---- (1ms)
2025-3-1 23:54:50-debug: // ---- build task 整理部分构建选项内数据到 settings.json ----
2025-3-1 23:54:50-debug: [Build Memory track]: 查询 Asset Bundle start:174.49MB, end 174.59MB, increase: 105.77KB
2025-3-1 23:54:50-debug: 整理部分构建选项内数据到 settings.json start, progress: 10%
2025-3-1 23:54:50-debug: run build task 查询 Asset Bundle success in 1 ms√, progress: 10%
2025-3-1 23:54:50-debug: // ---- build task 整理部分构建选项内数据到 settings.json ---- (1ms)
2025-3-1 23:54:50-debug: run build task 整理部分构建选项内数据到 settings.json success in 1 ms√, progress: 12%
2025-3-1 23:54:50-debug: [Build Memory track]: 整理部分构建选项内数据到 settings.json start:174.62MB, end 174.64MB, increase: 24.20KB
2025-3-1 23:54:50-debug: 填充脚本数据到 settings.json start, progress: 12%
2025-3-1 23:54:50-debug: // ---- build task 填充脚本数据到 settings.json ----
2025-3-1 23:54:50-debug: run build task 填充脚本数据到 settings.json success in √, progress: 13%
2025-3-1 23:54:50-debug: [Build Memory track]: 填充脚本数据到 settings.json start:174.66MB, end 174.68MB, increase: 18.14KB
2025-3-1 23:54:50-debug: // ---- build task 整理部分构建选项内数据到 settings.json ----
2025-3-1 23:54:50-debug: 整理部分构建选项内数据到 settings.json start, progress: 13%
2025-3-1 23:54:50-debug: // ---- build task 整理部分构建选项内数据到 settings.json ---- (2ms)
2025-3-1 23:54:50-debug: [Build Memory track]: 整理部分构建选项内数据到 settings.json start:174.71MB, end 174.83MB, increase: 123.61KB
2025-3-1 23:54:50-debug: run build task 整理部分构建选项内数据到 settings.json success in 2 ms√, progress: 15%
2025-3-1 23:54:53-debug: Query all assets info in project
2025-3-1 23:54:53-debug: init custom config: keepNodeUuid: false, useCache: true
2025-3-1 23:54:53-debug: 查询 Asset Bundle start, progress: 0%
2025-3-1 23:54:53-debug: // ---- build task 查询 Asset Bundle ----
2025-3-1 23:54:53-debug: Query preload assets/scripts from cc.config.json: 60f7195c-ec2a-45eb-ba94-8955f60e81d0,1c02ae6f-4492-4915-b8f8-7492a3b1e4cd,810e96e4-e456-4468-9b59-f4e8f39732c0,efe8e2a3-eace-427b-b4f1-cb8a937ec77d,e9aa9a3e-5b2b-4ac7-a2c7-073de2b2b24f,8bbdbcdd-5cd4-4100-b6d5-b7c9625b6107,50f4348b-c883-4e2f-8f11-ce233b859fa1,fda095cb-831d-4601-ad94-846013963de8,f92806d7-1768-443f-afe8-12bcde84d0f0,dd3a144d-ab7f-41f0-82b8-2e43a090d496,f0416e68-0200-4b77-a926-4f9d16e494da,970b0598-bcb0-4714-91fb-2e81440dccd8,bcd64cc6-2dd9-43f6-abbe-66318d332032,d930590d-bb92-4cc8-8bd1-23cd027f9edf,a3cd009f-0ab0-420d-9278-b9fdab939bbc,6a2d0734-bd9e-4ddf-946e-caa52498cb75,c27215d8-6835-4b68-bfbb-bdeac6100c04,b5d6115f-0370-4d7c-aad3-c194cc71cf98,871c3b6c-7379-419d-bda3-794b239ab90d,ff9b0199-ce04-4cfe-86cc-6c719f08d6e4,de1c2107-70c8-4021-8459-6399f24d01c6,cbf30902-517f-40dc-af90-a550bac27cf1
2025-3-1 23:54:53-debug:   Number of all scenes: 2
2025-3-1 23:54:53-debug:   Number of all scripts: 6
2025-3-1 23:54:53-debug:   Number of other assets: 498
2025-3-1 23:54:53-debug: // ---- build task 查询 Asset Bundle ---- (10ms)
2025-3-1 23:54:53-debug: run build task 查询 Asset Bundle success in 10 ms√, progress: 5%
2025-3-1 23:54:53-debug: [Build Memory track]: 查询 Asset Bundle start:175.15MB, end 174.89MB, increase: -274.12KB
2025-3-1 23:54:53-debug: 查询 Asset Bundle start, progress: 5%
2025-3-1 23:54:53-debug: // ---- build task 查询 Asset Bundle ----
2025-3-1 23:54:53-debug: // ---- build task 查询 Asset Bundle ---- (2ms)
2025-3-1 23:54:53-debug: run build task 查询 Asset Bundle success in 2 ms√, progress: 10%
2025-3-1 23:54:53-debug: // ---- build task 整理部分构建选项内数据到 settings.json ----
2025-3-1 23:54:53-debug: [Build Memory track]: 查询 Asset Bundle start:174.91MB, end 175.01MB, increase: 105.20KB
2025-3-1 23:54:53-debug: 整理部分构建选项内数据到 settings.json start, progress: 10%
2025-3-1 23:54:53-debug: // ---- build task 整理部分构建选项内数据到 settings.json ---- (1ms)
2025-3-1 23:54:53-debug: run build task 整理部分构建选项内数据到 settings.json success in 1 ms√, progress: 12%
2025-3-1 23:54:53-debug: 填充脚本数据到 settings.json start, progress: 12%
2025-3-1 23:54:53-debug: [Build Memory track]: 整理部分构建选项内数据到 settings.json start:175.04MB, end 175.06MB, increase: 22.68KB
2025-3-1 23:54:53-debug: // ---- build task 填充脚本数据到 settings.json ----
2025-3-1 23:54:54-debug: // ---- build task 填充脚本数据到 settings.json ---- (8ms)
2025-3-1 23:54:54-debug: run build task 填充脚本数据到 settings.json success in 8 ms√, progress: 13%
2025-3-1 23:54:54-debug: // ---- build task 整理部分构建选项内数据到 settings.json ----
2025-3-1 23:54:54-debug: 整理部分构建选项内数据到 settings.json start, progress: 13%
2025-3-1 23:54:54-debug: [Build Memory track]: 填充脚本数据到 settings.json start:175.09MB, end 175.11MB, increase: 25.26KB
2025-3-1 23:54:54-debug: // ---- build task 整理部分构建选项内数据到 settings.json ---- (2ms)
2025-3-1 23:54:54-debug: run build task 整理部分构建选项内数据到 settings.json success in 2 ms√, progress: 15%
2025-3-1 23:54:54-debug: [Build Memory track]: 整理部分构建选项内数据到 settings.json start:175.14MB, end 174.56MB, increase: -586.45KB
2025-3-1 23:54:56-debug: refresh db internal success
2025-3-1 23:54:56-debug: refresh db assets success
2025-3-1 23:54:56-debug: Run asset db hook engine-extends:afterRefresh ...
2025-3-1 23:54:56-debug: Run asset db hook engine-extends:afterRefresh success!
2025-3-1 23:54:56-debug: asset-db:refresh-all-database (43ms)
2025-3-1 23:54:56-debug: asset-db:worker-effect-data-processing (1ms)
2025-3-1 23:54:56-debug: asset-db-hook-engine-extends-afterRefresh (1ms)
2025-3-1 23:55:18-debug: %cImport%c: /Users/mac20211105/NewProject_2/assets/scene.scenebackground: #aaff85; color: #000;color: #000;
2025-3-1 23:55:18-debug: asset-db:reimport-assetdd81a3cb-8e86-4fc4-ae5e-7c838407a2e0 (8ms)
2025-3-1 23:55:19-debug: Query all assets info in project
2025-3-1 23:55:19-debug: init custom config: keepNodeUuid: false, useCache: true
2025-3-1 23:55:19-debug: 查询 Asset Bundle start, progress: 0%
2025-3-1 23:55:19-debug: // ---- build task 查询 Asset Bundle ----
2025-3-1 23:55:19-debug: Query preload assets/scripts from cc.config.json: 60f7195c-ec2a-45eb-ba94-8955f60e81d0,1c02ae6f-4492-4915-b8f8-7492a3b1e4cd,810e96e4-e456-4468-9b59-f4e8f39732c0,efe8e2a3-eace-427b-b4f1-cb8a937ec77d,e9aa9a3e-5b2b-4ac7-a2c7-073de2b2b24f,8bbdbcdd-5cd4-4100-b6d5-b7c9625b6107,50f4348b-c883-4e2f-8f11-ce233b859fa1,fda095cb-831d-4601-ad94-846013963de8,f92806d7-1768-443f-afe8-12bcde84d0f0,dd3a144d-ab7f-41f0-82b8-2e43a090d496,f0416e68-0200-4b77-a926-4f9d16e494da,970b0598-bcb0-4714-91fb-2e81440dccd8,bcd64cc6-2dd9-43f6-abbe-66318d332032,d930590d-bb92-4cc8-8bd1-23cd027f9edf,a3cd009f-0ab0-420d-9278-b9fdab939bbc,6a2d0734-bd9e-4ddf-946e-caa52498cb75,c27215d8-6835-4b68-bfbb-bdeac6100c04,b5d6115f-0370-4d7c-aad3-c194cc71cf98,871c3b6c-7379-419d-bda3-794b239ab90d,ff9b0199-ce04-4cfe-86cc-6c719f08d6e4,de1c2107-70c8-4021-8459-6399f24d01c6,cbf30902-517f-40dc-af90-a550bac27cf1
2025-3-1 23:55:19-debug:   Number of all scenes: 2
2025-3-1 23:55:19-debug:   Number of all scripts: 6
2025-3-1 23:55:19-debug:   Number of other assets: 498
2025-3-1 23:55:19-debug: // ---- build task 查询 Asset Bundle ---- (3ms)
2025-3-1 23:55:19-debug: run build task 查询 Asset Bundle success in 3 ms√, progress: 5%
2025-3-1 23:55:19-debug: [Build Memory track]: 查询 Asset Bundle start:175.70MB, end 175.46MB, increase: -248.94KB
2025-3-1 23:55:19-debug: 查询 Asset Bundle start, progress: 5%
2025-3-1 23:55:19-debug: // ---- build task 查询 Asset Bundle ----
2025-3-1 23:55:19-debug: // ---- build task 查询 Asset Bundle ---- (1ms)
2025-3-1 23:55:19-debug: 整理部分构建选项内数据到 settings.json start, progress: 10%
2025-3-1 23:55:19-debug: [Build Memory track]: 查询 Asset Bundle start:175.48MB, end 175.59MB, increase: 107.94KB
2025-3-1 23:55:19-debug: run build task 查询 Asset Bundle success in 1 ms√, progress: 10%
2025-3-1 23:55:19-debug: // ---- build task 整理部分构建选项内数据到 settings.json ----
2025-3-1 23:55:19-debug: run build task 整理部分构建选项内数据到 settings.json success in √, progress: 12%
2025-3-1 23:55:19-debug: [Build Memory track]: 整理部分构建选项内数据到 settings.json start:175.61MB, end 175.63MB, increase: 17.64KB
2025-3-1 23:55:19-debug: // ---- build task 填充脚本数据到 settings.json ----
2025-3-1 23:55:19-debug: 填充脚本数据到 settings.json start, progress: 12%
2025-3-1 23:55:19-debug: // ---- build task 填充脚本数据到 settings.json ---- (1ms)
2025-3-1 23:55:19-debug: run build task 填充脚本数据到 settings.json success in 1 ms√, progress: 13%
2025-3-1 23:55:19-debug: [Build Memory track]: 填充脚本数据到 settings.json start:175.66MB, end 175.68MB, increase: 23.41KB
2025-3-1 23:55:19-debug: // ---- build task 整理部分构建选项内数据到 settings.json ----
2025-3-1 23:55:19-debug: 整理部分构建选项内数据到 settings.json start, progress: 13%
2025-3-1 23:55:19-debug: // ---- build task 整理部分构建选项内数据到 settings.json ---- (3ms)
2025-3-1 23:55:19-debug: run build task 整理部分构建选项内数据到 settings.json success in 3 ms√, progress: 15%
2025-3-1 23:55:19-debug: [Build Memory track]: 整理部分构建选项内数据到 settings.json start:175.70MB, end 175.83MB, increase: 131.25KB
2025-3-1 23:55:19-debug: Query all assets info in project
2025-3-1 23:55:19-debug: init custom config: keepNodeUuid: false, useCache: true
2025-3-1 23:55:19-debug: 查询 Asset Bundle start, progress: 0%
2025-3-1 23:55:19-debug: // ---- build task 查询 Asset Bundle ----
2025-3-1 23:55:19-debug: Query preload assets/scripts from cc.config.json: 60f7195c-ec2a-45eb-ba94-8955f60e81d0,1c02ae6f-4492-4915-b8f8-7492a3b1e4cd,810e96e4-e456-4468-9b59-f4e8f39732c0,efe8e2a3-eace-427b-b4f1-cb8a937ec77d,e9aa9a3e-5b2b-4ac7-a2c7-073de2b2b24f,8bbdbcdd-5cd4-4100-b6d5-b7c9625b6107,50f4348b-c883-4e2f-8f11-ce233b859fa1,fda095cb-831d-4601-ad94-846013963de8,f92806d7-1768-443f-afe8-12bcde84d0f0,dd3a144d-ab7f-41f0-82b8-2e43a090d496,f0416e68-0200-4b77-a926-4f9d16e494da,970b0598-bcb0-4714-91fb-2e81440dccd8,bcd64cc6-2dd9-43f6-abbe-66318d332032,d930590d-bb92-4cc8-8bd1-23cd027f9edf,a3cd009f-0ab0-420d-9278-b9fdab939bbc,6a2d0734-bd9e-4ddf-946e-caa52498cb75,c27215d8-6835-4b68-bfbb-bdeac6100c04,b5d6115f-0370-4d7c-aad3-c194cc71cf98,871c3b6c-7379-419d-bda3-794b239ab90d,ff9b0199-ce04-4cfe-86cc-6c719f08d6e4,de1c2107-70c8-4021-8459-6399f24d01c6,cbf30902-517f-40dc-af90-a550bac27cf1
2025-3-1 23:55:19-debug:   Number of all scenes: 2
2025-3-1 23:55:19-debug:   Number of all scripts: 6
2025-3-1 23:55:19-debug:   Number of other assets: 498
2025-3-1 23:55:19-debug: // ---- build task 查询 Asset Bundle ---- (2ms)
2025-3-1 23:55:19-debug: run build task 查询 Asset Bundle success in 2 ms√, progress: 5%
2025-3-1 23:55:19-debug: [Build Memory track]: 查询 Asset Bundle start:175.40MB, end 175.25MB, increase: -158.72KB
2025-3-1 23:55:19-debug: 查询 Asset Bundle start, progress: 5%
2025-3-1 23:55:19-debug: // ---- build task 查询 Asset Bundle ----
2025-3-1 23:55:19-debug: // ---- build task 查询 Asset Bundle ---- (1ms)
2025-3-1 23:55:19-debug: // ---- build task 整理部分构建选项内数据到 settings.json ----
2025-3-1 23:55:19-debug: run build task 查询 Asset Bundle success in 1 ms√, progress: 10%
2025-3-1 23:55:19-debug: 整理部分构建选项内数据到 settings.json start, progress: 10%
2025-3-1 23:55:19-debug: [Build Memory track]: 查询 Asset Bundle start:175.27MB, end 175.38MB, increase: 105.70KB
2025-3-1 23:55:19-debug: run build task 整理部分构建选项内数据到 settings.json success in √, progress: 12%
2025-3-1 23:55:19-debug: [Build Memory track]: 整理部分构建选项内数据到 settings.json start:175.40MB, end 175.42MB, increase: 16.67KB
2025-3-1 23:55:19-debug: 填充脚本数据到 settings.json start, progress: 12%
2025-3-1 23:55:19-debug: // ---- build task 填充脚本数据到 settings.json ----
2025-3-1 23:55:19-debug: run build task 填充脚本数据到 settings.json success in √, progress: 13%
2025-3-1 23:55:19-debug: [Build Memory track]: 填充脚本数据到 settings.json start:175.44MB, end 175.46MB, increase: 15.07KB
2025-3-1 23:55:19-debug: 整理部分构建选项内数据到 settings.json start, progress: 13%
2025-3-1 23:55:19-debug: // ---- build task 整理部分构建选项内数据到 settings.json ----
2025-3-1 23:55:19-debug: // ---- build task 整理部分构建选项内数据到 settings.json ---- (1ms)
2025-3-1 23:55:19-debug: [Build Memory track]: 整理部分构建选项内数据到 settings.json start:175.48MB, end 175.60MB, increase: 124.44KB
2025-3-1 23:55:19-debug: run build task 整理部分构建选项内数据到 settings.json success in 1 ms√, progress: 15%
2025-3-1 23:55:20-debug: Query all assets info in project
2025-3-1 23:55:20-debug: init custom config: keepNodeUuid: false, useCache: true
2025-3-1 23:55:20-debug: 查询 Asset Bundle start, progress: 0%
2025-3-1 23:55:20-debug: // ---- build task 查询 Asset Bundle ----
2025-3-1 23:55:20-debug: Query preload assets/scripts from cc.config.json: 60f7195c-ec2a-45eb-ba94-8955f60e81d0,1c02ae6f-4492-4915-b8f8-7492a3b1e4cd,810e96e4-e456-4468-9b59-f4e8f39732c0,efe8e2a3-eace-427b-b4f1-cb8a937ec77d,e9aa9a3e-5b2b-4ac7-a2c7-073de2b2b24f,8bbdbcdd-5cd4-4100-b6d5-b7c9625b6107,50f4348b-c883-4e2f-8f11-ce233b859fa1,fda095cb-831d-4601-ad94-846013963de8,f92806d7-1768-443f-afe8-12bcde84d0f0,dd3a144d-ab7f-41f0-82b8-2e43a090d496,f0416e68-0200-4b77-a926-4f9d16e494da,970b0598-bcb0-4714-91fb-2e81440dccd8,bcd64cc6-2dd9-43f6-abbe-66318d332032,d930590d-bb92-4cc8-8bd1-23cd027f9edf,a3cd009f-0ab0-420d-9278-b9fdab939bbc,6a2d0734-bd9e-4ddf-946e-caa52498cb75,c27215d8-6835-4b68-bfbb-bdeac6100c04,b5d6115f-0370-4d7c-aad3-c194cc71cf98,871c3b6c-7379-419d-bda3-794b239ab90d,ff9b0199-ce04-4cfe-86cc-6c719f08d6e4,de1c2107-70c8-4021-8459-6399f24d01c6,cbf30902-517f-40dc-af90-a550bac27cf1
2025-3-1 23:55:20-debug:   Number of all scenes: 2
2025-3-1 23:55:20-debug:   Number of other assets: 498
2025-3-1 23:55:20-debug:   Number of all scripts: 6
2025-3-1 23:55:20-debug: // ---- build task 查询 Asset Bundle ---- (4ms)
2025-3-1 23:55:20-debug: run build task 查询 Asset Bundle success in 4 ms√, progress: 5%
2025-3-1 23:55:20-debug: [Build Memory track]: 查询 Asset Bundle start:175.91MB, end 175.65MB, increase: -270.11KB
2025-3-1 23:55:20-debug: 查询 Asset Bundle start, progress: 5%
2025-3-1 23:55:20-debug: // ---- build task 查询 Asset Bundle ----
2025-3-1 23:55:20-debug: run build task 查询 Asset Bundle success in 2 ms√, progress: 10%
2025-3-1 23:55:20-debug: [Build Memory track]: 查询 Asset Bundle start:175.67MB, end 175.78MB, increase: 107.13KB
2025-3-1 23:55:20-debug: // ---- build task 整理部分构建选项内数据到 settings.json ----
2025-3-1 23:55:20-debug: 整理部分构建选项内数据到 settings.json start, progress: 10%
2025-3-1 23:55:20-debug: // ---- build task 查询 Asset Bundle ---- (2ms)
2025-3-1 23:55:20-debug: // ---- build task 整理部分构建选项内数据到 settings.json ---- (3ms)
2025-3-1 23:55:20-debug: run build task 整理部分构建选项内数据到 settings.json success in 3 ms√, progress: 12%
2025-3-1 23:55:20-debug: 整理部分构建选项内数据到 settings.json start, progress: 13%
2025-3-1 23:55:20-debug: [Build Memory track]: 填充脚本数据到 settings.json start:175.85MB, end 175.87MB, increase: 18.27KB
2025-3-1 23:55:20-debug: // ---- build task 填充脚本数据到 settings.json ----
2025-3-1 23:55:20-debug: // ---- build task 整理部分构建选项内数据到 settings.json ----
2025-3-1 23:55:20-debug: 填充脚本数据到 settings.json start, progress: 12%
2025-3-1 23:55:20-debug: run build task 填充脚本数据到 settings.json success in √, progress: 13%
2025-3-1 23:55:20-debug: [Build Memory track]: 整理部分构建选项内数据到 settings.json start:175.80MB, end 175.83MB, increase: 25.45KB
2025-3-1 23:55:20-debug: // ---- build task 整理部分构建选项内数据到 settings.json ---- (3ms)
2025-3-1 23:55:20-debug: [Build Memory track]: 整理部分构建选项内数据到 settings.json start:175.89MB, end 176.04MB, increase: 148.07KB
2025-3-1 23:55:20-debug: run build task 整理部分构建选项内数据到 settings.json success in 3 ms√, progress: 15%
2025-3-1 23:55:26-debug: refresh db internal success
2025-3-1 23:55:26-debug: refresh db assets success
2025-3-1 23:55:26-debug: Run asset db hook engine-extends:afterRefresh ...
2025-3-1 23:55:26-debug: Run asset db hook engine-extends:afterRefresh success!
2025-3-1 23:55:26-debug: asset-db:refresh-all-database (31ms)
2025-3-1 23:55:26-debug: asset-db:worker-effect-data-processing (1ms)
2025-3-1 23:55:26-debug: asset-db-hook-engine-extends-afterRefresh (1ms)
2025-3-1 23:55:27-debug: %cImport%c: /Users/mac20211105/NewProject_2/assets/scene.scenebackground: #aaff85; color: #000;color: #000;
2025-3-1 23:55:27-debug: asset-db:reimport-assetdd81a3cb-8e86-4fc4-ae5e-7c838407a2e0 (5ms)
2025-3-1 23:55:28-debug: Query all assets info in project
2025-3-1 23:55:28-debug: init custom config: keepNodeUuid: false, useCache: true
2025-3-1 23:55:28-debug: // ---- build task 查询 Asset Bundle ----
2025-3-1 23:55:28-debug: 查询 Asset Bundle start, progress: 0%
2025-3-1 23:55:28-debug: Query preload assets/scripts from cc.config.json: 60f7195c-ec2a-45eb-ba94-8955f60e81d0,1c02ae6f-4492-4915-b8f8-7492a3b1e4cd,810e96e4-e456-4468-9b59-f4e8f39732c0,efe8e2a3-eace-427b-b4f1-cb8a937ec77d,e9aa9a3e-5b2b-4ac7-a2c7-073de2b2b24f,8bbdbcdd-5cd4-4100-b6d5-b7c9625b6107,50f4348b-c883-4e2f-8f11-ce233b859fa1,fda095cb-831d-4601-ad94-846013963de8,f92806d7-1768-443f-afe8-12bcde84d0f0,dd3a144d-ab7f-41f0-82b8-2e43a090d496,f0416e68-0200-4b77-a926-4f9d16e494da,970b0598-bcb0-4714-91fb-2e81440dccd8,bcd64cc6-2dd9-43f6-abbe-66318d332032,d930590d-bb92-4cc8-8bd1-23cd027f9edf,a3cd009f-0ab0-420d-9278-b9fdab939bbc,6a2d0734-bd9e-4ddf-946e-caa52498cb75,c27215d8-6835-4b68-bfbb-bdeac6100c04,b5d6115f-0370-4d7c-aad3-c194cc71cf98,871c3b6c-7379-419d-bda3-794b239ab90d,ff9b0199-ce04-4cfe-86cc-6c719f08d6e4,de1c2107-70c8-4021-8459-6399f24d01c6,cbf30902-517f-40dc-af90-a550bac27cf1
2025-3-1 23:55:28-debug:   Number of all scenes: 2
2025-3-1 23:55:28-debug:   Number of all scripts: 6
2025-3-1 23:55:28-debug:   Number of other assets: 498
2025-3-1 23:55:28-debug: // ---- build task 查询 Asset Bundle ---- (2ms)
2025-3-1 23:55:28-debug: [Build Memory track]: 查询 Asset Bundle start:176.65MB, end 176.75MB, increase: 102.00KB
2025-3-1 23:55:28-debug: // ---- build task 查询 Asset Bundle ----
2025-3-1 23:55:28-debug: run build task 查询 Asset Bundle success in 2 ms√, progress: 5%
2025-3-1 23:55:28-debug: 查询 Asset Bundle start, progress: 5%
2025-3-1 23:55:28-debug: // ---- build task 查询 Asset Bundle ---- (1ms)
2025-3-1 23:55:28-debug: 整理部分构建选项内数据到 settings.json start, progress: 10%
2025-3-1 23:55:28-debug: [Build Memory track]: 查询 Asset Bundle start:176.45MB, end 176.55MB, increase: 105.28KB
2025-3-1 23:55:28-debug: // ---- build task 整理部分构建选项内数据到 settings.json ----
2025-3-1 23:55:28-debug: run build task 查询 Asset Bundle success in 1 ms√, progress: 10%
2025-3-1 23:55:28-debug: // ---- build task 整理部分构建选项内数据到 settings.json ---- (1ms)
2025-3-1 23:55:28-debug: run build task 整理部分构建选项内数据到 settings.json success in 1 ms√, progress: 12%
2025-3-1 23:55:28-debug: [Build Memory track]: 整理部分构建选项内数据到 settings.json start:176.57MB, end 176.60MB, increase: 24.36KB
2025-3-1 23:55:28-debug: // ---- build task 填充脚本数据到 settings.json ----
2025-3-1 23:55:28-debug: 填充脚本数据到 settings.json start, progress: 12%
2025-3-1 23:55:28-debug: run build task 填充脚本数据到 settings.json success in √, progress: 13%
2025-3-1 23:55:28-debug: [Build Memory track]: 填充脚本数据到 settings.json start:176.62MB, end 176.64MB, increase: 15.61KB
2025-3-1 23:55:28-debug: 整理部分构建选项内数据到 settings.json start, progress: 13%
2025-3-1 23:55:28-debug: // ---- build task 整理部分构建选项内数据到 settings.json ----
2025-3-1 23:55:28-debug: // ---- build task 整理部分构建选项内数据到 settings.json ---- (2ms)
2025-3-1 23:55:28-debug: run build task 整理部分构建选项内数据到 settings.json success in 2 ms√, progress: 15%
2025-3-1 23:55:28-debug: [Build Memory track]: 整理部分构建选项内数据到 settings.json start:176.66MB, end 176.78MB, increase: 122.58KB
