2025-3-29 15:43:46-debug: start **** info
2025-3-29 15:43:46-log: Cannot access game frame or container.
2025-3-29 15:43:47-debug: asset-db:require-engine-code (1088ms)
2025-3-29 15:43:47-log: meshopt wasm decoder initialized
2025-3-29 15:43:47-log: [bullet]:bullet wasm lib loaded.
2025-3-29 15:43:47-log: [box2d]:box2d wasm lib loaded.
2025-3-29 15:43:47-log: Cocos Creator v3.8.5
2025-3-29 15:43:47-log: Using legacy pipeline
2025-3-29 15:43:50-debug: [Assets Memory track]: asset-db-plugin-register: builder start:87.89MB, end 146.11MB, increase: 58.22MB
2025-3-29 15:43:50-debug: [Assets Memory track]: asset-db-plugin-register: engine-extends start:146.31MB, end 149.14MB, increase: 2.83MB
2025-3-29 15:43:50-debug: [Assets Memory track]: asset-db-plugin-register: project start:80.05MB, end 149.21MB, increase: 69.15MB
2025-3-29 15:43:50-debug: [Assets Memory track]: asset-db:worker-init: initPlugin start:79.36MB, end 149.23MB, increase: 69.87MB
2025-3-29 15:43:47-debug: [Assets Memory track]: asset-db:worker-init: initEngine start:29.41MB, end 79.34MB, increase: 49.93MB
2025-3-29 15:43:47-debug: [Assets Memory track]: asset-db-plugin-register: programming start:80.18MB, end 87.87MB, increase: 7.69MB
2025-3-29 15:43:47-log: Forward render pipeline initialized.
2025-3-29 15:43:50-debug: asset-db:worker-init: initPlugin (3264ms)
2025-3-29 15:43:50-debug: [Assets Memory track]: asset-db:worker-init start:29.40MB, end 144.34MB, increase: 114.94MB
2025-3-29 15:43:50-debug: Run asset db hook engine-extends:beforePreStart success!
2025-3-29 15:43:50-debug: Run asset db hook programming:beforePreStart ...
2025-3-29 15:43:50-debug: Run asset db hook programming:beforePreStart success!
2025-3-29 15:43:50-debug: Run asset db hook engine-extends:beforePreStart ...
2025-3-29 15:43:50-debug: asset-db:worker-init (4483ms)
2025-3-29 15:43:50-debug: asset-db-hook-programming-beforePreStart (54ms)
2025-3-29 15:43:50-debug: asset-db-hook-engine-extends-beforePreStart (55ms)
2025-3-29 15:43:51-debug: Preimport db internal success
2025-3-29 15:43:51-debug: Preimport db assets success
2025-3-29 15:43:51-debug: Run asset db hook programming:afterPreStart ...
2025-3-29 15:43:51-debug: starting packer-driver...
2025-3-29 15:43:51-debug: initialize scripting environment...
2025-3-29 15:43:51-debug: [[Executor]] prepare before lock
2025-3-29 15:43:51-debug: Set detail map pack:///resolution-detail-map.json: {}
2025-3-29 15:43:51-debug: [[Executor]] prepare after unlock
2025-3-29 15:43:51-debug: [Assets Memory track]: asset-db:worker-init: preStart start:144.35MB, end 147.77MB, increase: 3.42MB
2025-3-29 15:43:51-debug: Start up the 'internal' database...
2025-3-29 15:43:51-debug: Run asset db hook engine-extends:afterPreStart success!
2025-3-29 15:43:51-debug: Run asset db hook programming:afterPreStart success!
2025-3-29 15:43:51-debug: Run asset db hook engine-extends:afterPreStart ...
2025-3-29 15:43:51-debug: asset-db-hook-programming-afterPreStart (366ms)
2025-3-29 15:43:51-debug: asset-db:worker-effect-data-processing (220ms)
2025-3-29 15:43:51-debug: asset-db-hook-engine-extends-afterPreStart (220ms)
2025-3-29 15:43:51-debug: [Assets Memory track]: asset-db:worker-startup-database[internal] start:144.43MB, end 161.75MB, increase: 17.32MB
2025-3-29 15:43:51-debug: Start up the 'assets' database...
2025-3-29 15:43:51-debug: asset-db:worker-startup-database[internal] (502ms)
2025-3-29 15:43:51-debug: [Assets Memory track]: asset-db:worker-startup-database[assets] start:146.83MB, end 163.24MB, increase: 16.40MB
2025-3-29 15:43:51-debug: [Assets Memory track]: asset-db:worker-init: startup start:147.78MB, end 163.25MB, increase: 15.47MB
2025-3-29 15:43:51-debug: lazy register asset handler json
2025-3-29 15:43:51-debug: lazy register asset handler spine-data
2025-3-29 15:43:51-debug: lazy register asset handler dragonbones
2025-3-29 15:43:51-debug: lazy register asset handler dragonbones-atlas
2025-3-29 15:43:51-debug: lazy register asset handler terrain
2025-3-29 15:43:51-debug: lazy register asset handler javascript
2025-3-29 15:43:51-debug: lazy register asset handler typescript
2025-3-29 15:43:51-debug: lazy register asset handler scene
2025-3-29 15:43:51-debug: lazy register asset handler prefab
2025-3-29 15:43:51-debug: lazy register asset handler sprite-frame
2025-3-29 15:43:51-debug: lazy register asset handler tiled-map
2025-3-29 15:43:51-debug: lazy register asset handler buffer
2025-3-29 15:43:51-debug: lazy register asset handler image
2025-3-29 15:43:51-debug: lazy register asset handler sign-image
2025-3-29 15:43:51-debug: lazy register asset handler alpha-image
2025-3-29 15:43:51-debug: lazy register asset handler texture
2025-3-29 15:43:51-debug: lazy register asset handler texture-cube
2025-3-29 15:43:51-debug: lazy register asset handler erp-texture-cube
2025-3-29 15:43:51-debug: lazy register asset handler render-texture
2025-3-29 15:43:51-debug: lazy register asset handler texture-cube-face
2025-3-29 15:43:51-debug: lazy register asset handler rt-sprite-frame
2025-3-29 15:43:51-debug: lazy register asset handler gltf
2025-3-29 15:43:51-debug: lazy register asset handler gltf-mesh
2025-3-29 15:43:51-debug: lazy register asset handler gltf-animation
2025-3-29 15:43:51-debug: lazy register asset handler gltf-skeleton
2025-3-29 15:43:51-debug: lazy register asset handler gltf-material
2025-3-29 15:43:51-debug: lazy register asset handler gltf-scene
2025-3-29 15:43:51-debug: lazy register asset handler gltf-embeded-image
2025-3-29 15:43:51-debug: lazy register asset handler fbx
2025-3-29 15:43:51-debug: lazy register asset handler material
2025-3-29 15:43:51-debug: lazy register asset handler physics-material
2025-3-29 15:43:51-debug: lazy register asset handler effect
2025-3-29 15:43:51-debug: lazy register asset handler effect-header
2025-3-29 15:43:51-debug: lazy register asset handler audio-clip
2025-3-29 15:43:51-debug: lazy register asset handler animation-clip
2025-3-29 15:43:51-debug: lazy register asset handler animation-graph
2025-3-29 15:43:51-debug: lazy register asset handler animation-graph-variant
2025-3-29 15:43:51-debug: lazy register asset handler animation-mask
2025-3-29 15:43:51-debug: lazy register asset handler ttf-font
2025-3-29 15:43:51-debug: lazy register asset handler bitmap-font
2025-3-29 15:43:51-debug: lazy register asset handler particle
2025-3-29 15:43:51-debug: lazy register asset handler sprite-atlas
2025-3-29 15:43:51-debug: lazy register asset handler auto-atlas
2025-3-29 15:43:51-debug: lazy register asset handler label-atlas
2025-3-29 15:43:51-debug: lazy register asset handler render-pipeline
2025-3-29 15:43:51-debug: lazy register asset handler render-stage
2025-3-29 15:43:51-debug: lazy register asset handler render-flow
2025-3-29 15:43:51-debug: lazy register asset handler instantiation-material
2025-3-29 15:43:51-debug: lazy register asset handler instantiation-mesh
2025-3-29 15:43:51-debug: lazy register asset handler instantiation-skeleton
2025-3-29 15:43:51-debug: lazy register asset handler instantiation-animation
2025-3-29 15:43:51-debug: lazy register asset handler directory
2025-3-29 15:43:51-debug: lazy register asset handler *
2025-3-29 15:43:51-debug: lazy register asset handler text
2025-3-29 15:43:51-debug: lazy register asset handler video-clip
2025-3-29 15:43:51-debug: asset-db:worker-startup-database[assets] (457ms)
2025-3-29 15:43:51-debug: asset-db:start-database (536ms)
2025-3-29 15:43:51-debug: asset-db:ready (6762ms)
2025-3-29 15:43:51-debug: init worker message success
2025-3-29 15:43:51-debug: programming:execute-script (4ms)
2025-3-29 15:43:51-debug: [Build Memory track]: builder:worker-init start:161.08MB, end 173.49MB, increase: 12.40MB
2025-3-29 15:43:51-debug: builder:worker-init (310ms)
2025-3-29 15:44:27-debug: refresh db internal success
2025-3-29 15:44:27-debug: refresh db assets success
2025-3-29 15:44:27-debug: Run asset db hook engine-extends:afterRefresh ...
2025-3-29 15:44:27-debug: Run asset db hook engine-extends:afterRefresh success!
2025-3-29 15:44:27-debug: asset-db:refresh-all-database (39ms)
2025-3-29 15:44:27-debug: asset-db:worker-effect-data-processing (1ms)
2025-3-29 15:44:27-debug: asset-db-hook-engine-extends-afterRefresh (1ms)
2025-3-29 15:44:36-debug: refresh db internal success
2025-3-29 15:44:36-debug: refresh db assets success
2025-3-29 15:44:36-debug: Run asset db hook engine-extends:afterRefresh ...
2025-3-29 15:44:36-debug: Run asset db hook engine-extends:afterRefresh success!
2025-3-29 15:44:36-debug: asset-db:refresh-all-database (29ms)
2025-3-29 15:44:36-debug: asset-db:worker-effect-data-processing (1ms)
2025-3-29 15:44:36-debug: asset-db-hook-engine-extends-afterRefresh (2ms)
